Microsoft (R) Macro Assembler Version 6.14.8444		    09/12/18 18:09:11
a.asm							     Page 1 - 1


				include console.inc
			      C .NOLIST
			      C .LIST
			      C ; Исключение из списка служебных слов
			      C option NoKeyWord: <c name str>
			      C 
			      C 
			      C 
			      C ;include masm32.inc
			      C 
			      C    includelib masm32.lib
			      C    includelib user32.lib
			      C    includelib kernel32.lib
			      C    includelib msvcrt.lib
			      C    includelib io_proc.lib
			      C    
			      C 

				COMMENT *
				   Ввод целого числа и вывод суммы его цифр
				*

				Rec record a:31,b:1

 = 80000000			MaxLongint equ 80000000h
				M macro
				  local K
				  K=0
				  K=K+1
				  outintln K
				  endm

 00000019			_DATA  segment para public 'DATA'
 00000019 00000000		   X   dd ?
 0000001D 00			   Sum db ?; Сумма цифр
 0000001E 01			   Y   sbyte 1
 0000001F FFFF			 Xesp  dw 0FFFFh
 00000021 00			   Z   byte ?
 00000022 41 53 44 46 47	   T   db "ASDFGHJKL",0
	   48 4A 4B 4C 00
 0000002C 00			   FZF db ?
 0000002D 00			   FSF db ?
 0000002E 00			   FCF db ?
 0000002F 00			   FOF db ?
 00000030			_DATA  ends

 00000000			_TEXT  segment para public 'CODE'
 00000000			Start:
 00000000  66| B9 FF02		mov	cx,-254
 00000004  66| 8B C1		mov	ax,cx
 00000007  F6 EC		imul	ah
 00000009  66| D3 E0		shl	ax,cl
 0000000C  66| D1 E0		shl	ax,1
				outint ax
				exit
				   GotoXY 10,10
				   Pause    'Начнём, пожалуй...'
				   ConsoleTitle "   Ввод целого числа, вывод суммы его цифр"
 000001AB			Begin:
				   clrscr
				   newline 2
 00000324  C6 05 0000001D R	   mov   Sum,0
	   00
				   outstr 'Введите целое X='
				   inintln X
 00000397  0F 83 000000F0	   jnc   @F
				   outstrln 'Слишком большое число!'
 00000488  E9 00000309		   jmp   Next
 0000048D  0F 85 000000ED	@@:jnz   @F
 00000493  9C			   pushfd
				   outstrln 'Введено число меньше нуля!'
 0000057F  9D			   popfd
 00000580  0F 89 000000EB	@@:jns   @F
				   outstrln 'Плохой конец лексемы целого числа!'
 00000671  BB 0000000A		@@:mov   ebx,10
 00000676  A1 00000019 R	   mov   eax,X
 0000067B  99			L: cdq
 0000067C  F7 FB		   idiv  ebx
 0000067E  F7 DA		L1:neg   edx
 00000680  78 FC		   js    L1; edx:=abs(edx)
 00000682  00 15 0000001D R	   add   Sum,dl; Sum:=Sum+цифра
 00000688  83 F8 00		   cmp   eax,0
 0000068B  75 EE		   jne   L
				   outwordln Sum,,"Сумма цифр="

 00000796			Next:
				   MsgBox "Конец программы","Желаете ещё раз?",  \
				          MB_YESNO+MB_ICONQUESTION
 0000080C  83 F8 06		   cmp   eax,IDYES
				   outwordln eax,,'EAX='
 00000913  0F 84 FFFFF892	   je    Begin

				   exit
 00000921			_TEXT  ends
				   end Start
Microsoft (R) Macro Assembler Version 6.14.8444		    09/12/18 18:09:11
a.asm							     Symbols 2 - 1




Macros:

                N a m e                 Type

??CheckStrToBuf  . . . . . . . .	Proc
??FindESP  . . . . . . . . . . .	Proc
??RestoreReg . . . . . . . . . .	Proc
??SaveReg  . . . . . . . . . . .	Proc
@inchar  . . . . . . . . . . . .	Func
@inintln . . . . . . . . . . . .	Func
@inint . . . . . . . . . . . . .	Func
@readkey . . . . . . . . . . . .	Func
ChagePageAttr  . . . . . . . . .	Proc
ClrScr . . . . . . . . . . . . .	Proc
ConsoleMode  . . . . . . . . . .	Proc
ConsoleTitle . . . . . . . . . .	Proc
DOS  . . . . . . . . . . . . . .	Func
DownloadFile . . . . . . . . . .	Proc
GetConsoleTitle  . . . . . . . .	Proc
HeapBlockSize  . . . . . . . . .	Proc
InputStr . . . . . . . . . . . .	Proc
MsgBox . . . . . . . . . . . . .	Proc
M  . . . . . . . . . . . . . . .	Proc
NewConsole . . . . . . . . . . .	Proc
OpenFile . . . . . . . . . . . .	Proc
OutFlags . . . . . . . . . . . .	Proc
RunExe . . . . . . . . . . . . .	Proc
SetScreenSize  . . . . . . . . .	Proc
SetTextAttr  . . . . . . . . . .	Proc
TotalHeapAllocated . . . . . . .	Proc
WhereX . . . . . . . . . . . . .	Proc
WhereY . . . . . . . . . . . . .	Proc
dispose  . . . . . . . . . . . .	Proc
exit . . . . . . . . . . . . . .	Proc
flush  . . . . . . . . . . . . .	Proc
gotoXY . . . . . . . . . . . . .	Proc
inchar . . . . . . . . . . . . .	Proc
inintln  . . . . . . . . . . . .	Proc
inint  . . . . . . . . . . . . .	Proc
newline  . . . . . . . . . . . .	Proc
new  . . . . . . . . . . . . . .	Proc
outcharln  . . . . . . . . . . .	Proc
outchar  . . . . . . . . . . . .	Proc
outdateln  . . . . . . . . . . .	Proc
outdate  . . . . . . . . . . . .	Proc
outintln . . . . . . . . . . . .	Proc
outint . . . . . . . . . . . . .	Proc
outnumln . . . . . . . . . . . .	Proc
outnum . . . . . . . . . . . . .	Proc
outstrln . . . . . . . . . . . .	Proc
outstr . . . . . . . . . . . . .	Proc
outtimeln  . . . . . . . . . . .	Proc
outtime  . . . . . . . . . . . .	Proc
outwordln  . . . . . . . . . . .	Proc
outword  . . . . . . . . . . . .	Proc
pause  . . . . . . . . . . . . .	Proc
readkey  . . . . . . . . . . . .	Proc


Structures and Unions:

                N a m e                  Size
                                         Offset      Type

CONSOLE_SCREEN_BUFFER_INFO . . .	 00000016
  dwSize . . . . . . . . . . . .	 00000000	 DWord
  dwCursorPosition . . . . . . .	 00000004	 DWord
  wAttributes  . . . . . . . . .	 00000008	 Word
  srWindow . . . . . . . . . . .	 0000000A	 QWord
  dwMaximumWindowSize  . . . . .	 00000012	 DWord
COORD  . . . . . . . . . . . . .	 00000004
  x  . . . . . . . . . . . . . .	 00000000	 Word
  y  . . . . . . . . . . . . . .	 00000002	 Word
SMALL_RECT . . . . . . . . . . .	 00000008
  Left . . . . . . . . . . . . .	 00000000	 Word
  Top  . . . . . . . . . . . . .	 00000002	 Word
  Right  . . . . . . . . . . . .	 00000004	 Word
  Bottom . . . . . . . . . . . .	 00000006	 Word
SystemTime . . . . . . . . . . .	 00000010
  wYear  . . . . . . . . . . . .	 00000000	 Word
  wMonth . . . . . . . . . . . .	 00000002	 Word
  wDayOfWeek . . . . . . . . . .	 00000004	 Word
  wDay . . . . . . . . . . . . .	 00000006	 Word
  wHour  . . . . . . . . . . . .	 00000008	 Word
  wMinute  . . . . . . . . . . .	 0000000A	 Word
  wSecond  . . . . . . . . . . .	 0000000C	 Word
  wMilliseconds  . . . . . . . .	 0000000E	 Word


Records:

                N a m e                  Width     # fields
                                         Shift     Width     Mask      Initial

Rec  . . . . . . . . . . . . . .	 00000020      00000002
  a  . . . . . . . . . . . . . .	 00000001      0000001F	     FFFFFFFE ?
  b  . . . . . . . . . . . . . .	 00000000      00000001	     00000001 ?


Types:

                N a m e                  Size     Attr

c_msvcrt . . . . . . . . . . . .	 00000004     CODE 


Segments and Groups:

                N a m e                 Size     Length   Align   Combine Class

FLAT . . . . . . . . . . . . . .	GROUP
STACK  . . . . . . . . . . . . .	32 Bit	 00001000 Para	  Stack	  'STACK'	 
_DATA  . . . . . . . . . . . . .	32 Bit	 00000DD2 Para	  Public  'DATA'	
_TEXT  . . . . . . . . . . . . .	32 Bit	 00000921 Para	  Public  'CODE'	


Procedures,  parameters and locals:

                N a m e                 Type     Value    Attr

CharToOemA . . . . . . . . . . .	P Near	 00000000 FLAT	Length= 00000000 External STDCALL
ClearScreen  . . . . . . . . . .	P Near	 00000000 FLAT	Length= 00000000 External STDCALL
CloseHandle  . . . . . . . . . .	P Near	 00000000 FLAT	Length= 00000000 External STDCALL
CreateFileA  . . . . . . . . . .	P Near	 00000000 FLAT	Length= 00000000 External STDCALL
ExitProcess  . . . . . . . . . .	P Near	 00000000 FLAT	Length= 00000000 External STDCALL
GetCommandLineA  . . . . . . . .	P Near	 00000000 FLAT	Length= 00000000 External STDCALL
GetConsoleScreenBufferInfo . . .	P Near	 00000000 FLAT	Length= 00000000 External STDCALL
GetConsoleTitleA . . . . . . . .	P Near	 00000000 FLAT	Length= 00000000 External STDCALL
GetModuleHandleA . . . . . . . .	P Near	 00000000 FLAT	Length= 00000000 External STDCALL
GetStdHandle . . . . . . . . . .	P Near	 00000000 FLAT	Length= 00000000 External STDCALL
GetSystemMetrics . . . . . . . .	P Near	 00000000 FLAT	Length= 00000000 External STDCALL
GetSystemTime  . . . . . . . . .	P Near	 00000000 FLAT	Length= 00000000 External STDCALL
GlobalAlloc  . . . . . . . . . .	P Near	 00000000 FLAT	Length= 00000000 External STDCALL
GlobalFree . . . . . . . . . . .	P Near	 00000000 FLAT	Length= 00000000 External STDCALL
GlobalSize . . . . . . . . . . .	P Near	 00000000 FLAT	Length= 00000000 External STDCALL
InternetGetConnectedState  . . .	P Near	 00000000 FLAT	Length= 00000000 External STDCALL
MessageBoxA  . . . . . . . . . .	P Near	 00000000 FLAT	Length= 00000000 External STDCALL
MessageBoxIndirectA  . . . . . .	P Near	 00000000 FLAT	Length= 00000000 External STDCALL
SetConsoleCursorPosition . . . .	P Near	 00000000 FLAT	Length= 00000000 External STDCALL
SetConsoleScreenBufferSize . . .	P Near	 00000000 FLAT	Length= 00000000 External STDCALL
SetConsoleTextAttribute  . . . .	P Near	 00000000 FLAT	Length= 00000000 External STDCALL
SetConsoleTitleA . . . . . . . .	P Near	 00000000 FLAT	Length= 00000000 External STDCALL
StdIn  . . . . . . . . . . . . .	P Near	 00000000 FLAT	Length= 00000000 External STDCALL
StdOut . . . . . . . . . . . . .	P Near	 00000000 FLAT	Length= 00000000 External STDCALL
URLDownloadToFileA . . . . . . .	P Near	 00000000 FLAT	Length= 00000000 External STDCALL
VirtualProtect . . . . . . . . .	P Near	 00000000 FLAT	Length= 00000000 External STDCALL
shell_ex . . . . . . . . . . . .	P Near	 00000000 FLAT	Length= 00000000 External STDCALL
shell  . . . . . . . . . . . . .	P Near	 00000000 FLAT	Length= 00000000 External STDCALL
wait_key . . . . . . . . . . . .	P Near	 00000000 FLAT	Length= 00000000 External STDCALL


Symbols:

                N a m e                 Type     Value    Attr

??0000 . . . . . . . . . . . . .	Number	 00000000h   
??0001 . . . . . . . . . . . . .	Number	 00000001h   
??0002 . . . . . . . . . . . . .	Number	 00000000h   
??0003 . . . . . . . . . . . . .	Byte	 00000030 _DATA	
??000B . . . . . . . . . . . . .	Number	 00000002h   
??000D . . . . . . . . . . . . .	Word	 00000033 _DATA	
??000E . . . . . . . . . . . . .	Byte	 00000038 _DATA	
??000F . . . . . . . . . . . . .	Text   	 "
??0010 . . . . . . . . . . . . .	Byte	 00000037 _DATA	
??0012 . . . . . . . . . . . . .	L Near	 000000A9 _TEXT	
??0013 . . . . . . . . . . . . .	Number	 00000000h   
??0014 . . . . . . . . . . . . .	Byte	 0000004B _DATA	
??0016 . . . . . . . . . . . . .	Byte	 0000004E _DATA	
??0017 . . . . . . . . . . . . .	Text   	 o
??0018 . . . . . . . . . . . . .	Byte	 0000004D _DATA	
??0019 . . . . . . . . . . . . .	L Near	 000000DB _TEXT	
??001A . . . . . . . . . . . . .	L Near	 00000111 _TEXT	
??001B . . . . . . . . . . . . .	Number	 00000000h   
??001C . . . . . . . . . . . . .	Byte	 00000116 _DATA	
??001E . . . . . . . . . . . . .	Byte	 00000119 _DATA	
??001F . . . . . . . . . . . . .	Text   	 o
??0020 . . . . . . . . . . . . .	Byte	 00000118 _DATA	
??0021 . . . . . . . . . . . . .	L Near	 00000136 _TEXT	
??0022 . . . . . . . . . . . . .	L Near	 0000016C _TEXT	
??0023 . . . . . . . . . . . . .	Byte	 000001E2 _DATA	
??0024 . . . . . . . . . . . . .	Text   	 "
??0025 . . . . . . . . . . . . .	Byte	 000001E1 _DATA	
??0027 . . . . . . . . . . . . .	L Near	 000001A1 _TEXT	
??0028 . . . . . . . . . . . . .	Number	 00000000h   
??0029 . . . . . . . . . . . . .	Byte	 0000020D _DATA	
??002B . . . . . . . . . . . . .	Byte	 00000210 _DATA	
??002C . . . . . . . . . . . . .	Text   	 o
??002D . . . . . . . . . . . . .	Byte	 0000020F _DATA	
??002E . . . . . . . . . . . . .	L Near	 000001D3 _TEXT	
??002F . . . . . . . . . . . . .	L Near	 00000209 _TEXT	
??0030 . . . . . . . . . . . . .	Number	 00000000h   
??0031 . . . . . . . . . . . . .	Byte	 000002D8 _DATA	
??0033 . . . . . . . . . . . . .	Byte	 000002DB _DATA	
??0034 . . . . . . . . . . . . .	Text   	 o
??0035 . . . . . . . . . . . . .	Byte	 000002DA _DATA	
??0036 . . . . . . . . . . . . .	L Near	 0000022E _TEXT	
??0037 . . . . . . . . . . . . .	L Near	 00000264 _TEXT	
??0038 . . . . . . . . . . . . .	Number	 00000000h   
??0039 . . . . . . . . . . . . .	Byte	 000003A3 _DATA	
??003B . . . . . . . . . . . . .	Byte	 000003A6 _DATA	
??003C . . . . . . . . . . . . .	Text   	 o
??003D . . . . . . . . . . . . .	Byte	 000003A5 _DATA	
??003E . . . . . . . . . . . . .	L Near	 00000289 _TEXT	
??003F . . . . . . . . . . . . .	L Near	 000002BF _TEXT	
??0040 . . . . . . . . . . . . .	Number	 00000000h   
??0041 . . . . . . . . . . . . .	Byte	 0000046E _DATA	
??0043 . . . . . . . . . . . . .	Byte	 00000471 _DATA	
??0044 . . . . . . . . . . . . .	Text   	 o
??0045 . . . . . . . . . . . . .	Byte	 00000470 _DATA	
??0046 . . . . . . . . . . . . .	L Near	 000002E4 _TEXT	
??0047 . . . . . . . . . . . . .	L Near	 0000031A _TEXT	
??0048 . . . . . . . . . . . . .	Byte	 0000053A _DATA	
??0049 . . . . . . . . . . . . .	Text   	 "
??004A . . . . . . . . . . . . .	Byte	 00000539 _DATA	
??004C . . . . . . . . . . . . .	L Near	 00000356 _TEXT	
??004D . . . . . . . . . . . . .	Number	 00000000h   
??004E . . . . . . . . . . . . .	DWord	 0000054B _DATA	
??004F . . . . . . . . . . . . .	Byte	 0000054F _DATA	
??0050 . . . . . . . . . . . . .	L Near	 0000037D _TEXT	
??0051 . . . . . . . . . . . . .	Byte	 00000551 _DATA	
??0052 . . . . . . . . . . . . .	Text   	 "
??0053 . . . . . . . . . . . . .	Byte	 00000550 _DATA	
??0055 . . . . . . . . . . . . .	L Near	 000003C8 _TEXT	
??0056 . . . . . . . . . . . . .	Number	 00000000h   
??0057 . . . . . . . . . . . . .	Byte	 00000568 _DATA	
??0059 . . . . . . . . . . . . .	Byte	 0000056B _DATA	
??005A . . . . . . . . . . . . .	Text   	 o
??005B . . . . . . . . . . . . .	Byte	 0000056A _DATA	
??005C . . . . . . . . . . . . .	L Near	 000003ED _TEXT	
??005D . . . . . . . . . . . . .	L Near	 00000423 _TEXT	
??005E . . . . . . . . . . . . .	Number	 00000000h   
??005F . . . . . . . . . . . . .	Byte	 00000633 _DATA	
??0061 . . . . . . . . . . . . .	Byte	 00000636 _DATA	
??0062 . . . . . . . . . . . . .	Text   	 o
??0063 . . . . . . . . . . . . .	Byte	 00000635 _DATA	
??0064 . . . . . . . . . . . . .	L Near	 00000448 _TEXT	
??0065 . . . . . . . . . . . . .	L Near	 0000047E _TEXT	
??0066 . . . . . . . . . . . . .	Byte	 000006FF _DATA	
??0067 . . . . . . . . . . . . .	Text   	 "
??0068 . . . . . . . . . . . . .	Byte	 000006FE _DATA	
??006A . . . . . . . . . . . . .	L Near	 000004BF _TEXT	
??006B . . . . . . . . . . . . .	Number	 00000000h   
??006C . . . . . . . . . . . . .	Byte	 0000071A _DATA	
??006E . . . . . . . . . . . . .	Byte	 0000071D _DATA	
??006F . . . . . . . . . . . . .	Text   	 o
??0070 . . . . . . . . . . . . .	Byte	 0000071C _DATA	
??0071 . . . . . . . . . . . . .	L Near	 000004E4 _TEXT	
??0072 . . . . . . . . . . . . .	L Near	 0000051A _TEXT	
??0073 . . . . . . . . . . . . .	Number	 00000000h   
??0074 . . . . . . . . . . . . .	Byte	 000007E5 _DATA	
??0076 . . . . . . . . . . . . .	Byte	 000007E8 _DATA	
??0077 . . . . . . . . . . . . .	Text   	 o
??0078 . . . . . . . . . . . . .	Byte	 000007E7 _DATA	
??0079 . . . . . . . . . . . . .	L Near	 0000053F _TEXT	
??007A . . . . . . . . . . . . .	L Near	 00000575 _TEXT	
??007B . . . . . . . . . . . . .	Byte	 000008B1 _DATA	
??007C . . . . . . . . . . . . .	Text   	 "
??007D . . . . . . . . . . . . .	Byte	 000008B0 _DATA	
??007F . . . . . . . . . . . . .	L Near	 000005B1 _TEXT	
??0080 . . . . . . . . . . . . .	Number	 00000000h   
??0081 . . . . . . . . . . . . .	Byte	 000008D4 _DATA	
??0083 . . . . . . . . . . . . .	Byte	 000008D7 _DATA	
??0084 . . . . . . . . . . . . .	Text   	 o
??0085 . . . . . . . . . . . . .	Byte	 000008D6 _DATA	
??0086 . . . . . . . . . . . . .	L Near	 000005D6 _TEXT	
??0087 . . . . . . . . . . . . .	L Near	 0000060C _TEXT	
??0088 . . . . . . . . . . . . .	Number	 00000000h   
??0089 . . . . . . . . . . . . .	Byte	 0000099F _DATA	
??008B . . . . . . . . . . . . .	Byte	 000009A2 _DATA	
??008C . . . . . . . . . . . . .	Text   	 o
??008D . . . . . . . . . . . . .	Byte	 000009A1 _DATA	
??008E . . . . . . . . . . . . .	L Near	 00000631 _TEXT	
??008F . . . . . . . . . . . . .	L Near	 00000667 _TEXT	
??0090 . . . . . . . . . . . . .	Number	 00000001h   
??0091 . . . . . . . . . . . . .	Number	 00000002h   
??0092 . . . . . . . . . . . . .	Number	 00000000h   
??0093 . . . . . . . . . . . . .	Byte	 00000A77 _DATA	
??009B . . . . . . . . . . . . .	Number	 00000001h   
??009D . . . . . . . . . . . . .	Byte	 00000A6B _DATA	
??009E . . . . . . . . . . . . .	Text   	 "
??009F . . . . . . . . . . . . .	Byte	 00000A6A _DATA	
??00A1 . . . . . . . . . . . . .	L Near	 000006B8 _TEXT	
??00A2 . . . . . . . . . . . . .	Number	 00000000h   
??00A3 . . . . . . . . . . . . .	Byte	 00000A7A _DATA	
??00A5 . . . . . . . . . . . . .	Byte	 00000A7D _DATA	
??00A6 . . . . . . . . . . . . .	Text   	 o
??00A7 . . . . . . . . . . . . .	Byte	 00000A7C _DATA	
??00A8 . . . . . . . . . . . . .	L Near	 000006FB _TEXT	
??00A9 . . . . . . . . . . . . .	L Near	 00000731 _TEXT	
??00AA . . . . . . . . . . . . .	Number	 00000000h   
??00AB . . . . . . . . . . . . .	Byte	 00000B45 _DATA	
??00AD . . . . . . . . . . . . .	Byte	 00000B48 _DATA	
??00AE . . . . . . . . . . . . .	Text   	 o
??00AF . . . . . . . . . . . . .	Byte	 00000B47 _DATA	
??00B0 . . . . . . . . . . . . .	L Near	 00000756 _TEXT	
??00B1 . . . . . . . . . . . . .	L Near	 0000078C _TEXT	
??00B8 . . . . . . . . . . . . .	Byte	 00000C11 _DATA	
??00B9 . . . . . . . . . . . . .	Text   	 "
??00BA . . . . . . . . . . . . .	Byte	 00000C10 _DATA	
??00BC . . . . . . . . . . . . .	L Near	 000007C7 _TEXT	
??00BD . . . . . . . . . . . . .	Byte	 00000C22 _DATA	
??00BE . . . . . . . . . . . . .	Text   	 "
??00BF . . . . . . . . . . . . .	Byte	 00000C21 _DATA	
??00C1 . . . . . . . . . . . . .	L Near	 000007EF _TEXT	
??00C2 . . . . . . . . . . . . .	Number	 00000001h   
??00C3 . . . . . . . . . . . . .	Number	 00000002h   
??00C4 . . . . . . . . . . . . .	Number	 00000000h   
??00C5 . . . . . . . . . . . . .	Byte	 00000C39 _DATA	
??00CD . . . . . . . . . . . . .	Number	 00000004h   
??00CF . . . . . . . . . . . . .	Byte	 00000C34 _DATA	
??00D0 . . . . . . . . . . . . .	Text   	 "
??00D1 . . . . . . . . . . . . .	Byte	 00000C33 _DATA	
??00D3 . . . . . . . . . . . . .	L Near	 0000083A _TEXT	
??00D4 . . . . . . . . . . . . .	Number	 00000000h   
??00D5 . . . . . . . . . . . . .	Byte	 00000C3C _DATA	
??00D7 . . . . . . . . . . . . .	Byte	 00000C3F _DATA	
??00D8 . . . . . . . . . . . . .	Text   	 o
??00D9 . . . . . . . . . . . . .	Byte	 00000C3E _DATA	
??00DA . . . . . . . . . . . . .	L Near	 00000878 _TEXT	
??00DB . . . . . . . . . . . . .	L Near	 000008AE _TEXT	
??00DC . . . . . . . . . . . . .	Number	 00000000h   
??00DD . . . . . . . . . . . . .	Byte	 00000D07 _DATA	
??00DF . . . . . . . . . . . . .	Byte	 00000D0A _DATA	
??00E0 . . . . . . . . . . . . .	Text   	 o
??00E1 . . . . . . . . . . . . .	Byte	 00000D09 _DATA	
??00E2 . . . . . . . . . . . . .	L Near	 000008D3 _TEXT	
??00E3 . . . . . . . . . . . . .	L Near	 00000909 _TEXT	
??CommonHeapElemSize . . . . . .	DWord	 00000004 _DATA	
??ConsoleMode  . . . . . . . . .	Byte	 00000008 _DATA	
??TotalHeapAllocated . . . . . .	DWord	 00000000 _DATA	
??sTime  . . . . . . . . . . . .	SystemTime  00000009 _DATA	
@CodeSize  . . . . . . . . . . .	Number	 00000000h   
@DataSize  . . . . . . . . . . .	Number	 00000000h   
@INCHAR  . . . . . . . . . . . .	Text   	 @inchar
@ININTLN . . . . . . . . . . . .	Text   	 @inintln
@ININT . . . . . . . . . . . . .	Text   	 @inint
@InChar  . . . . . . . . . . . .	Text   	 @inchar
@InInt . . . . . . . . . . . . .	Text   	 @inint
@Inchar  . . . . . . . . . . . .	Text   	 @inchar
@InintLn . . . . . . . . . . . .	Text   	 @inintln
@Inintln . . . . . . . . . . . .	Text   	 @inintln
@Inint . . . . . . . . . . . . .	Text   	 @inint
@Interface . . . . . . . . . . .	Number	 00000003h   
@Model . . . . . . . . . . . . .	Number	 00000007h   
@READKEY . . . . . . . . . . . .	Text   	 @readkey
@ReadKey . . . . . . . . . . . .	Text   	 @readkey
@code  . . . . . . . . . . . . .	Text   	 _TEXT
@data  . . . . . . . . . . . . .	Text   	 FLAT
@fardata?  . . . . . . . . . . .	Text   	 FLAT
@fardata . . . . . . . . . . . .	Text   	 FLAT
@stack . . . . . . . . . . . . .	Text   	 FLAT
AllocConsole@0 . . . . . . . . .	L Near	 00000000 FLAT	External STDCALL
Begin  . . . . . . . . . . . . .	L Near	 000001AB _TEXT	
Black  . . . . . . . . . . . . .	Number	 00000000h   
Blue . . . . . . . . . . . . . .	Number	 00000001h   
Bright . . . . . . . . . . . . .	Number	 00000008h   
Brown  . . . . . . . . . . . . .	Number	 00000006h   
CLRSCR . . . . . . . . . . . . .	Text   	 ClrScr
CREATE_ALWAYS  . . . . . . . . .	Number	 00000002h   
CREATE_NEW . . . . . . . . . . .	Number	 00000001h   
CharToOem  . . . . . . . . . . .	Text   	 CharToOemA
Cls  . . . . . . . . . . . . . .	Text   	 ClrScr
CreateFile . . . . . . . . . . .	Text   	 CreateFileA
Cyan . . . . . . . . . . . . . .	Number	 00000003h   
DISPOSE  . . . . . . . . . . . .	Text   	 dispose
DarkGray . . . . . . . . . . . .	Number	 00000008h   
Dispose  . . . . . . . . . . . .	Text   	 dispose
EXIT . . . . . . . . . . . . . .	Text   	 exit
Exit . . . . . . . . . . . . . .	Text   	 exit
FCF  . . . . . . . . . . . . . .	Byte	 0000002E _DATA	
FILE_ATTRIBUTE_ARCHIVE . . . . .	Number	 00000020h   
FILE_ATTRIBUTE_COMPRESSED  . . .	Number	 00000800h   
FILE_ATTRIBUTE_DIRECTORY . . . .	Number	 00000010h   
FILE_ATTRIBUTE_HIDDEN  . . . . .	Number	 00000002h   
FILE_ATTRIBUTE_NORMAL  . . . . .	Number	 00000080h   
FILE_ATTRIBUTE_READONLY  . . . .	Number	 00000001h   
FILE_ATTRIBUTE_SYSTEM  . . . . .	Number	 00000004h   
FILE_ATTRIBUTE_TEMPORARY . . . .	Number	 00000100h   
FLUSH  . . . . . . . . . . . . .	Text   	 flush
FOF  . . . . . . . . . . . . . .	Byte	 0000002F _DATA	
FSF  . . . . . . . . . . . . . .	Byte	 0000002D _DATA	
FZF  . . . . . . . . . . . . . .	Byte	 0000002C _DATA	
Flush  . . . . . . . . . . . . .	Text   	 flush
FreeConsole@0  . . . . . . . . .	L Near	 00000000 FLAT	External STDCALL
GENERIC_ALL  . . . . . . . . . .	Number	 10000000h   
GENERIC_EXECUTE  . . . . . . . .	Number	 20000000h   
GENERIC_READ . . . . . . . . . .	Number	 -80000000h   
GENERIC_WRITE  . . . . . . . . .	Number	 40000000h   
GMEM_FIXED . . . . . . . . . . .	Number	 00000000h   
GMEM_ZEROINIT  . . . . . . . . .	Number	 00000040h   
GOTOXY . . . . . . . . . . . . .	Text   	 gotoXY
GetCommandLine . . . . . . . . .	Text   	 GetCommandLineA
GetModuleHandle  . . . . . . . .	Text   	 GetModuleHandleA
GotoXY . . . . . . . . . . . . .	Text   	 gotoXY
Green  . . . . . . . . . . . . .	Number	 00000002h   
IDABORT  . . . . . . . . . . . .	Number	 00000003h   
IDCANCEL . . . . . . . . . . . .	Number	 00000002h   
IDIGNORE . . . . . . . . . . . .	Number	 00000005h   
IDNO . . . . . . . . . . . . . .	Number	 00000007h   
IDOK . . . . . . . . . . . . . .	Number	 00000001h   
IDRETRY  . . . . . . . . . . . .	Number	 00000004h   
IDYES  . . . . . . . . . . . . .	Number	 00000006h   
INCHAR . . . . . . . . . . . . .	Text   	 inchar
ININTLN  . . . . . . . . . . . .	Text   	 inintln
ININT  . . . . . . . . . . . . .	Text   	 inint
INPUTSTR . . . . . . . . . . . .	Text   	 InputStr
InChar . . . . . . . . . . . . .	Text   	 inchar
InInt  . . . . . . . . . . . . .	Text   	 inint
Inchar . . . . . . . . . . . . .	Text   	 inchar
InintLn  . . . . . . . . . . . .	Text   	 inintln
Inintln  . . . . . . . . . . . .	Text   	 inintln
Inint  . . . . . . . . . . . . .	Text   	 inint
L1 . . . . . . . . . . . . . . .	L Near	 0000067E _TEXT	
LANG_NEUTRAL . . . . . . . . . .	Number	 00000000h   
LightBlue  . . . . . . . . . . .	Number	 00000009h   
LightGray  . . . . . . . . . . .	Number	 00000007h   
LightGreen . . . . . . . . . . .	Number	 0000000Ah   
LightMagenta . . . . . . . . . .	Number	 0000000Dh   
LightRed . . . . . . . . . . . .	Number	 0000000Ch   
L  . . . . . . . . . . . . . . .	L Near	 0000067B _TEXT	
MB_ABORTRETRYIGNORE  . . . . . .	Number	 00000002h   
MB_CANCELTRYCONTINUE . . . . . .	Number	 00000006h   
MB_DEFBUTTON1  . . . . . . . . .	Number	 00000000h   
MB_DEFBUTTON2  . . . . . . . . .	Number	 00000100h   
MB_DEFBUTTON3  . . . . . . . . .	Number	 00000200h   
MB_DEFBUTTON4  . . . . . . . . .	Number	 00000300h   
MB_HELP  . . . . . . . . . . . .	Number	 00004000h   
MB_ICONASTERISK  . . . . . . . .	Number	 00000040h   
MB_ICONEXCLAMATION . . . . . . .	Number	 00000030h   
MB_ICONHAND  . . . . . . . . . .	Number	 00000008h   
MB_ICONQUESTION  . . . . . . . .	Number	 00000020h   
MB_ICONSTOP  . . . . . . . . . .	Number	 00000010h   
MB_OKCANCEL  . . . . . . . . . .	Number	 00000001h   
MB_OK  . . . . . . . . . . . . .	Number	 00000000h   
MB_RETRYCANCEL . . . . . . . . .	Number	 00000005h   
MB_RIGHT . . . . . . . . . . . .	Number	 00080000h   
MB_SYSTEMMODAL . . . . . . . . .	Number	 00001000h   
MB_USERICON  . . . . . . . . . .	Number	 00000080h   
MB_YESNOCANCEL . . . . . . . . .	Number	 00000003h   
MB_YESNO . . . . . . . . . . . .	Number	 00000004h   
MSGBOX . . . . . . . . . . . . .	Text   	 MsgBox
Magenta  . . . . . . . . . . . .	Number	 00000005h   
MaxLongint . . . . . . . . . . .	Number	 -80000000h   
MessageBoxIndirect . . . . . . .	Text   	 MessageBoxIndirectA
MessageBox . . . . . . . . . . .	Text   	 MessageBoxA
NEWLINE  . . . . . . . . . . . .	Text   	 newline
NEW  . . . . . . . . . . . . . .	Text   	 new
NULL . . . . . . . . . . . . . .	Number	 00000000h   
NewLine  . . . . . . . . . . . .	Text   	 newline
Newline  . . . . . . . . . . . .	Text   	 newline
New  . . . . . . . . . . . . . .	Text   	 new
Next . . . . . . . . . . . . . .	L Near	 00000796 _TEXT	
OPEN_ALWAYS  . . . . . . . . . .	Number	 00000004h   
OPEN_EXISTING  . . . . . . . . .	Number	 00000003h   
OUTCHARLN  . . . . . . . . . . .	Text   	 outcharln
OUTCHAR  . . . . . . . . . . . .	Text   	 outchar
OUTDATELN  . . . . . . . . . . .	Text   	 outdateln
OUTDATE  . . . . . . . . . . . .	Text   	 outdate
OUTINTLN . . . . . . . . . . . .	Text   	 outintln
OUTINT . . . . . . . . . . . . .	Text   	 outint
OUTSTRLN . . . . . . . . . . . .	Text   	 outstrln
OUTSTR . . . . . . . . . . . . .	Text   	 outstr
OUTTIMELN  . . . . . . . . . . .	Text   	 outtimeln
OUTTIME  . . . . . . . . . . . .	Text   	 outtime
OUTWORDLN  . . . . . . . . . . .	Text   	 outwordln
OUTWORD  . . . . . . . . . . . .	Text   	 outword
OutCharLn  . . . . . . . . . . .	Text   	 outcharln
OutCharln  . . . . . . . . . . .	Text   	 outcharln
OutChar  . . . . . . . . . . . .	Text   	 outchar
OutDateLn  . . . . . . . . . . .	Text   	 outdateln
OutDateln  . . . . . . . . . . .	Text   	 outdateln
OutDate  . . . . . . . . . . . .	Text   	 outdate
OutILn . . . . . . . . . . . . .	Text   	 outintln
OutIln . . . . . . . . . . . . .	Text   	 outintln
OutIntLn . . . . . . . . . . . .	Text   	 outintln
OutInt . . . . . . . . . . . . .	Text   	 outint
OutI . . . . . . . . . . . . . .	Text   	 outint
OutNumLn . . . . . . . . . . . .	Text   	 outnumln
OutNumln . . . . . . . . . . . .	Text   	 outnumln
OutNum . . . . . . . . . . . . .	Text   	 outnum
OutStrLn . . . . . . . . . . . .	Text   	 outstrln
OutStr . . . . . . . . . . . . .	Text   	 outstr
OutTimeLn  . . . . . . . . . . .	Text   	 outtimeln
OutTimeln  . . . . . . . . . . .	Text   	 outtimeln
OutTime  . . . . . . . . . . . .	Text   	 outtime
OutULn . . . . . . . . . . . . .	Text   	 outwordln
OutUln . . . . . . . . . . . . .	Text   	 outwordln
OutUnsignedLn  . . . . . . . . .	Text   	 outwordln
OutUnsignedln  . . . . . . . . .	Text   	 outwordln
OutUnsigned  . . . . . . . . . .	Text   	 outword
OutU . . . . . . . . . . . . . .	Text   	 outword
OutWordLn  . . . . . . . . . . .	Text   	 outwordln
OutWord  . . . . . . . . . . . .	Text   	 outword
OutintLn . . . . . . . . . . . .	Text   	 outintln
Outintln . . . . . . . . . . . .	Text   	 outintln
Outint . . . . . . . . . . . . .	Text   	 outint
OutstrLn . . . . . . . . . . . .	Text   	 outstrln
OutwordLn  . . . . . . . . . . .	Text   	 outwordln
Outword  . . . . . . . . . . . .	Text   	 outword
PAGE_EXECUTE_READWRITE . . . . .	Number	 00000040h   
PAGE_EXECUTE_READ  . . . . . . .	Number	 00000020h   
PAGE_EXECUTE_WRITECOPY . . . . .	Number	 00000080h   
PAGE_EXECUTE . . . . . . . . . .	Number	 00000010h   
PAGE_NOACCESS  . . . . . . . . .	Number	 00000001h   
PAGE_READONLY  . . . . . . . . .	Number	 00000002h   
PAGE_READWRITE . . . . . . . . .	Number	 00000004h   
PAGE_WRITECOPY . . . . . . . . .	Number	 00000008h   
PAUSE  . . . . . . . . . . . . .	Text   	 pause
Pause  . . . . . . . . . . . . .	Text   	 pause
READKEY  . . . . . . . . . . . .	Text   	 readkey
ReadKey  . . . . . . . . . . . .	Text   	 readkey
Red  . . . . . . . . . . . . . .	Number	 00000004h   
STD_ERROR_HANDLE . . . . . . . .	Number	 -0000000Ch   
STD_INPUT_HANDLE . . . . . . . .	Number	 -0000000Ah   
STD_OUTPUT_HANDLE  . . . . . . .	Number	 -0000000Bh   
SetConsoleTitle  . . . . . . . .	Text   	 SetConsoleTitleA
Start  . . . . . . . . . . . . .	L Near	 00000000 _TEXT	Public STDCALL
Sum  . . . . . . . . . . . . . .	Byte	 0000001D _DATA	
TRUNCATE_EXISTING  . . . . . . .	Number	 00000005h   
T  . . . . . . . . . . . . . . .	Byte	 00000022 _DATA	
URLDownloadToFile  . . . . . . .	Text   	 URLDownloadToFileA
White  . . . . . . . . . . . . .	Number	 0000000Fh   
Xesp . . . . . . . . . . . . . .	Word	 0000001F _DATA	
X  . . . . . . . . . . . . . . .	DWord	 00000019 _DATA	
Yellow . . . . . . . . . . . . .	Number	 0000000Eh   
Y  . . . . . . . . . . . . . . .	Byte	 0000001E _DATA	
Z  . . . . . . . . . . . . . . .	Byte	 00000021 _DATA	
_imp__printf . . . . . . . . . .	DWord	 00000000 FLAT	External STDCALL
_imp__sprintf  . . . . . . . . .	DWord	 00000000 FLAT	External STDCALL
black  . . . . . . . . . . . . .	Number	 00000000h   
blue . . . . . . . . . . . . . .	Number	 00000001h   
bright . . . . . . . . . . . . .	Number	 00000008h   
brown  . . . . . . . . . . . . .	Number	 00000006h   
clrscr . . . . . . . . . . . . .	Text   	 ClrScr
crt_printf . . . . . . . . . . .	Text   	 _imp__printf
crt_sprintf  . . . . . . . . . .	Text   	 _imp__sprintf
cyan . . . . . . . . . . . . . .	Number	 00000003h   
darkgray . . . . . . . . . . . .	Number	 00000008h   
dos  . . . . . . . . . . . . . .	Text   	 DOS
downloadfile . . . . . . . . . .	Text   	 DownloadFile
gotoxy . . . . . . . . . . . . .	Text   	 gotoXY
green  . . . . . . . . . . . . .	Number	 00000002h   
heapblocksize  . . . . . . . . .	Text   	 HeapBlockSize
inint_proc@0 . . . . . . . . . .	L Near	 00000000 FLAT	External STDCALL
inputstr . . . . . . . . . . . .	Text   	 InputStr
lightblue  . . . . . . . . . . .	Number	 00000009h   
lightgray  . . . . . . . . . . .	Number	 00000007h   
lightgreen . . . . . . . . . . .	Number	 0000000Ah   
lightmagenta . . . . . . . . . .	Number	 0000000Dh   
lightred . . . . . . . . . . . .	Number	 0000000Ch   
magenta  . . . . . . . . . . . .	Number	 00000005h   
msgbox . . . . . . . . . . . . .	Text   	 MsgBox
nil  . . . . . . . . . . . . . .	DWord 	 00000000h   
outintLn . . . . . . . . . . . .	Text   	 outintln
outwordLn  . . . . . . . . . . .	Text   	 outwordln
red  . . . . . . . . . . . . . .	Number	 00000004h   
settextattr  . . . . . . . . . .	Text   	 SetTextAttr
whereX . . . . . . . . . . . . .	Text   	 WhereX
whereY . . . . . . . . . . . . .	Text   	 WhereY
wherex . . . . . . . . . . . . .	Text   	 WhereX
wherey . . . . . . . . . . . . .	Text   	 WhereY
white  . . . . . . . . . . . . .	Number	 0000000Fh   
yellow . . . . . . . . . . . . .	Number	 0000000Eh   

	   0 Warnings
	   0 Errors
