Microsoft (R) Macro Assembler Version 6.14.8444		    02/19/18 10:27:14
a.asm							     Page 1 - 1


				include ..\..\include\console.inc
			      C .NOLIST
			      C .LIST
			      C 
			      C 
			      C ;include masm32.inc
			      C 
			      C    includelib masm32.lib
			      C    includelib user32.lib
			      C    includelib kernel32.lib
			      C    includelib msvcrt.lib
			      C    includelib io_proc.lib
			      C    
			      C 

				COMMENT *
				   Суммирование матрицы
				   Копирование массива
				*

 = 00000258			Nmin equ 600
 = 00000050			K equ 80
 = 0000C350			M equ 50000

 00000019			.data
 00000019  00000050 [		X   dd K dup (K dup (?))
	    00000050 [
	     00000000
	    ]
	   ]
 00006419 00000000		N   dd ?
 0000641D 00000000		T   dd ?
 00006421 000003E8		Min dd 1000
 00006425  0000C350 [		A   db M dup (?)
	    00
	   ]
 00012775  0000C350 [		B   db M dup (?)
	    00
	   ]


 00000000			.code
 00000000			Start:
				   ConsoleTitle " Копирование массива 1) rep movsb 2) mov"
				   clrscr

				; Минимум
 00000038  BB 00000258		   mov  ebx,Nmin
 0000003D  C7 05 00006421 R	   mov  Min,0FFFFFFFh; Maxlongword
	   0FFFFFFF
 00000047  FC			   cld
 00000048			M00:
 00000048  0F 31		   rdtsc
 0000004A  A3 0000641D R	   mov  T,eax;              Такты
 0000004F  BF 00006425 R	   mov  edi,offset A 
 00000054  BE 00012775 R	   mov  esi,offset B
 00000059  B9 0000C350		   mov  ecx,M
				;rep movsb;                  A:=B
 0000005E  AC			@@:lodsb
 0000005F  3C 64		   cmp  al,100
 00000061  49			   dec  ecx
 00000062  75 FA		   jnz  @B
 00000064  0F 31		   rdtsc
 00000066  2B 05 0000641D R	   sub  eax,T;              Такты
 0000006C  39 05 00006421 R	   cmp  Min,eax
 00000072  72 05		   jb   @F
 00000074  A3 00006421 R	   mov  Min,eax
 00000079  4B			@@:dec  ebx
 0000007A  75 CC		   jne  M00
				   
				   outword   M,,"Длина массива="
				   outwordln Min,10,", Минимум тактов по rep movsb ="
				   
 000001C8			L01:
				; Минимум
 000001C8  BB 00000258		   mov  ebx,Nmin
 000001CD  C7 05 00006421 R	   mov  Min,0FFFFFFFh; Maxlongword
	   0FFFFFFF
 000001D7			M01:
 000001D7  0F 31		   rdtsc
 000001D9  A3 0000641D R	   mov  T,eax;              Такты
 000001DE  BF 00006425 R	   mov  edi,offset A 
 000001E3  BE 00012775 R	   mov  esi,offset B
 000001E8  B9 0000C350		   mov  ecx,M
 000001ED			@@:
 000001ED  8A 06		   mov  al,[esi]
				;   mov  [edi],dl
 000001EF  3C 64		   cmp  al,100
 000001F1  46			   inc  esi
				;   inc  edi
 000001F2  49			   dec  ecx
 000001F3  75 F8		   jnz  @B
 000001F5  0F 31		   rdtsc
 000001F7  2B 05 0000641D R	   sub  eax,T;              Такты
 000001FD  39 05 00006421 R	   cmp  Min,eax
 00000203  72 05		   jb   @F
 00000205  A3 00006421 R	   mov  Min,eax
 0000020A  4B			@@:dec  ebx
 0000020B  75 CA		   jne  M01
				   
				   outword   M,,"Длина массива="
				   outwordln Min,10,", Минимум тактов по циклу mov ="


				exit
				   ConsoleTitle "Суммирование матрицы"

				   clrscr
				   inint N,"Длина строки до 480=" 
 000003E4			L0:

				; Минимум
 000003E4  BF 00000258		   mov  edi,Nmin
 000003E9  C7 05 00006421 R	M0:mov  Min,0FFFFFFFh; Maxlongword
	   0FFFFFFF
				   
 000003F3  0F 31		   rdtsc
 000003F5  A3 0000641D R	   mov  T,eax;              Такты

 000003FA  A1 00006419 R	   mov  eax,N
 000003FF  F7 25 00006419 R	   mul  N
 00000405  8B C8		   mov  ecx,eax;            N*N
 00000407  33 DB		   xor  ebx,ebx
 00000409  03 04 9D		L1:add  eax,X[4*ebx]
	   00000019 R
 00000410  43			   inc  ebx
 00000411  49			   dec  ecx
 00000412  75 F5		   jne  L1
				   
 00000414  0F 31		   rdtsc
 00000416  2B 05 0000641D R	   sub  eax,T;              Такты
 0000041C  39 05 00006421 R	   cmp  Min,eax
 00000422  72 05		   jb   @F
 00000424  A3 00006421 R	   mov  Min,eax
 00000429  4F			@@:dec  edi
 0000042A  75 BD		   jne  M0
				   
				   outwordln eax,10,"Минимум тактов по строкам ="
 00000528  50			   push eax
 00000529  A1 00006419 R	   mov  eax,N
 0000052E  F7 E0		   mul  eax;    N*N
 00000530  8B F8		   mov  edi,eax
				   outwordln eax,10,"Число элементов матрицы=   "
 0000062E  58			   pop  eax
 0000062F  99			   cdq
 00000630  F7 F7		   div  edi;     Число тактов на элемент
				   outword eax,4,"Число тактов на элемент="
 0000067C  8B C2		   mov  eax,edx
 0000067E  BE 0000000A		   mov  esi,10
 00000683  F7 E6		   mul  esi;     edx=10*(0,n)
 00000685  99			   cdq
 00000686  F7 F7		   div  edi
				   outchar '.'
				   outwordln eax
				   
				;-------------------------------------------------   
				; Минимум
 000007AA  BF 00000258		   mov  edi,Nmin
 000007AF  C7 05 00006421 R	M1:mov  Min,0FFFFFFFh; Maxlongword
	   0FFFFFFF

 000007B9  0F 31		   rdtsc
 000007BB  A3 0000641D R	   mov  T,eax;              Такты

 000007C0  B8 00000000		   mov  eax,0;              Сумма
 000007C5  8B 15 00006419 R	   mov  edx,N;              N столбцов
 000007CB  8B 0D 00006419 R	L3:mov  ecx,N;              N строк
 000007D1  8D 1C 95		   lea  ebx,X[4*edx-4];     Эл-нт в первой строке
	   00000015 R
 000007D8  03 03		L4:add  eax,[ebx]
 000007DA  03 1D 00006419 R	   add  ebx,N
 000007E0  03 1D 00006419 R	   add  ebx,N
 000007E6  03 1D 00006419 R	   add  ebx,N
 000007EC  03 1D 00006419 R	   add  ebx,N;              На след строку
 000007F2  49			   dec  ecx
 000007F3  75 E3		   jne  L4;                 цикл по столбцу
 000007F5  4A			   dec  edx
 000007F6  75 D3		   jne  L3;                 цикл по строке
				   
 000007F8  0F 31		   rdtsc
 000007FA  2B 05 0000641D R	   sub  eax,T;              Такты
 00000800  39 05 00006421 R	   cmp  Min,eax
 00000806  72 05		   jb   @F
 00000808  A3 00006421 R	   mov  Min,eax
 0000080D  4F			@@:dec  edi
 0000080E  75 9F		   jne  M1
				   
				   outwordln eax,10,"Минимум тактов по столбцам="
 0000090C  50			   push eax
 0000090D  A1 00006419 R	   mov  eax,N
 00000912  F7 E0		   mul  eax
 00000914  8B F8		   mov  edi,eax;    N*N
				   outwordln eax,10,"Число элементов матрицы=   "
 00000A12  58			   pop  eax
 00000A13  99			   cdq
 00000A14  F7 F7		   div  edi;     Число тактов на элемент
				   outword eax,4,"Число тактов на элемент="
 00000A60  8B C2		   mov  eax,edx
 00000A62  BE 0000000A		   mov  esi,10
 00000A67  F7 E6		   mul  esi;     edx=10*(0,n)
 00000A69  99			   cdq
 00000A6A  F7 F7		   div  edi
				   outchar '.'
				   outwordln eax

				   newline
				   MsgBox " ","Повторить ?",MB_YESNO
 00000CAE  83 F8 06		   cmp  eax,IDYES
 00000CB1  0F 84 FFFFF72D	   je   L0
				   
				   exit  
				   end Start
Microsoft (R) Macro Assembler Version 6.14.8444		    02/19/18 10:27:14
a.asm							     Symbols 2 - 1




Macros:

                N a m e                 Type

??CheckStrToBuf  . . . . . . . .	Proc
??RestoreReg . . . . . . . . . .	Proc
??SaveReg  . . . . . . . . . . .	Proc
@inchar  . . . . . . . . . . . .	Func
@inintln . . . . . . . . . . . .	Func
@inint . . . . . . . . . . . . .	Func
@readkey . . . . . . . . . . . .	Func
ChagePageAttr  . . . . . . . . .	Proc
ClrScr . . . . . . . . . . . . .	Proc
ConsoleMode  . . . . . . . . . .	Proc
ConsoleTitle . . . . . . . . . .	Proc
DOS  . . . . . . . . . . . . . .	Func
DownloadFile . . . . . . . . . .	Proc
GetConsoleTitle  . . . . . . . .	Proc
HeapBlockSize  . . . . . . . . .	Proc
InputStr . . . . . . . . . . . .	Proc
MsgBox . . . . . . . . . . . . .	Proc
NewConsole . . . . . . . . . . .	Proc
OpenFile . . . . . . . . . . . .	Proc
RunExe . . . . . . . . . . . . .	Proc
SetScreenSize  . . . . . . . . .	Proc
SetTextAttr  . . . . . . . . . .	Proc
TotalHeapAllocated . . . . . . .	Proc
WhereX . . . . . . . . . . . . .	Proc
WhereY . . . . . . . . . . . . .	Proc
dispose  . . . . . . . . . . . .	Proc
exit . . . . . . . . . . . . . .	Proc
flush  . . . . . . . . . . . . .	Proc
gotoXY . . . . . . . . . . . . .	Proc
inchar . . . . . . . . . . . . .	Proc
inintln  . . . . . . . . . . . .	Proc
inint  . . . . . . . . . . . . .	Proc
newline  . . . . . . . . . . . .	Proc
new  . . . . . . . . . . . . . .	Proc
outcharln  . . . . . . . . . . .	Proc
outchar  . . . . . . . . . . . .	Proc
outdateln  . . . . . . . . . . .	Proc
outdate  . . . . . . . . . . . .	Proc
outintln . . . . . . . . . . . .	Proc
outint . . . . . . . . . . . . .	Proc
outnumln . . . . . . . . . . . .	Proc
outnum . . . . . . . . . . . . .	Proc
outstrln . . . . . . . . . . . .	Proc
outstr . . . . . . . . . . . . .	Proc
outtimeln  . . . . . . . . . . .	Proc
outtime  . . . . . . . . . . . .	Proc
outwordln  . . . . . . . . . . .	Proc
outword  . . . . . . . . . . . .	Proc
pause  . . . . . . . . . . . . .	Proc
readkey  . . . . . . . . . . . .	Proc


Structures and Unions:

                N a m e                  Size
                                         Offset      Type

CONSOLE_SCREEN_BUFFER_INFO . . .	 00000016
  dwSize . . . . . . . . . . . .	 00000000	 DWord
  dwCursorPosition . . . . . . .	 00000004	 DWord
  wAttributes  . . . . . . . . .	 00000008	 Word
  srWindow . . . . . . . . . . .	 0000000A	 QWord
  dwMaximumWindowSize  . . . . .	 00000012	 DWord
COORD  . . . . . . . . . . . . .	 00000004
  x  . . . . . . . . . . . . . .	 00000000	 Word
  y  . . . . . . . . . . . . . .	 00000002	 Word
SMALL_RECT . . . . . . . . . . .	 00000008
  Left . . . . . . . . . . . . .	 00000000	 Word
  Top  . . . . . . . . . . . . .	 00000002	 Word
  Right  . . . . . . . . . . . .	 00000004	 Word
  Bottom . . . . . . . . . . . .	 00000006	 Word
SystemTime . . . . . . . . . . .	 00000010
  wYear  . . . . . . . . . . . .	 00000000	 Word
  wMonth . . . . . . . . . . . .	 00000002	 Word
  wDayOfWeek . . . . . . . . . .	 00000004	 Word
  wDay . . . . . . . . . . . . .	 00000006	 Word
  wHour  . . . . . . . . . . . .	 00000008	 Word
  wMinute  . . . . . . . . . . .	 0000000A	 Word
  wSecond  . . . . . . . . . . .	 0000000C	 Word
  wMilliseconds  . . . . . . . .	 0000000E	 Word


Types:

                N a m e                  Size     Attr

c_msvcrt . . . . . . . . . . . .	 00000004     CODE 


Segments and Groups:

                N a m e                 Size     Length   Align   Combine Class

FLAT . . . . . . . . . . . . . .	GROUP
STACK  . . . . . . . . . . . . .	32 Bit	 00001000 Para	  Stack	  'STACK'	 
_DATA  . . . . . . . . . . . . .	32 Bit	 0001FC47 Para	  Public  'DATA'	
_TEXT  . . . . . . . . . . . . .	32 Bit	 00000CBF Para	  Public  'CODE'	


Procedures,  parameters and locals:

                N a m e                 Type     Value    Attr

CharToOemA . . . . . . . . . . .	P Near	 00000000 FLAT	Length= 00000000 External STDCALL
ClearScreen  . . . . . . . . . .	P Near	 00000000 FLAT	Length= 00000000 External STDCALL
CloseHandle  . . . . . . . . . .	P Near	 00000000 FLAT	Length= 00000000 External STDCALL
CreateFileA  . . . . . . . . . .	P Near	 00000000 FLAT	Length= 00000000 External STDCALL
ExitProcess  . . . . . . . . . .	P Near	 00000000 FLAT	Length= 00000000 External STDCALL
GetCommandLineA  . . . . . . . .	P Near	 00000000 FLAT	Length= 00000000 External STDCALL
GetConsoleScreenBufferInfo . . .	P Near	 00000000 FLAT	Length= 00000000 External STDCALL
GetConsoleTitleA . . . . . . . .	P Near	 00000000 FLAT	Length= 00000000 External STDCALL
GetModuleHandleA . . . . . . . .	P Near	 00000000 FLAT	Length= 00000000 External STDCALL
GetStdHandle . . . . . . . . . .	P Near	 00000000 FLAT	Length= 00000000 External STDCALL
GetSystemMetrics . . . . . . . .	P Near	 00000000 FLAT	Length= 00000000 External STDCALL
GetSystemTime  . . . . . . . . .	P Near	 00000000 FLAT	Length= 00000000 External STDCALL
GlobalAlloc  . . . . . . . . . .	P Near	 00000000 FLAT	Length= 00000000 External STDCALL
GlobalFree . . . . . . . . . . .	P Near	 00000000 FLAT	Length= 00000000 External STDCALL
GlobalSize . . . . . . . . . . .	P Near	 00000000 FLAT	Length= 00000000 External STDCALL
InternetGetConnectedState  . . .	P Near	 00000000 FLAT	Length= 00000000 External STDCALL
MessageBoxA  . . . . . . . . . .	P Near	 00000000 FLAT	Length= 00000000 External STDCALL
MessageBoxIndirectA  . . . . . .	P Near	 00000000 FLAT	Length= 00000000 External STDCALL
SetConsoleCursorPosition . . . .	P Near	 00000000 FLAT	Length= 00000000 External STDCALL
SetConsoleScreenBufferSize . . .	P Near	 00000000 FLAT	Length= 00000000 External STDCALL
SetConsoleTextAttribute  . . . .	P Near	 00000000 FLAT	Length= 00000000 External STDCALL
SetConsoleTitleA . . . . . . . .	P Near	 00000000 FLAT	Length= 00000000 External STDCALL
StdIn  . . . . . . . . . . . . .	P Near	 00000000 FLAT	Length= 00000000 External STDCALL
StdOut . . . . . . . . . . . . .	P Near	 00000000 FLAT	Length= 00000000 External STDCALL
URLDownloadToFileA . . . . . . .	P Near	 00000000 FLAT	Length= 00000000 External STDCALL
VirtualProtect . . . . . . . . .	P Near	 00000000 FLAT	Length= 00000000 External STDCALL
shell_ex . . . . . . . . . . . .	P Near	 00000000 FLAT	Length= 00000000 External STDCALL
shell  . . . . . . . . . . . . .	P Near	 00000000 FLAT	Length= 00000000 External STDCALL
wait_key . . . . . . . . . . . .	P Near	 00000000 FLAT	Length= 00000000 External STDCALL


Symbols:

                N a m e                 Type     Value    Attr

??0000 . . . . . . . . . . . . .	Byte	 0001EAC6 _DATA	
??0001 . . . . . . . . . . . . .	Text   	 "
??0002 . . . . . . . . . . . . .	Byte	 0001EAC5 _DATA	
??0004 . . . . . . . . . . . . .	L Near	 0000002A _TEXT	
??0005 . . . . . . . . . . . . .	Number	 00000000h   
??0006 . . . . . . . . . . . . .	Byte	 0001EAFF _DATA	
??000E . . . . . . . . . . . . .	Number	 00000000h   
??000F . . . . . . . . . . . . .	Byte	 0001EAF0 _DATA	
??0010 . . . . . . . . . . . . .	Text   	 "
??0011 . . . . . . . . . . . . .	Byte	 0001EAEF _DATA	
??0013 . . . . . . . . . . . . .	L Near	 000000A6 _TEXT	
??0014 . . . . . . . . . . . . .	Number	 00000000h   
??0015 . . . . . . . . . . . . .	Byte	 0001EB23 _DATA	
??001D . . . . . . . . . . . . .	Number	 00000004h   
??001E . . . . . . . . . . . . .	Byte	 0001EB03 _DATA	
??001F . . . . . . . . . . . . .	Text   	 "
??0020 . . . . . . . . . . . . .	Byte	 0001EB02 _DATA	
??0022 . . . . . . . . . . . . .	L Near	 000000F3 _TEXT	
??0023 . . . . . . . . . . . . .	Number	 00000000h   
??0024 . . . . . . . . . . . . .	Byte	 0001EB28 _DATA	
??0026 . . . . . . . . . . . . .	Byte	 0001EB2B _DATA	
??0027 . . . . . . . . . . . . .	Text   	 o
??0028 . . . . . . . . . . . . .	Byte	 0001EB2A _DATA	
??0029 . . . . . . . . . . . . .	L Near	 00000130 _TEXT	
??002A . . . . . . . . . . . . .	L Near	 00000166 _TEXT	
??002B . . . . . . . . . . . . .	Number	 00000000h   
??002C . . . . . . . . . . . . .	Byte	 0001EBF3 _DATA	
??002E . . . . . . . . . . . . .	Byte	 0001EBF6 _DATA	
??002F . . . . . . . . . . . . .	Text   	 o
??0030 . . . . . . . . . . . . .	Byte	 0001EBF5 _DATA	
??0031 . . . . . . . . . . . . .	L Near	 00000189 _TEXT	
??0032 . . . . . . . . . . . . .	L Near	 000001BF _TEXT	
??0033 . . . . . . . . . . . . .	Number	 00000000h   
??0034 . . . . . . . . . . . . .	Byte	 0001ECCE _DATA	
??003C . . . . . . . . . . . . .	Number	 00000000h   
??003D . . . . . . . . . . . . .	Byte	 0001ECBF _DATA	
??003E . . . . . . . . . . . . .	Text   	 "
??003F . . . . . . . . . . . . .	Byte	 0001ECBE _DATA	
??0041 . . . . . . . . . . . . .	L Near	 00000237 _TEXT	
??0042 . . . . . . . . . . . . .	Number	 00000000h   
??0043 . . . . . . . . . . . . .	Byte	 0001ECF2 _DATA	
??004B . . . . . . . . . . . . .	Number	 00000004h   
??004C . . . . . . . . . . . . .	Byte	 0001ECD2 _DATA	
??004D . . . . . . . . . . . . .	Text   	 "
??004E . . . . . . . . . . . . .	Byte	 0001ECD1 _DATA	
??0050 . . . . . . . . . . . . .	L Near	 00000284 _TEXT	
??0051 . . . . . . . . . . . . .	Number	 00000000h   
??0052 . . . . . . . . . . . . .	Byte	 0001ECF7 _DATA	
??0054 . . . . . . . . . . . . .	Byte	 0001ECFA _DATA	
??0055 . . . . . . . . . . . . .	Text   	 o
??0056 . . . . . . . . . . . . .	Byte	 0001ECF9 _DATA	
??0057 . . . . . . . . . . . . .	L Near	 000002C1 _TEXT	
??0058 . . . . . . . . . . . . .	L Near	 000002F7 _TEXT	
??0059 . . . . . . . . . . . . .	Number	 00000000h   
??005A . . . . . . . . . . . . .	Byte	 0001EDC2 _DATA	
??005C . . . . . . . . . . . . .	Byte	 0001EDC5 _DATA	
??005D . . . . . . . . . . . . .	Text   	 o
??005E . . . . . . . . . . . . .	Byte	 0001EDC4 _DATA	
??005F . . . . . . . . . . . . .	L Near	 0000031A _TEXT	
??0060 . . . . . . . . . . . . .	L Near	 00000350 _TEXT	
??0061 . . . . . . . . . . . . .	Byte	 0001EE8E _DATA	
??0062 . . . . . . . . . . . . .	Text   	 "
??0063 . . . . . . . . . . . . .	Byte	 0001EE8D _DATA	
??0065 . . . . . . . . . . . . .	L Near	 0000038B _TEXT	
??0066 . . . . . . . . . . . . .	Number	 00000000h   
??0067 . . . . . . . . . . . . .	DWord	 0001EEA3 _DATA	
??0068 . . . . . . . . . . . . .	Byte	 0001EEA8 _DATA	
??0069 . . . . . . . . . . . . .	Text   	 "
??006A . . . . . . . . . . . . .	Byte	 0001EEA7 _DATA	
??006C . . . . . . . . . . . . .	L Near	 000003C3 _TEXT	
??006D . . . . . . . . . . . . .	Number	 00000000h   
??006E . . . . . . . . . . . . .	Byte	 0001EEDA _DATA	
??0076 . . . . . . . . . . . . .	Number	 00000004h   
??0077 . . . . . . . . . . . . .	Byte	 0001EEBE _DATA	
??0078 . . . . . . . . . . . . .	Text   	 "
??0079 . . . . . . . . . . . . .	Byte	 0001EEBD _DATA	
??007B . . . . . . . . . . . . .	L Near	 00000456 _TEXT	
??007C . . . . . . . . . . . . .	Number	 00000000h   
??007D . . . . . . . . . . . . .	Byte	 0001EEDF _DATA	
??007F . . . . . . . . . . . . .	Byte	 0001EEE2 _DATA	
??0080 . . . . . . . . . . . . .	Text   	 o
??0081 . . . . . . . . . . . . .	Byte	 0001EEE1 _DATA	
??0082 . . . . . . . . . . . . .	L Near	 00000490 _TEXT	
??0083 . . . . . . . . . . . . .	L Near	 000004C6 _TEXT	
??0084 . . . . . . . . . . . . .	Number	 00000000h   
??0085 . . . . . . . . . . . . .	Byte	 0001EFAA _DATA	
??0087 . . . . . . . . . . . . .	Byte	 0001EFAD _DATA	
??0088 . . . . . . . . . . . . .	Text   	 o
??0089 . . . . . . . . . . . . .	Byte	 0001EFAC _DATA	
??008A . . . . . . . . . . . . .	L Near	 000004E9 _TEXT	
??008B . . . . . . . . . . . . .	L Near	 0000051F _TEXT	
??008C . . . . . . . . . . . . .	Number	 00000000h   
??008D . . . . . . . . . . . . .	Byte	 0001F092 _DATA	
??0095 . . . . . . . . . . . . .	Number	 00000004h   
??0096 . . . . . . . . . . . . .	Byte	 0001F076 _DATA	
??0097 . . . . . . . . . . . . .	Text   	 "
??0098 . . . . . . . . . . . . .	Byte	 0001F075 _DATA	
??009A . . . . . . . . . . . . .	L Near	 0000055C _TEXT	
??009B . . . . . . . . . . . . .	Number	 00000000h   
??009C . . . . . . . . . . . . .	Byte	 0001F097 _DATA	
??009E . . . . . . . . . . . . .	Byte	 0001F09A _DATA	
??009F . . . . . . . . . . . . .	Text   	 o
??00A0 . . . . . . . . . . . . .	Byte	 0001F099 _DATA	
??00A1 . . . . . . . . . . . . .	L Near	 00000596 _TEXT	
??00A2 . . . . . . . . . . . . .	L Near	 000005CC _TEXT	
??00A3 . . . . . . . . . . . . .	Number	 00000000h   
??00A4 . . . . . . . . . . . . .	Byte	 0001F162 _DATA	
??00A6 . . . . . . . . . . . . .	Byte	 0001F165 _DATA	
??00A7 . . . . . . . . . . . . .	Text   	 o
??00A8 . . . . . . . . . . . . .	Byte	 0001F164 _DATA	
??00A9 . . . . . . . . . . . . .	L Near	 000005EF _TEXT	
??00AA . . . . . . . . . . . . .	L Near	 00000625 _TEXT	
??00AB . . . . . . . . . . . . .	Number	 00000000h   
??00AC . . . . . . . . . . . . .	Byte	 0001F247 _DATA	
??00B4 . . . . . . . . . . . . .	Number	 00000004h   
??00B5 . . . . . . . . . . . . .	Byte	 0001F22E _DATA	
??00B6 . . . . . . . . . . . . .	Text   	 "
??00B7 . . . . . . . . . . . . .	Byte	 0001F22D _DATA	
??00B9 . . . . . . . . . . . . .	L Near	 0000065C _TEXT	
??00BA . . . . . . . . . . . . .	Number	 00000000h   
??00BB . . . . . . . . . . . . .	Byte	 0001F24B _DATA	
??00BD . . . . . . . . . . . . .	Byte	 0001F24E _DATA	
??00BE . . . . . . . . . . . . .	Text   	 o
??00BF . . . . . . . . . . . . .	Byte	 0001F24D _DATA	
??00C0 . . . . . . . . . . . . .	L Near	 000006A2 _TEXT	
??00C1 . . . . . . . . . . . . .	L Near	 000006D8 _TEXT	
??00C2 . . . . . . . . . . . . .	Number	 00000000h   
??00C3 . . . . . . . . . . . . .	Byte	 0001F316 _DATA	
??00CB . . . . . . . . . . . . .	Number	 00000004h   
??00CC . . . . . . . . . . . . .	Number	 00000000h   
??00CD . . . . . . . . . . . . .	Byte	 0001F319 _DATA	
??00CF . . . . . . . . . . . . .	Byte	 0001F31C _DATA	
??00D0 . . . . . . . . . . . . .	Text   	 o
??00D1 . . . . . . . . . . . . .	Byte	 0001F31B _DATA	
??00D2 . . . . . . . . . . . . .	L Near	 00000712 _TEXT	
??00D3 . . . . . . . . . . . . .	L Near	 00000748 _TEXT	
??00D4 . . . . . . . . . . . . .	Number	 00000000h   
??00D5 . . . . . . . . . . . . .	Byte	 0001F3E4 _DATA	
??00D7 . . . . . . . . . . . . .	Byte	 0001F3E7 _DATA	
??00D8 . . . . . . . . . . . . .	Text   	 o
??00D9 . . . . . . . . . . . . .	Byte	 0001F3E6 _DATA	
??00DA . . . . . . . . . . . . .	L Near	 0000076B _TEXT	
??00DB . . . . . . . . . . . . .	L Near	 000007A1 _TEXT	
??00DC . . . . . . . . . . . . .	Number	 00000000h   
??00DD . . . . . . . . . . . . .	Byte	 0001F4CC _DATA	
??00E5 . . . . . . . . . . . . .	Number	 00000004h   
??00E6 . . . . . . . . . . . . .	Byte	 0001F4B0 _DATA	
??00E7 . . . . . . . . . . . . .	Text   	 "
??00E8 . . . . . . . . . . . . .	Byte	 0001F4AF _DATA	
??00EA . . . . . . . . . . . . .	L Near	 0000083A _TEXT	
??00EB . . . . . . . . . . . . .	Number	 00000000h   
??00EC . . . . . . . . . . . . .	Byte	 0001F4D1 _DATA	
??00EE . . . . . . . . . . . . .	Byte	 0001F4D4 _DATA	
??00EF . . . . . . . . . . . . .	Text   	 o
??00F0 . . . . . . . . . . . . .	Byte	 0001F4D3 _DATA	
??00F1 . . . . . . . . . . . . .	L Near	 00000874 _TEXT	
??00F2 . . . . . . . . . . . . .	L Near	 000008AA _TEXT	
??00F3 . . . . . . . . . . . . .	Number	 00000000h   
??00F4 . . . . . . . . . . . . .	Byte	 0001F59C _DATA	
??00F6 . . . . . . . . . . . . .	Byte	 0001F59F _DATA	
??00F7 . . . . . . . . . . . . .	Text   	 o
??00F8 . . . . . . . . . . . . .	Byte	 0001F59E _DATA	
??00F9 . . . . . . . . . . . . .	L Near	 000008CD _TEXT	
??00FA . . . . . . . . . . . . .	L Near	 00000903 _TEXT	
??00FB . . . . . . . . . . . . .	Number	 00000000h   
??00FC . . . . . . . . . . . . .	Byte	 0001F684 _DATA	
??0104 . . . . . . . . . . . . .	Number	 00000004h   
??0105 . . . . . . . . . . . . .	Byte	 0001F668 _DATA	
??0106 . . . . . . . . . . . . .	Text   	 "
??0107 . . . . . . . . . . . . .	Byte	 0001F667 _DATA	
??0109 . . . . . . . . . . . . .	L Near	 00000940 _TEXT	
??010A . . . . . . . . . . . . .	Number	 00000000h   
??010B . . . . . . . . . . . . .	Byte	 0001F689 _DATA	
??010D . . . . . . . . . . . . .	Byte	 0001F68C _DATA	
??010E . . . . . . . . . . . . .	Text   	 o
??010F . . . . . . . . . . . . .	Byte	 0001F68B _DATA	
??0110 . . . . . . . . . . . . .	L Near	 0000097A _TEXT	
??0111 . . . . . . . . . . . . .	L Near	 000009B0 _TEXT	
??0112 . . . . . . . . . . . . .	Number	 00000000h   
??0113 . . . . . . . . . . . . .	Byte	 0001F754 _DATA	
??0115 . . . . . . . . . . . . .	Byte	 0001F757 _DATA	
??0116 . . . . . . . . . . . . .	Text   	 o
??0117 . . . . . . . . . . . . .	Byte	 0001F756 _DATA	
??0118 . . . . . . . . . . . . .	L Near	 000009D3 _TEXT	
??0119 . . . . . . . . . . . . .	L Near	 00000A09 _TEXT	
??011A . . . . . . . . . . . . .	Number	 00000000h   
??011B . . . . . . . . . . . . .	Byte	 0001F839 _DATA	
??0123 . . . . . . . . . . . . .	Number	 00000004h   
??0124 . . . . . . . . . . . . .	Byte	 0001F820 _DATA	
??0125 . . . . . . . . . . . . .	Text   	 "
??0126 . . . . . . . . . . . . .	Byte	 0001F81F _DATA	
??0128 . . . . . . . . . . . . .	L Near	 00000A40 _TEXT	
??0129 . . . . . . . . . . . . .	Number	 00000000h   
??012A . . . . . . . . . . . . .	Byte	 0001F83D _DATA	
??012C . . . . . . . . . . . . .	Byte	 0001F840 _DATA	
??012D . . . . . . . . . . . . .	Text   	 o
??012E . . . . . . . . . . . . .	Byte	 0001F83F _DATA	
??012F . . . . . . . . . . . . .	L Near	 00000A86 _TEXT	
??0130 . . . . . . . . . . . . .	L Near	 00000ABC _TEXT	
??0131 . . . . . . . . . . . . .	Number	 00000000h   
??0132 . . . . . . . . . . . . .	Byte	 0001F908 _DATA	
??013A . . . . . . . . . . . . .	Number	 00000004h   
??013B . . . . . . . . . . . . .	Number	 00000000h   
??013C . . . . . . . . . . . . .	Byte	 0001F90B _DATA	
??013E . . . . . . . . . . . . .	Byte	 0001F90E _DATA	
??013F . . . . . . . . . . . . .	Text   	 o
??0140 . . . . . . . . . . . . .	Byte	 0001F90D _DATA	
??0141 . . . . . . . . . . . . .	L Near	 00000AF6 _TEXT	
??0142 . . . . . . . . . . . . .	L Near	 00000B2C _TEXT	
??0143 . . . . . . . . . . . . .	Number	 00000000h   
??0144 . . . . . . . . . . . . .	Byte	 0001F9D6 _DATA	
??0146 . . . . . . . . . . . . .	Byte	 0001F9D9 _DATA	
??0147 . . . . . . . . . . . . .	Text   	 o
??0148 . . . . . . . . . . . . .	Byte	 0001F9D8 _DATA	
??0149 . . . . . . . . . . . . .	L Near	 00000B4F _TEXT	
??014A . . . . . . . . . . . . .	L Near	 00000B85 _TEXT	
??014B . . . . . . . . . . . . .	Number	 00000000h   
??014C . . . . . . . . . . . . .	Byte	 0001FAA1 _DATA	
??014E . . . . . . . . . . . . .	Byte	 0001FAA4 _DATA	
??014F . . . . . . . . . . . . .	Text   	 o
??0150 . . . . . . . . . . . . .	Byte	 0001FAA3 _DATA	
??0151 . . . . . . . . . . . . .	L Near	 00000BA8 _TEXT	
??0152 . . . . . . . . . . . . .	L Near	 00000BDE _TEXT	
??0153 . . . . . . . . . . . . .	Number	 00000000h   
??0154 . . . . . . . . . . . . .	Byte	 0001FB6C _DATA	
??0156 . . . . . . . . . . . . .	Byte	 0001FB6F _DATA	
??0157 . . . . . . . . . . . . .	Text   	 o
??0158 . . . . . . . . . . . . .	Byte	 0001FB6E _DATA	
??0159 . . . . . . . . . . . . .	L Near	 00000C01 _TEXT	
??015A . . . . . . . . . . . . .	L Near	 00000C37 _TEXT	
??0161 . . . . . . . . . . . . .	Byte	 0001FC38 _DATA	
??0162 . . . . . . . . . . . . .	Text   	 "
??0163 . . . . . . . . . . . . .	Byte	 0001FC37 _DATA	
??0165 . . . . . . . . . . . . .	L Near	 00000C6F _TEXT	
??0166 . . . . . . . . . . . . .	Byte	 0001FC3B _DATA	
??0167 . . . . . . . . . . . . .	Text   	 "
??0168 . . . . . . . . . . . . .	Byte	 0001FC3A _DATA	
??016A . . . . . . . . . . . . .	L Near	 00000C97 _TEXT	
??CommonHeapElemSize . . . . . .	DWord	 00000004 _DATA	
??ConsoleMode  . . . . . . . . .	Byte	 00000008 _DATA	
??TotalHeapAllocated . . . . . .	DWord	 00000000 _DATA	
??sTime  . . . . . . . . . . . .	SystemTime  00000009 _DATA	
@CodeSize  . . . . . . . . . . .	Number	 00000000h   
@DataSize  . . . . . . . . . . .	Number	 00000000h   
@InChar  . . . . . . . . . . . .	Text   	 @inchar
@InInt . . . . . . . . . . . . .	Text   	 @inint
@Inchar  . . . . . . . . . . . .	Text   	 @inchar
@InintLn . . . . . . . . . . . .	Text   	 @inintln
@Inintln . . . . . . . . . . . .	Text   	 @inintln
@Inint . . . . . . . . . . . . .	Text   	 @inint
@Interface . . . . . . . . . . .	Number	 00000003h   
@Model . . . . . . . . . . . . .	Number	 00000007h   
@ReadKey . . . . . . . . . . . .	Text   	 @readkey
@code  . . . . . . . . . . . . .	Text   	 _TEXT
@data  . . . . . . . . . . . . .	Text   	 FLAT
@fardata?  . . . . . . . . . . .	Text   	 FLAT
@fardata . . . . . . . . . . . .	Text   	 FLAT
@stack . . . . . . . . . . . . .	Text   	 FLAT
AllocConsole@0 . . . . . . . . .	L Near	 00000000 FLAT	External STDCALL
A  . . . . . . . . . . . . . . .	Byte	 00006425 _DATA	
Black  . . . . . . . . . . . . .	Number	 00000000h   
Blue . . . . . . . . . . . . . .	Number	 00000001h   
Bright . . . . . . . . . . . . .	Number	 00000008h   
Brown  . . . . . . . . . . . . .	Number	 00000006h   
B  . . . . . . . . . . . . . . .	Byte	 00012775 _DATA	
CREATE_ALWAYS  . . . . . . . . .	Number	 00000002h   
CREATE_NEW . . . . . . . . . . .	Number	 00000001h   
CharToOem  . . . . . . . . . . .	Text   	 CharToOemA
Cls  . . . . . . . . . . . . . .	Text   	 ClrScr
CreateFile . . . . . . . . . . .	Text   	 CreateFileA
Cyan . . . . . . . . . . . . . .	Number	 00000003h   
DarkGray . . . . . . . . . . . .	Number	 00000008h   
Dispose  . . . . . . . . . . . .	Text   	 dispose
Exit . . . . . . . . . . . . . .	Text   	 exit
FILE_ATTRIBUTE_ARCHIVE . . . . .	Number	 00000020h   
FILE_ATTRIBUTE_COMPRESSED  . . .	Number	 00000800h   
FILE_ATTRIBUTE_DIRECTORY . . . .	Number	 00000010h   
FILE_ATTRIBUTE_HIDDEN  . . . . .	Number	 00000002h   
FILE_ATTRIBUTE_NORMAL  . . . . .	Number	 00000080h   
FILE_ATTRIBUTE_READONLY  . . . .	Number	 00000001h   
FILE_ATTRIBUTE_SYSTEM  . . . . .	Number	 00000004h   
FILE_ATTRIBUTE_TEMPORARY . . . .	Number	 00000100h   
Flush  . . . . . . . . . . . . .	Text   	 flush
FreeConsole@0  . . . . . . . . .	L Near	 00000000 FLAT	External STDCALL
GENERIC_ALL  . . . . . . . . . .	Number	 10000000h   
GENERIC_EXECUTE  . . . . . . . .	Number	 20000000h   
GENERIC_READ . . . . . . . . . .	Number	 -80000000h   
GENERIC_WRITE  . . . . . . . . .	Number	 40000000h   
GMEM_FIXED . . . . . . . . . . .	Number	 00000000h   
GMEM_ZEROINIT  . . . . . . . . .	Number	 00000040h   
GetCommandLine . . . . . . . . .	Text   	 GetCommandLineA
GetModuleHandle  . . . . . . . .	Text   	 GetModuleHandleA
GotoXY . . . . . . . . . . . . .	Text   	 gotoXY
Green  . . . . . . . . . . . . .	Number	 00000002h   
IDABORT  . . . . . . . . . . . .	Number	 00000003h   
IDCANCEL . . . . . . . . . . . .	Number	 00000002h   
IDIGNORE . . . . . . . . . . . .	Number	 00000005h   
IDNO . . . . . . . . . . . . . .	Number	 00000007h   
IDOK . . . . . . . . . . . . . .	Number	 00000001h   
IDRETRY  . . . . . . . . . . . .	Number	 00000004h   
IDYES  . . . . . . . . . . . . .	Number	 00000006h   
InChar . . . . . . . . . . . . .	Text   	 inchar
InInt  . . . . . . . . . . . . .	Text   	 inint
Inchar . . . . . . . . . . . . .	Text   	 inchar
InintLn  . . . . . . . . . . . .	Text   	 inintln
Inintln  . . . . . . . . . . . .	Text   	 inintln
Inint  . . . . . . . . . . . . .	Text   	 inint
K  . . . . . . . . . . . . . . .	Number	 00000050h   
L01  . . . . . . . . . . . . . .	L Near	 000001C8 _TEXT	
L0 . . . . . . . . . . . . . . .	L Near	 000003E4 _TEXT	
L1 . . . . . . . . . . . . . . .	L Near	 00000409 _TEXT	
L3 . . . . . . . . . . . . . . .	L Near	 000007CB _TEXT	
L4 . . . . . . . . . . . . . . .	L Near	 000007D8 _TEXT	
LANG_NEUTRAL . . . . . . . . . .	Number	 00000000h   
LightBlue  . . . . . . . . . . .	Number	 00000009h   
LightGray  . . . . . . . . . . .	Number	 00000007h   
LightGreen . . . . . . . . . . .	Number	 0000000Ah   
LightMagenta . . . . . . . . . .	Number	 0000000Dh   
LightRed . . . . . . . . . . . .	Number	 0000000Ch   
M00  . . . . . . . . . . . . . .	L Near	 00000048 _TEXT	
M01  . . . . . . . . . . . . . .	L Near	 000001D7 _TEXT	
M0 . . . . . . . . . . . . . . .	L Near	 000003E9 _TEXT	
M1 . . . . . . . . . . . . . . .	L Near	 000007AF _TEXT	
MB_ABORTRETRYIGNORE  . . . . . .	Number	 00000002h   
MB_CANCELTRYCONTINUE . . . . . .	Number	 00000006h   
MB_DEFBUTTON1  . . . . . . . . .	Number	 00000000h   
MB_DEFBUTTON2  . . . . . . . . .	Number	 00000100h   
MB_DEFBUTTON3  . . . . . . . . .	Number	 00000200h   
MB_DEFBUTTON4  . . . . . . . . .	Number	 00000300h   
MB_HELP  . . . . . . . . . . . .	Number	 00004000h   
MB_ICONASTERISK  . . . . . . . .	Number	 00000040h   
MB_ICONEXCLAMATION . . . . . . .	Number	 00000030h   
MB_ICONHAND  . . . . . . . . . .	Number	 00000008h   
MB_ICONQUESTION  . . . . . . . .	Number	 00000020h   
MB_ICONSTOP  . . . . . . . . . .	Number	 00000010h   
MB_OKCANCEL  . . . . . . . . . .	Number	 00000001h   
MB_OK  . . . . . . . . . . . . .	Number	 00000000h   
MB_RETRYCANCEL . . . . . . . . .	Number	 00000005h   
MB_RIGHT . . . . . . . . . . . .	Number	 00080000h   
MB_SYSTEMMODAL . . . . . . . . .	Number	 00001000h   
MB_USERICON  . . . . . . . . . .	Number	 00000080h   
MB_YESNOCANCEL . . . . . . . . .	Number	 00000003h   
MB_YESNO . . . . . . . . . . . .	Number	 00000004h   
Magenta  . . . . . . . . . . . .	Number	 00000005h   
MessageBoxIndirect . . . . . . .	Text   	 MessageBoxIndirectA
MessageBox . . . . . . . . . . .	Text   	 MessageBoxA
Min  . . . . . . . . . . . . . .	DWord	 00006421 _DATA	
M  . . . . . . . . . . . . . . .	Number	 0000C350h   
NULL . . . . . . . . . . . . . .	Number	 00000000h   
NewLine  . . . . . . . . . . . .	Text   	 newline
Newline  . . . . . . . . . . . .	Text   	 newline
New  . . . . . . . . . . . . . .	Text   	 new
Nmin . . . . . . . . . . . . . .	Number	 00000258h   
N  . . . . . . . . . . . . . . .	DWord	 00006419 _DATA	
OPEN_ALWAYS  . . . . . . . . . .	Number	 00000004h   
OPEN_EXISTING  . . . . . . . . .	Number	 00000003h   
OutCharLn  . . . . . . . . . . .	Text   	 outcharln
OutCharln  . . . . . . . . . . .	Text   	 outcharln
OutChar  . . . . . . . . . . . .	Text   	 outchar,prompt:VARARG
OutDateLn  . . . . . . . . . . .	Text   	 outdateln
OutDateln  . . . . . . . . . . .	Text   	 outdateln
OutDate  . . . . . . . . . . . .	Text   	 outdate
OutILn . . . . . . . . . . . . .	Text   	 outintln
OutIln . . . . . . . . . . . . .	Text   	 outintln
OutIntLn . . . . . . . . . . . .	Text   	 outintln
OutInt . . . . . . . . . . . . .	Text   	 outint
OutI . . . . . . . . . . . . . .	Text   	 outint
OutNumLn . . . . . . . . . . . .	Text   	 outnumln
OutNumln . . . . . . . . . . . .	Text   	 outnumln
OutNum . . . . . . . . . . . . .	Text   	 outnum
OutStrLn . . . . . . . . . . . .	Text   	 outstrln
OutStr . . . . . . . . . . . . .	Text   	 outstr
OutTimeLn  . . . . . . . . . . .	Text   	 outtimeln
OutTimeln  . . . . . . . . . . .	Text   	 outtimeln
OutTime  . . . . . . . . . . . .	Text   	 outtime
OutULn . . . . . . . . . . . . .	Text   	 outwordln
OutUln . . . . . . . . . . . . .	Text   	 outwordln
OutUnsignedLn  . . . . . . . . .	Text   	 outwordln
OutUnsignedln  . . . . . . . . .	Text   	 outwordln
OutUnsigned  . . . . . . . . . .	Text   	 outword
OutU . . . . . . . . . . . . . .	Text   	 outword
OutWordLn  . . . . . . . . . . .	Text   	 outwordln
OutWord  . . . . . . . . . . . .	Text   	 outword
OutintLn . . . . . . . . . . . .	Text   	 outintln
Outintln . . . . . . . . . . . .	Text   	 outintln
Outint . . . . . . . . . . . . .	Text   	 outint
OutstrLn . . . . . . . . . . . .	Text   	 outstrln
OutwordLn  . . . . . . . . . . .	Text   	 outwordln
Outword  . . . . . . . . . . . .	Text   	 outword
PAGE_EXECUTE_READWRITE . . . . .	Number	 00000040h   
PAGE_EXECUTE_READ  . . . . . . .	Number	 00000020h   
PAGE_EXECUTE_WRITECOPY . . . . .	Number	 00000080h   
PAGE_EXECUTE . . . . . . . . . .	Number	 00000010h   
PAGE_NOACCESS  . . . . . . . . .	Number	 00000001h   
PAGE_READONLY  . . . . . . . . .	Number	 00000002h   
PAGE_READWRITE . . . . . . . . .	Number	 00000004h   
PAGE_WRITECOPY . . . . . . . . .	Number	 00000008h   
Pause  . . . . . . . . . . . . .	Text   	 pause
ReadKey  . . . . . . . . . . . .	Text   	 readkey
Red  . . . . . . . . . . . . . .	Number	 00000004h   
STD_ERROR_HANDLE . . . . . . . .	Number	 -0000000Ch   
STD_INPUT_HANDLE . . . . . . . .	Number	 -0000000Ah   
STD_OUTPUT_HANDLE  . . . . . . .	Number	 -0000000Bh   
SetConsoleTitle  . . . . . . . .	Text   	 SetConsoleTitleA
Start  . . . . . . . . . . . . .	L Near	 00000000 _TEXT	Public STDCALL
TRUNCATE_EXISTING  . . . . . . .	Number	 00000005h   
T  . . . . . . . . . . . . . . .	DWord	 0000641D _DATA	
URLDownloadToFile  . . . . . . .	Text   	 URLDownloadToFileA
White  . . . . . . . . . . . . .	Number	 0000000Fh   
X  . . . . . . . . . . . . . . .	DWord	 00000019 _DATA	
Yellow . . . . . . . . . . . . .	Number	 0000000Eh   
_imp__printf . . . . . . . . . .	DWord	 00000000 FLAT	External STDCALL
_imp__sprintf  . . . . . . . . .	DWord	 00000000 FLAT	External STDCALL
black  . . . . . . . . . . . . .	Number	 00000000h   
blue . . . . . . . . . . . . . .	Number	 00000001h   
bright . . . . . . . . . . . . .	Number	 00000008h   
brown  . . . . . . . . . . . . .	Number	 00000006h   
clrscr . . . . . . . . . . . . .	Text   	 ClrScr
crt_printf . . . . . . . . . . .	Text   	 _imp__printf
crt_sprintf  . . . . . . . . . .	Text   	 _imp__sprintf
cyan . . . . . . . . . . . . . .	Number	 00000003h   
darkgray . . . . . . . . . . . .	Number	 00000008h   
dos  . . . . . . . . . . . . . .	Text   	 DOS
downloadfile . . . . . . . . . .	Text   	 DownloadFile
gotoxy . . . . . . . . . . . . .	Text   	 gotoXY
green  . . . . . . . . . . . . .	Number	 00000002h   
heapblocksize  . . . . . . . . .	Text   	 HeapBlockSize
inint_proc@0 . . . . . . . . . .	L Near	 00000000 FLAT	External STDCALL
inputstr . . . . . . . . . . . .	Text   	 InputStr
lightblue  . . . . . . . . . . .	Number	 00000009h   
lightgray  . . . . . . . . . . .	Number	 00000007h   
lightgreen . . . . . . . . . . .	Number	 0000000Ah   
lightmagenta . . . . . . . . . .	Number	 0000000Dh   
lightred . . . . . . . . . . . .	Number	 0000000Ch   
magenta  . . . . . . . . . . . .	Number	 00000005h   
nil  . . . . . . . . . . . . . .	DWord 	 00000000h   
outintLn . . . . . . . . . . . .	Text   	 outintln
outwordLn  . . . . . . . . . . .	Text   	 outwordln
red  . . . . . . . . . . . . . .	Number	 00000004h   
settextattr  . . . . . . . . . .	Text   	 SetTextAttr
whereX . . . . . . . . . . . . .	Text   	 WhereX
whereY . . . . . . . . . . . . .	Text   	 WhereY
wherex . . . . . . . . . . . . .	Text   	 WhereX
wherey . . . . . . . . . . . . .	Text   	 WhereY
white  . . . . . . . . . . . . .	Number	 0000000Fh   
yellow . . . . . . . . . . . . .	Number	 0000000Eh   

	   0 Warnings
	   0 Errors
