Microsoft (R) Macro Assembler Version 6.14.8444		    02/16/18 15:57:26
a.asm							     Page 1 - 1


				include console.inc
			      C .NOLIST
			      C .LIST
			      C 
			      C 
			      C ;include masm32.inc
			      C 
			      C    includelib masm32.lib
			      C    includelib user32.lib
			      C    includelib kernel32.lib
			      C    includelib msvcrt.lib
			      C    includelib io_proc.lib
			      C    
			      C 

				COMMENT *
				   Ввод строк символов до тех пор, пока не будет введена
				   пустая строка. Каждая строка сортируется по
				   возрастанию и выводится. Сортировка выполняется
				   процедурой
				   procedure Sort(var X:array of char; N:byte); 
				   begin { Простейшая сортировка }
				     for i{ebx}:=1 to N-1 do
				       for j{edi}:=i+1 to N do
				         if X[i]>X[j] then xchg(X[i],X[j])
				   end;
				*

 00000000			.data?
 00000000  00000100 [		   buf  db 256 dup (?)
	    00
	   ]

 00000000			.code
 00000000			Sort proc uses eax ebx ecx edi, X:dword, N:byte
				Comment &
				  Автоматически вставляются команды:
				     push  ebp
				     mov   ebp,esp
				     push  eax   
				     push  ebx   
				     push  ecx   
				     push  edi
				X    equ   dword ptr [ebp+8]
				N    equ   byte ptr  [ebp+12]   
				&
 00000007  33 C9		     xor   ecx,ecx
 00000009  8A 4D 0C		     mov   cl,N;     длина строки
 0000000C  80 F9 01		     cmp   cl,1     
 0000000F  76 19		     jbe   @KON;     N<=1
 00000011  8B 5D 08		     mov   ebx,X;    адрес X[1]
 00000014  49			     dec   ecx;      N-1
 00000015  51			@L1: push  ecx;      старое ecx
 00000016  8B FB		     mov   edi,ebx
 00000018  47			     inc   edi;      edi:=адрес X[i+1]
 00000019  8A 03		@L2: mov   al,[ebx]; al:=x[i]
 0000001B  3A 07		     cmp   al,[edi]
 0000001D  76 04		     jbe   @L3;      if x[i]<=X[j] then goto @L3
 0000001F  86 07		     xchg  al,[edi]
 00000021  88 03		     mov   [ebx],al; xchg (x[i],X[j])
 00000023  47			@L3: inc   edi;      j:=j+1
 00000024  E2 F3		     loop  @L2;      цикл по j
 00000026  59			     pop   ecx;      для цикла по i
 00000027  43			     inc   ebx;      i:=i+1
 00000028  E2 EB		     loop  @L1;      цикл по i
 0000002A			@KON:
				     ret
				Comment &
				  ВМЕСТО команды ret автоматически вставляются
				     pop   edi
				     pop   ecx
				     pop   ebx
				     pop   eax
				     ret   8
				&
 00000032			Sort endp
				;----------------------------------
 00000032			Start:
				     clrscr
				     GotoXY 10,3
				     ConsoleTitle "      Сортировка каждой введённой строки по возрастанию символов"
				     newline 2
				     outstrln "Ввод строк до пустой строки:"
				     newline
 000003AE			L:   
				     inputstr offset buf,255,<"Ввод ",62>; Ввод >
 0000041A  83 F8 00		     cmp    eax,0
 0000041D  0F 84 0000017B	     je     KOH
				     invoke Sort,offset buf,al
				Comment &
				 invoke автоматически заменяется на команды
				     push   offset buf
				     movsx  eax,al; eax:=Longint(al)
				     push   eax
				     call   Sort
				&
				     SetTextAttr Yellow
				     outstr <"Вывод",62>; Вывод>
				     ConsoleMode; Не перекодировать введённый текст при выводе
				     outstrln offset buf
				     ConsoleMode; Перекодировать введённый текст при выводе
				     SetTextAttr
 00000599  E9 FFFFFE10		     jmp    L
 0000059E			KOH:
				     MsgBox "  Конец задачи", \
				            <"Попробуем",13,10,"ещё раз ?">, \
				            MB_YESNO+MB_ICONQUESTION
 0000060C  83 F8 06		     cmp  eax,IDYES
 0000060F  0F 84 FFFFFA1D	     je   Start
				     exit
				     end Start
Microsoft (R) Macro Assembler Version 6.14.8444		    02/16/18 15:57:26
a.asm							     Symbols 2 - 1




Macros:

                N a m e                 Type

??CheckStrToBuf  . . . . . . . .	Proc
??RestoreReg . . . . . . . . . .	Proc
??SaveReg  . . . . . . . . . . .	Proc
@inchar  . . . . . . . . . . . .	Func
@inintln . . . . . . . . . . . .	Func
@inint . . . . . . . . . . . . .	Func
@readkey . . . . . . . . . . . .	Func
ChagePageAttr  . . . . . . . . .	Proc
ClrScr . . . . . . . . . . . . .	Proc
ConsoleMode  . . . . . . . . . .	Proc
ConsoleTitle . . . . . . . . . .	Proc
DOS  . . . . . . . . . . . . . .	Func
DownloadFile . . . . . . . . . .	Proc
GetConsoleTitle  . . . . . . . .	Proc
HeapBlockSize  . . . . . . . . .	Proc
InputStr . . . . . . . . . . . .	Proc
MsgBox . . . . . . . . . . . . .	Proc
NewConsole . . . . . . . . . . .	Proc
OpenFile . . . . . . . . . . . .	Proc
RunExe . . . . . . . . . . . . .	Proc
SetScreenSize  . . . . . . . . .	Proc
SetTextAttr  . . . . . . . . . .	Proc
TotalHeapAllocated . . . . . . .	Proc
WhereX . . . . . . . . . . . . .	Proc
WhereY . . . . . . . . . . . . .	Proc
dispose  . . . . . . . . . . . .	Proc
exit . . . . . . . . . . . . . .	Proc
flush  . . . . . . . . . . . . .	Proc
gotoXY . . . . . . . . . . . . .	Proc
inchar . . . . . . . . . . . . .	Proc
inintln  . . . . . . . . . . . .	Proc
inint  . . . . . . . . . . . . .	Proc
newline  . . . . . . . . . . . .	Proc
new  . . . . . . . . . . . . . .	Proc
outcharln  . . . . . . . . . . .	Proc
outchar  . . . . . . . . . . . .	Proc
outdateln  . . . . . . . . . . .	Proc
outdate  . . . . . . . . . . . .	Proc
outintln . . . . . . . . . . . .	Proc
outint . . . . . . . . . . . . .	Proc
outnumln . . . . . . . . . . . .	Proc
outnum . . . . . . . . . . . . .	Proc
outstrln . . . . . . . . . . . .	Proc
outstr . . . . . . . . . . . . .	Proc
outtimeln  . . . . . . . . . . .	Proc
outtime  . . . . . . . . . . . .	Proc
outwordln  . . . . . . . . . . .	Proc
outword  . . . . . . . . . . . .	Proc
pause  . . . . . . . . . . . . .	Proc
readkey  . . . . . . . . . . . .	Proc


Structures and Unions:

                N a m e                  Size
                                         Offset      Type

CONSOLE_SCREEN_BUFFER_INFO . . .	 00000016
  dwSize . . . . . . . . . . . .	 00000000	 DWord
  dwCursorPosition . . . . . . .	 00000004	 DWord
  wAttributes  . . . . . . . . .	 00000008	 Word
  srWindow . . . . . . . . . . .	 0000000A	 QWord
  dwMaximumWindowSize  . . . . .	 00000012	 DWord
COORD  . . . . . . . . . . . . .	 00000004
  x  . . . . . . . . . . . . . .	 00000000	 Word
  y  . . . . . . . . . . . . . .	 00000002	 Word
SMALL_RECT . . . . . . . . . . .	 00000008
  Left . . . . . . . . . . . . .	 00000000	 Word
  Top  . . . . . . . . . . . . .	 00000002	 Word
  Right  . . . . . . . . . . . .	 00000004	 Word
  Bottom . . . . . . . . . . . .	 00000006	 Word
SystemTime . . . . . . . . . . .	 00000010
  wYear  . . . . . . . . . . . .	 00000000	 Word
  wMonth . . . . . . . . . . . .	 00000002	 Word
  wDayOfWeek . . . . . . . . . .	 00000004	 Word
  wDay . . . . . . . . . . . . .	 00000006	 Word
  wHour  . . . . . . . . . . . .	 00000008	 Word
  wMinute  . . . . . . . . . . .	 0000000A	 Word
  wSecond  . . . . . . . . . . .	 0000000C	 Word
  wMilliseconds  . . . . . . . .	 0000000E	 Word


Types:

                N a m e                  Size     Attr

c_msvcrt . . . . . . . . . . . .	 00000004     CODE 


Segments and Groups:

                N a m e                 Size     Length   Align   Combine Class

FLAT . . . . . . . . . . . . . .	GROUP
STACK  . . . . . . . . . . . . .	32 Bit	 00001000 Para	  Stack	  'STACK'	 
_BSS . . . . . . . . . . . . . .	32 Bit	 00000100 Para	  Public  'BSS'  
_DATA  . . . . . . . . . . . . .	32 Bit	 0000096A Para	  Public  'DATA'	
_TEXT  . . . . . . . . . . . . .	32 Bit	 0000061D Para	  Public  'CODE'	


Procedures,  parameters and locals:

                N a m e                 Type     Value    Attr

CharToOemA . . . . . . . . . . .	P Near	 00000000 FLAT	Length= 00000000 External STDCALL
ClearScreen  . . . . . . . . . .	P Near	 00000000 FLAT	Length= 00000000 External STDCALL
CloseHandle  . . . . . . . . . .	P Near	 00000000 FLAT	Length= 00000000 External STDCALL
CreateFileA  . . . . . . . . . .	P Near	 00000000 FLAT	Length= 00000000 External STDCALL
ExitProcess  . . . . . . . . . .	P Near	 00000000 FLAT	Length= 00000000 External STDCALL
GetCommandLineA  . . . . . . . .	P Near	 00000000 FLAT	Length= 00000000 External STDCALL
GetConsoleScreenBufferInfo . . .	P Near	 00000000 FLAT	Length= 00000000 External STDCALL
GetConsoleTitleA . . . . . . . .	P Near	 00000000 FLAT	Length= 00000000 External STDCALL
GetModuleHandleA . . . . . . . .	P Near	 00000000 FLAT	Length= 00000000 External STDCALL
GetStdHandle . . . . . . . . . .	P Near	 00000000 FLAT	Length= 00000000 External STDCALL
GetSystemMetrics . . . . . . . .	P Near	 00000000 FLAT	Length= 00000000 External STDCALL
GetSystemTime  . . . . . . . . .	P Near	 00000000 FLAT	Length= 00000000 External STDCALL
GlobalAlloc  . . . . . . . . . .	P Near	 00000000 FLAT	Length= 00000000 External STDCALL
GlobalFree . . . . . . . . . . .	P Near	 00000000 FLAT	Length= 00000000 External STDCALL
GlobalSize . . . . . . . . . . .	P Near	 00000000 FLAT	Length= 00000000 External STDCALL
InternetGetConnectedState  . . .	P Near	 00000000 FLAT	Length= 00000000 External STDCALL
MessageBoxA  . . . . . . . . . .	P Near	 00000000 FLAT	Length= 00000000 External STDCALL
MessageBoxIndirectA  . . . . . .	P Near	 00000000 FLAT	Length= 00000000 External STDCALL
SetConsoleCursorPosition . . . .	P Near	 00000000 FLAT	Length= 00000000 External STDCALL
SetConsoleScreenBufferSize . . .	P Near	 00000000 FLAT	Length= 00000000 External STDCALL
SetConsoleTextAttribute  . . . .	P Near	 00000000 FLAT	Length= 00000000 External STDCALL
SetConsoleTitleA . . . . . . . .	P Near	 00000000 FLAT	Length= 00000000 External STDCALL
Sort . . . . . . . . . . . . . .	P Near	 00000000 _TEXT	Length= 00000032 Public STDCALL
  X  . . . . . . . . . . . . . .	DWord	 bp + 00000008
  N  . . . . . . . . . . . . . .	Byte	 bp + 0000000C
  @L1  . . . . . . . . . . . . .	L Near	 00000015 _TEXT	
  @L2  . . . . . . . . . . . . .	L Near	 00000019 _TEXT	
  @L3  . . . . . . . . . . . . .	L Near	 00000023 _TEXT	
  @KON . . . . . . . . . . . . .	L Near	 0000002A _TEXT	
StdIn  . . . . . . . . . . . . .	P Near	 00000000 FLAT	Length= 00000000 External STDCALL
StdOut . . . . . . . . . . . . .	P Near	 00000000 FLAT	Length= 00000000 External STDCALL
URLDownloadToFileA . . . . . . .	P Near	 00000000 FLAT	Length= 00000000 External STDCALL
VirtualProtect . . . . . . . . .	P Near	 00000000 FLAT	Length= 00000000 External STDCALL
shell_ex . . . . . . . . . . . .	P Near	 00000000 FLAT	Length= 00000000 External STDCALL
shell  . . . . . . . . . . . . .	P Near	 00000000 FLAT	Length= 00000000 External STDCALL
wait_key . . . . . . . . . . . .	P Near	 00000000 FLAT	Length= 00000000 External STDCALL


Symbols:

                N a m e                 Type     Value    Attr

??0000 . . . . . . . . . . . . .	Word	 00000019 _DATA	
??0001 . . . . . . . . . . . . .	Number	 00000000h   
??0002 . . . . . . . . . . . . .	Byte	 0000001E _DATA	
??0003 . . . . . . . . . . . . .	Text   	 "
??0004 . . . . . . . . . . . . .	Byte	 0000001D _DATA	
??0006 . . . . . . . . . . . . .	L Near	 000000AA _TEXT	
??0007 . . . . . . . . . . . . .	Number	 00000000h   
??0008 . . . . . . . . . . . . .	Byte	 0000005F _DATA	
??000A . . . . . . . . . . . . .	Byte	 00000062 _DATA	
??000B . . . . . . . . . . . . .	Text   	 o
??000C . . . . . . . . . . . . .	Byte	 00000061 _DATA	
??000D . . . . . . . . . . . . .	L Near	 000000CD _TEXT	
??000E . . . . . . . . . . . . .	L Near	 00000103 _TEXT	
??000F . . . . . . . . . . . . .	Number	 00000000h   
??0010 . . . . . . . . . . . . .	Byte	 0000012A _DATA	
??0012 . . . . . . . . . . . . .	Byte	 0000012D _DATA	
??0013 . . . . . . . . . . . . .	Text   	 o
??0014 . . . . . . . . . . . . .	Byte	 0000012C _DATA	
??0015 . . . . . . . . . . . . .	L Near	 00000126 _TEXT	
??0016 . . . . . . . . . . . . .	L Near	 0000015C _TEXT	
??0017 . . . . . . . . . . . . .	Number	 00000000h   
??0018 . . . . . . . . . . . . .	Byte	 000001F5 _DATA	
??001A . . . . . . . . . . . . .	Byte	 000001F8 _DATA	
??001B . . . . . . . . . . . . .	Text   	 o
??001C . . . . . . . . . . . . .	Byte	 000001F7 _DATA	
??001D . . . . . . . . . . . . .	L Near	 0000017F _TEXT	
??001E . . . . . . . . . . . . .	L Near	 000001B5 _TEXT	
??001F . . . . . . . . . . . . .	Number	 00000000h   
??0020 . . . . . . . . . . . . .	Byte	 000002C0 _DATA	
??0022 . . . . . . . . . . . . .	Byte	 000002C3 _DATA	
??0023 . . . . . . . . . . . . .	Text   	 o
??0024 . . . . . . . . . . . . .	Byte	 000002C2 _DATA	
??0025 . . . . . . . . . . . . .	L Near	 000001D8 _TEXT	
??0026 . . . . . . . . . . . . .	L Near	 0000020E _TEXT	
??0027 . . . . . . . . . . . . .	Byte	 0000038C _DATA	
??0028 . . . . . . . . . . . . .	Text   	 "
??0029 . . . . . . . . . . . . .	Byte	 0000038B _DATA	
??002B . . . . . . . . . . . . .	L Near	 00000241 _TEXT	
??002C . . . . . . . . . . . . .	Number	 00000000h   
??002D . . . . . . . . . . . . .	Byte	 000003A9 _DATA	
??002F . . . . . . . . . . . . .	Byte	 000003AC _DATA	
??0030 . . . . . . . . . . . . .	Text   	 o
??0031 . . . . . . . . . . . . .	Byte	 000003AB _DATA	
??0032 . . . . . . . . . . . . .	L Near	 00000264 _TEXT	
??0033 . . . . . . . . . . . . .	L Near	 0000029A _TEXT	
??0034 . . . . . . . . . . . . .	Number	 00000000h   
??0035 . . . . . . . . . . . . .	Byte	 00000474 _DATA	
??0037 . . . . . . . . . . . . .	Byte	 00000477 _DATA	
??0038 . . . . . . . . . . . . .	Text   	 o
??0039 . . . . . . . . . . . . .	Byte	 00000476 _DATA	
??003A . . . . . . . . . . . . .	L Near	 000002BD _TEXT	
??003B . . . . . . . . . . . . .	L Near	 000002F3 _TEXT	
??003C . . . . . . . . . . . . .	Number	 00000000h   
??003D . . . . . . . . . . . . .	Byte	 0000053F _DATA	
??003F . . . . . . . . . . . . .	Byte	 00000542 _DATA	
??0040 . . . . . . . . . . . . .	Text   	 o
??0041 . . . . . . . . . . . . .	Byte	 00000541 _DATA	
??0042 . . . . . . . . . . . . .	L Near	 00000316 _TEXT	
??0043 . . . . . . . . . . . . .	L Near	 0000034C _TEXT	
??0044 . . . . . . . . . . . . .	Number	 00000000h   
??0045 . . . . . . . . . . . . .	Byte	 0000060A _DATA	
??0047 . . . . . . . . . . . . .	Byte	 0000060D _DATA	
??0048 . . . . . . . . . . . . .	Text   	 o
??0049 . . . . . . . . . . . . .	Byte	 0000060C _DATA	
??004A . . . . . . . . . . . . .	L Near	 0000036F _TEXT	
??004B . . . . . . . . . . . . .	L Near	 000003A5 _TEXT	
??004C . . . . . . . . . . . . .	L Near	 00000415 _TEXT	
??004D . . . . . . . . . . . . .	L Near	 0000040B _TEXT	
??004F . . . . . . . . . . . . .	Byte	 000006D6 _DATA	
??0050 . . . . . . . . . . . . .	Text   	 "
??0051 . . . . . . . . . . . . .	Byte	 000006D5 _DATA	
??0053 . . . . . . . . . . . . .	L Near	 000003D8 _TEXT	
??0054 . . . . . . . . . . . . .	Byte	 000006DE _DATA	
??0055 . . . . . . . . . . . . .	Text   	 "
??0056 . . . . . . . . . . . . .	Byte	 000006DD _DATA	
??0058 . . . . . . . . . . . . .	L Near	 0000046D _TEXT	
??0059 . . . . . . . . . . . . .	Byte	 000006E6 _DATA	
??005A . . . . . . . . . . . . .	Text   	 o
??005B . . . . . . . . . . . . .	Byte	 000006E5 _DATA	
??005C . . . . . . . . . . . . .	L Near	 0000048D _TEXT	
??005D . . . . . . . . . . . . .	L Near	 000004C3 _TEXT	
??005E . . . . . . . . . . . . .	Number	 00000000h   
??005F . . . . . . . . . . . . .	Byte	 000007AE _DATA	
??0061 . . . . . . . . . . . . .	Byte	 000007B1 _DATA	
??0062 . . . . . . . . . . . . .	Text   	 o
??0063 . . . . . . . . . . . . .	Byte	 000007B0 _DATA	
??0064 . . . . . . . . . . . . .	L Near	 000004E6 _TEXT	
??0065 . . . . . . . . . . . . .	L Near	 0000051C _TEXT	
??0066 . . . . . . . . . . . . .	Number	 00000000h   
??0067 . . . . . . . . . . . . .	Byte	 00000879 _DATA	
??0069 . . . . . . . . . . . . .	Byte	 0000087C _DATA	
??006A . . . . . . . . . . . . .	Text   	 o
??006B . . . . . . . . . . . . .	Byte	 0000087B _DATA	
??006C . . . . . . . . . . . . .	L Near	 0000053F _TEXT	
??006D . . . . . . . . . . . . .	L Near	 00000575 _TEXT	
??0074 . . . . . . . . . . . . .	Byte	 00000945 _DATA	
??0075 . . . . . . . . . . . . .	Text   	 "
??0076 . . . . . . . . . . . . .	Byte	 00000944 _DATA	
??0078 . . . . . . . . . . . . .	L Near	 000005CD _TEXT	
??0079 . . . . . . . . . . . . .	Byte	 00000955 _DATA	
??007A . . . . . . . . . . . . .	Text   	 "
??007B . . . . . . . . . . . . .	Byte	 00000954 _DATA	
??007D . . . . . . . . . . . . .	L Near	 000005F5 _TEXT	
??CommonHeapElemSize . . . . . .	DWord	 00000004 _DATA	
??ConsoleMode  . . . . . . . . .	Byte	 00000008 _DATA	
??TotalHeapAllocated . . . . . .	DWord	 00000000 _DATA	
??sTime  . . . . . . . . . . . .	SystemTime  00000009 _DATA	
@CodeSize  . . . . . . . . . . .	Number	 00000000h   
@DataSize  . . . . . . . . . . .	Number	 00000000h   
@InChar  . . . . . . . . . . . .	Text   	 @inchar
@InInt . . . . . . . . . . . . .	Text   	 @inint
@Inchar  . . . . . . . . . . . .	Text   	 @inchar
@InintLn . . . . . . . . . . . .	Text   	 @inintln
@Inintln . . . . . . . . . . . .	Text   	 @inintln
@Inint . . . . . . . . . . . . .	Text   	 @inint
@Interface . . . . . . . . . . .	Number	 00000003h   
@Model . . . . . . . . . . . . .	Number	 00000007h   
@ReadKey . . . . . . . . . . . .	Text   	 @readkey
@code  . . . . . . . . . . . . .	Text   	 _TEXT
@data  . . . . . . . . . . . . .	Text   	 FLAT
@fardata?  . . . . . . . . . . .	Text   	 FLAT
@fardata . . . . . . . . . . . .	Text   	 FLAT
@stack . . . . . . . . . . . . .	Text   	 FLAT
AllocConsole@0 . . . . . . . . .	L Near	 00000000 FLAT	External STDCALL
Black  . . . . . . . . . . . . .	Number	 00000000h   
Blue . . . . . . . . . . . . . .	Number	 00000001h   
Bright . . . . . . . . . . . . .	Number	 00000008h   
Brown  . . . . . . . . . . . . .	Number	 00000006h   
CREATE_ALWAYS  . . . . . . . . .	Number	 00000002h   
CREATE_NEW . . . . . . . . . . .	Number	 00000001h   
CharToOem  . . . . . . . . . . .	Text   	 CharToOemA
Cls  . . . . . . . . . . . . . .	Text   	 ClrScr
CreateFile . . . . . . . . . . .	Text   	 CreateFileA
Cyan . . . . . . . . . . . . . .	Number	 00000003h   
DarkGray . . . . . . . . . . . .	Number	 00000008h   
Dispose  . . . . . . . . . . . .	Text   	 dispose
Exit . . . . . . . . . . . . . .	Text   	 exit
FILE_ATTRIBUTE_ARCHIVE . . . . .	Number	 00000020h   
FILE_ATTRIBUTE_COMPRESSED  . . .	Number	 00000800h   
FILE_ATTRIBUTE_DIRECTORY . . . .	Number	 00000010h   
FILE_ATTRIBUTE_HIDDEN  . . . . .	Number	 00000002h   
FILE_ATTRIBUTE_NORMAL  . . . . .	Number	 00000080h   
FILE_ATTRIBUTE_READONLY  . . . .	Number	 00000001h   
FILE_ATTRIBUTE_SYSTEM  . . . . .	Number	 00000004h   
FILE_ATTRIBUTE_TEMPORARY . . . .	Number	 00000100h   
Flush  . . . . . . . . . . . . .	Text   	 flush
FreeConsole@0  . . . . . . . . .	L Near	 00000000 FLAT	External STDCALL
GENERIC_ALL  . . . . . . . . . .	Number	 10000000h   
GENERIC_EXECUTE  . . . . . . . .	Number	 20000000h   
GENERIC_READ . . . . . . . . . .	Number	 -80000000h   
GENERIC_WRITE  . . . . . . . . .	Number	 40000000h   
GMEM_FIXED . . . . . . . . . . .	Number	 00000000h   
GMEM_ZEROINIT  . . . . . . . . .	Number	 00000040h   
GetCommandLine . . . . . . . . .	Text   	 GetCommandLineA
GetModuleHandle  . . . . . . . .	Text   	 GetModuleHandleA
GotoXY . . . . . . . . . . . . .	Text   	 gotoXY
Green  . . . . . . . . . . . . .	Number	 00000002h   
IDABORT  . . . . . . . . . . . .	Number	 00000003h   
IDCANCEL . . . . . . . . . . . .	Number	 00000002h   
IDIGNORE . . . . . . . . . . . .	Number	 00000005h   
IDNO . . . . . . . . . . . . . .	Number	 00000007h   
IDOK . . . . . . . . . . . . . .	Number	 00000001h   
IDRETRY  . . . . . . . . . . . .	Number	 00000004h   
IDYES  . . . . . . . . . . . . .	Number	 00000006h   
InChar . . . . . . . . . . . . .	Text   	 inchar
InInt  . . . . . . . . . . . . .	Text   	 inint
Inchar . . . . . . . . . . . . .	Text   	 inchar
InintLn  . . . . . . . . . . . .	Text   	 inintln
Inintln  . . . . . . . . . . . .	Text   	 inintln
Inint  . . . . . . . . . . . . .	Text   	 inint
KOH  . . . . . . . . . . . . . .	L Near	 0000059E _TEXT	
LANG_NEUTRAL . . . . . . . . . .	Number	 00000000h   
LightBlue  . . . . . . . . . . .	Number	 00000009h   
LightGray  . . . . . . . . . . .	Number	 00000007h   
LightGreen . . . . . . . . . . .	Number	 0000000Ah   
LightMagenta . . . . . . . . . .	Number	 0000000Dh   
LightRed . . . . . . . . . . . .	Number	 0000000Ch   
L  . . . . . . . . . . . . . . .	L Near	 000003AE _TEXT	
MB_ABORTRETRYIGNORE  . . . . . .	Number	 00000002h   
MB_CANCELTRYCONTINUE . . . . . .	Number	 00000006h   
MB_DEFBUTTON1  . . . . . . . . .	Number	 00000000h   
MB_DEFBUTTON2  . . . . . . . . .	Number	 00000100h   
MB_DEFBUTTON3  . . . . . . . . .	Number	 00000200h   
MB_DEFBUTTON4  . . . . . . . . .	Number	 00000300h   
MB_HELP  . . . . . . . . . . . .	Number	 00004000h   
MB_ICONASTERISK  . . . . . . . .	Number	 00000040h   
MB_ICONEXCLAMATION . . . . . . .	Number	 00000030h   
MB_ICONHAND  . . . . . . . . . .	Number	 00000008h   
MB_ICONQUESTION  . . . . . . . .	Number	 00000020h   
MB_ICONSTOP  . . . . . . . . . .	Number	 00000010h   
MB_OKCANCEL  . . . . . . . . . .	Number	 00000001h   
MB_OK  . . . . . . . . . . . . .	Number	 00000000h   
MB_RETRYCANCEL . . . . . . . . .	Number	 00000005h   
MB_RIGHT . . . . . . . . . . . .	Number	 00080000h   
MB_SYSTEMMODAL . . . . . . . . .	Number	 00001000h   
MB_USERICON  . . . . . . . . . .	Number	 00000080h   
MB_YESNOCANCEL . . . . . . . . .	Number	 00000003h   
MB_YESNO . . . . . . . . . . . .	Number	 00000004h   
Magenta  . . . . . . . . . . . .	Number	 00000005h   
MessageBoxIndirect . . . . . . .	Text   	 MessageBoxIndirectA
MessageBox . . . . . . . . . . .	Text   	 MessageBoxA
NULL . . . . . . . . . . . . . .	Number	 00000000h   
NewLine  . . . . . . . . . . . .	Text   	 newline
Newline  . . . . . . . . . . . .	Text   	 newline
New  . . . . . . . . . . . . . .	Text   	 new
OPEN_ALWAYS  . . . . . . . . . .	Number	 00000004h   
OPEN_EXISTING  . . . . . . . . .	Number	 00000003h   
OutCharLn  . . . . . . . . . . .	Text   	 outcharln
OutCharln  . . . . . . . . . . .	Text   	 outcharln
OutChar  . . . . . . . . . . . .	Text   	 outchar,prompt:VARARG
OutDateLn  . . . . . . . . . . .	Text   	 outdateln
OutDateln  . . . . . . . . . . .	Text   	 outdateln
OutDate  . . . . . . . . . . . .	Text   	 outdate
OutILn . . . . . . . . . . . . .	Text   	 outintln
OutIntLn . . . . . . . . . . . .	Text   	 outintln
OutInt . . . . . . . . . . . . .	Text   	 outint
OutI . . . . . . . . . . . . . .	Text   	 outint
OutNumLn . . . . . . . . . . . .	Text   	 outnumln
OutNumln . . . . . . . . . . . .	Text   	 outnumln
OutNum . . . . . . . . . . . . .	Text   	 outnum
OutStrLn . . . . . . . . . . . .	Text   	 outstrln
OutStr . . . . . . . . . . . . .	Text   	 outstr
OutTimeLn  . . . . . . . . . . .	Text   	 outtimeln
OutTimeln  . . . . . . . . . . .	Text   	 outtimeln
OutTime  . . . . . . . . . . . .	Text   	 outtime
OutWordLn  . . . . . . . . . . .	Text   	 outwordln
OutWord  . . . . . . . . . . . .	Text   	 outword
OutintLn . . . . . . . . . . . .	Text   	 outintln
Outintln . . . . . . . . . . . .	Text   	 outintln
Outint . . . . . . . . . . . . .	Text   	 outint
OutstrLn . . . . . . . . . . . .	Text   	 outstrln
OutwordLn  . . . . . . . . . . .	Text   	 outwordln
Outword  . . . . . . . . . . . .	Text   	 outword
PAGE_EXECUTE_READWRITE . . . . .	Number	 00000040h   
PAGE_EXECUTE_READ  . . . . . . .	Number	 00000020h   
PAGE_EXECUTE_WRITECOPY . . . . .	Number	 00000080h   
PAGE_EXECUTE . . . . . . . . . .	Number	 00000010h   
PAGE_NOACCESS  . . . . . . . . .	Number	 00000001h   
PAGE_READONLY  . . . . . . . . .	Number	 00000002h   
PAGE_READWRITE . . . . . . . . .	Number	 00000004h   
PAGE_WRITECOPY . . . . . . . . .	Number	 00000008h   
Pause  . . . . . . . . . . . . .	Text   	 pause
ReadKey  . . . . . . . . . . . .	Text   	 readkey
Red  . . . . . . . . . . . . . .	Number	 00000004h   
STD_ERROR_HANDLE . . . . . . . .	Number	 -0000000Ch   
STD_INPUT_HANDLE . . . . . . . .	Number	 -0000000Ah   
STD_OUTPUT_HANDLE  . . . . . . .	Number	 -0000000Bh   
SetConsoleTitle  . . . . . . . .	Text   	 SetConsoleTitleA
Start  . . . . . . . . . . . . .	L Near	 00000032 _TEXT	Public STDCALL
TRUNCATE_EXISTING  . . . . . . .	Number	 00000005h   
URLDownloadToFile  . . . . . . .	Text   	 URLDownloadToFileA
White  . . . . . . . . . . . . .	Number	 0000000Fh   
Yellow . . . . . . . . . . . . .	Number	 0000000Eh   
_imp__printf . . . . . . . . . .	DWord	 00000000 FLAT	External STDCALL
_imp__sprintf  . . . . . . . . .	DWord	 00000000 FLAT	External STDCALL
black  . . . . . . . . . . . . .	Number	 00000000h   
blue . . . . . . . . . . . . . .	Number	 00000001h   
bright . . . . . . . . . . . . .	Number	 00000008h   
brown  . . . . . . . . . . . . .	Number	 00000006h   
buf  . . . . . . . . . . . . . .	Byte	 00000000 _BSS	
clrscr . . . . . . . . . . . . .	Text   	 ClrScr
crt_printf . . . . . . . . . . .	Text   	 _imp__printf
crt_sprintf  . . . . . . . . . .	Text   	 _imp__sprintf
cyan . . . . . . . . . . . . . .	Number	 00000003h   
darkgray . . . . . . . . . . . .	Number	 00000008h   
dos  . . . . . . . . . . . . . .	Text   	 DOS
downloadfile . . . . . . . . . .	Text   	 DownloadFile
gotoxy . . . . . . . . . . . . .	Text   	 gotoXY
green  . . . . . . . . . . . . .	Number	 00000002h   
heapblocksize  . . . . . . . . .	Text   	 HeapBlockSize
inint_proc@0 . . . . . . . . . .	L Near	 00000000 FLAT	External STDCALL
inputstr . . . . . . . . . . . .	Text   	 InputStr
lightblue  . . . . . . . . . . .	Number	 00000009h   
lightgray  . . . . . . . . . . .	Number	 00000007h   
lightgreen . . . . . . . . . . .	Number	 0000000Ah   
lightmagenta . . . . . . . . . .	Number	 0000000Dh   
lightred . . . . . . . . . . . .	Number	 0000000Ch   
magenta  . . . . . . . . . . . .	Number	 00000005h   
nil  . . . . . . . . . . . . . .	DWord 	 00000000h   
outintLn . . . . . . . . . . . .	Text   	 outintln
outwordLn  . . . . . . . . . . .	Text   	 outwordln
red  . . . . . . . . . . . . . .	Number	 00000004h   
settextattr  . . . . . . . . . .	Text   	 SetTextAttr
whereX . . . . . . . . . . . . .	Text   	 WhereX
whereY . . . . . . . . . . . . .	Text   	 WhereY
wherex . . . . . . . . . . . . .	Text   	 WhereX
wherey . . . . . . . . . . . . .	Text   	 WhereY
white  . . . . . . . . . . . . .	Number	 0000000Fh   
yellow . . . . . . . . . . . . .	Number	 0000000Eh   

	   0 Warnings
	   0 Errors
