Microsoft (R) Macro Assembler Version 6.14.8444		    05/16/20 15:46:31
m2.asm							     Page 1 - 1


				comment ~
				«адача-2 (выход-5)
				~

				include console.inc
			      C .NOLIST
			      C .LIST
			      C ; »сключение из списка служебных слов
			      C option NoKeyWord: <c name str>
			      C 
			      C 
			      C 
			      C ;include masm32.inc
			      C 
			      C    includelib masm32.lib
			      C    includelib user32.lib
			      C    includelib kernel32.lib
			      C    includelib msvcrt.lib
			      C    includelib io_proc.lib
			      C    
			      C 

				extern In_text@0:proc, Out_text@0:proc, Find_min_word@0:proc 

 00000019			.data
 00000019 20 D4 C0 CC C8	T   db " ‘јћ»Ћ»я______ »ћя______    «јƒј„ј_1 (этапы 1 и 2) (выход-5)",0	;	
	   CB C8 DF 5F 5F
	   5F 5F 5F 5F 20
	   C8 CC DF 5F 5F
	   5F 5F 5F 5F 20
	   20 20 20 C7 C0
	   C4 C0 D7 C0 5F
	   31 20 28 FD F2
	   E0 EF FB 20 31
	   20 E8 20 32 29
	   20 28 E2 FB F5
	   EE E4 2D 35 29
	   00
 = 00000005			N  	 equ 5                        ;  количество слов
 = 00000006			K  	 equ 6                        ;  длина одного слова
 00000056  0000001E [		Arr_of_words db N*K dup(?),"ABBBBA"0
	    00
	   ]
m2.asm(13) : error A2206: missing operator in expression

				extern In_text@0: proc, Out_text@0: proc, Find_min_word@0: proc

 00000000			.code
					
 00000000			Start:	;------------- этап 1 -------(40 очков)-----------------------------
					ConsoleTitle offset T	
					outword N,,"¬ведите “≈ —“ из "
					outstrln " слов,"
					outword K,,"в каждом —Ћќ¬≈ - по "
					outstrln " символов,"
					outstrln "слова отдел€йте друг от друга нажатием ENTER:"
					
					; действи€ по вызову процедуры In_text:
 00000304  B8 00000006		    mov EAX, K
 00000309  50			    push EAX
 0000030A  B8 00000005		    mov EAX, N
 0000030F  50			    push EAX
 00000310  68 00000056 R	    push offset Arr_of_words
 00000315  E8 00000000 E	    call  In_text@0  
					newline
					
					;--------------- этап 2 ---------(30 очков)---------------------------------
					outstrln "¬аш текст, преобразованный к верхнему регистру:"
					; действи€ по вызову процедуры Out_text:
 00000430  B8 00000006		    mov EAX, K
 00000435  50			    push EAX
 00000436  B8 00000005		    mov EAX, N
 0000043B  50			    push EAX
 0000043C  68 00000056 R	    push offset Arr_of_words
 00000441  E8 00000000 E	    call  Out_text@0  
					newline
					
					;---------------- этап 3 ---------(50 очков)--------------------------------
					outstrln "—лово, лексикографически предшествующее всем остальным:"
					; действи€ по вызову процедуры Find_min_word:
 0000055C  B8 00000006		    mov EAX, K
 00000561  50			    push EAX
 00000562  B8 00000005		    mov EAX, N
 00000567  50			    push EAX
 00000568  68 00000056 R	    push offset Arr_of_words
 0000056D  E8 00000000 E	    call  Find_min_word@0  
				    newline
				    
				    pause     ; нужно при сдаче по email
				    exit
				end Start

				------------- ƒјЌЌџ≈ ƒЋя “≈—“»–ќ¬јЌ»я ----------------------------------
				этап_1:

				zxCvbN
				ZxccCc
				zxbBBb
				CbbbBB
				cBBbba

				этап_2:

				ZXCVBN
				ZXCCCC
				ZXBBBB
				CBBBBB
				CBBBBA


				этап_3:

				CBBBBA

				**************************************************************

				»Ќ—“–” ÷»я ѕќ –ј«–јЅќ“ ≈ Ё“ќ… ƒ¬”’ћќƒ”Ћ№Ќќ… ѕ–ќ√–јћћџ:

				**************************************************************
				поместить пакетный файл prompt1.bat в тот каталог, где наход€тс€ исходные 
				ассемблерные модули (m2.asm и u2.asm) и запустить его на выполнение 
				(кликнув по нему мышкой), после чего откроетс€ окно командной строки

				дл€ трансл€ции этого модул€ (m2.asm) выполнить 
				из командной строки:
				ml /c /coff /Fl m2.asm

				дл€ трансл€ции вспомогательного модул€ (u2.asm) выполнить 
				из командной строки:
				ml /c /coff /Fl u2.asm

				дл€ сборки (линковки) этих двух модулей выполнить из командной строки:
				link /subsystem:console m2.obj u2.obj 

				дл€ запуска готовой программы m2.exe на счЄт выполнить из командной строки:
				m2
Microsoft (R) Macro Assembler Version 6.14.8444		    05/16/20 15:46:31
m2.asm							     Symbols 2 - 1




Macros:

                N a m e                 Type

??CheckStrToBuf  . . . . . . . .	Proc
??FindESP  . . . . . . . . . . .	Proc
??RestoreReg . . . . . . . . . .	Proc
??SaveReg  . . . . . . . . . . .	Proc
@GetCommandLine  . . . . . . . .	Func
@Random  . . . . . . . . . . . .	Func
@inchar  . . . . . . . . . . . .	Func
@inintln . . . . . . . . . . . .	Func
@inint . . . . . . . . . . . . .	Func
@readkey . . . . . . . . . . . .	Func
ChagePageAttr  . . . . . . . . .	Proc
ClrScr . . . . . . . . . . . . .	Proc
ConsoleMode  . . . . . . . . . .	Proc
ConsoleTitle . . . . . . . . . .	Proc
DOS  . . . . . . . . . . . . . .	Func
DownloadFile . . . . . . . . . .	Proc
GetConsoleTitle  . . . . . . . .	Proc
HeapBlockSize  . . . . . . . . .	Proc
InputStr . . . . . . . . . . . .	Proc
MsgBox . . . . . . . . . . . . .	Proc
NewConsole . . . . . . . . . . .	Proc
OpenFile . . . . . . . . . . . .	Proc
OutFlags . . . . . . . . . . . .	Proc
Randomize  . . . . . . . . . . .	Proc
RunExe . . . . . . . . . . . . .	Proc
SetScreenSize  . . . . . . . . .	Proc
SetTextAttr  . . . . . . . . . .	Proc
TotalHeapAllocated . . . . . . .	Proc
WhereX . . . . . . . . . . . . .	Proc
WhereY . . . . . . . . . . . . .	Proc
dispose  . . . . . . . . . . . .	Proc
exit . . . . . . . . . . . . . .	Proc
flush  . . . . . . . . . . . . .	Proc
gotoXY . . . . . . . . . . . . .	Proc
inchar . . . . . . . . . . . . .	Proc
inintln  . . . . . . . . . . . .	Proc
inint  . . . . . . . . . . . . .	Proc
newline  . . . . . . . . . . . .	Proc
new  . . . . . . . . . . . . . .	Proc
outcharln  . . . . . . . . . . .	Proc
outchar  . . . . . . . . . . . .	Proc
outdateln  . . . . . . . . . . .	Proc
outdate  . . . . . . . . . . . .	Proc
outintln . . . . . . . . . . . .	Proc
outint . . . . . . . . . . . . .	Proc
outnumln . . . . . . . . . . . .	Proc
outnum . . . . . . . . . . . . .	Proc
outstrln . . . . . . . . . . . .	Proc
outstr . . . . . . . . . . . . .	Proc
outtimeln  . . . . . . . . . . .	Proc
outtime  . . . . . . . . . . . .	Proc
outwordln  . . . . . . . . . . .	Proc
outword  . . . . . . . . . . . .	Proc
pause  . . . . . . . . . . . . .	Proc
readkey  . . . . . . . . . . . .	Proc


Structures and Unions:

                N a m e                  Size
                                         Offset      Type

CONSOLE_SCREEN_BUFFER_INFO . . .	 00000016
  dwSize . . . . . . . . . . . .	 00000000	 DWord
  dwCursorPosition . . . . . . .	 00000004	 DWord
  wAttributes  . . . . . . . . .	 00000008	 Word
  srWindow . . . . . . . . . . .	 0000000A	 QWord
  dwMaximumWindowSize  . . . . .	 00000012	 DWord
COORD  . . . . . . . . . . . . .	 00000004
  x  . . . . . . . . . . . . . .	 00000000	 Word
  y  . . . . . . . . . . . . . .	 00000002	 Word
SMALL_RECT . . . . . . . . . . .	 00000008
  Left . . . . . . . . . . . . .	 00000000	 Word
  Top  . . . . . . . . . . . . .	 00000002	 Word
  Right  . . . . . . . . . . . .	 00000004	 Word
  Bottom . . . . . . . . . . . .	 00000006	 Word
SystemTime . . . . . . . . . . .	 00000010
  wYear  . . . . . . . . . . . .	 00000000	 Word
  wMonth . . . . . . . . . . . .	 00000002	 Word
  wDayOfWeek . . . . . . . . . .	 00000004	 Word
  wDay . . . . . . . . . . . . .	 00000006	 Word
  wHour  . . . . . . . . . . . .	 00000008	 Word
  wMinute  . . . . . . . . . . .	 0000000A	 Word
  wSecond  . . . . . . . . . . .	 0000000C	 Word
  wMilliseconds  . . . . . . . .	 0000000E	 Word


Types:

                N a m e                  Size     Attr

c_msvcrt . . . . . . . . . . . .	 00000004     CODE 


Segments and Groups:

                N a m e                 Size     Length   Align   Combine Class

FLAT . . . . . . . . . . . . . .	GROUP
STACK  . . . . . . . . . . . . .	32 Bit	 00001000 Para	  Stack	  'STACK'	 
_DATA  . . . . . . . . . . . . .	32 Bit	 00000D70 Para	  Public  'DATA'	
_TEXT  . . . . . . . . . . . . .	32 Bit	 00000663 Para	  Public  'CODE'	


Procedures,  parameters and locals:

                N a m e                 Type     Value    Attr

CharToOemA . . . . . . . . . . .	P Near	 00000000 FLAT	Length= 00000000 External STDCALL
ClearScreen  . . . . . . . . . .	P Near	 00000000 FLAT	Length= 00000000 External STDCALL
CloseHandle  . . . . . . . . . .	P Near	 00000000 FLAT	Length= 00000000 External STDCALL
CreateFileA  . . . . . . . . . .	P Near	 00000000 FLAT	Length= 00000000 External STDCALL
ExitProcess  . . . . . . . . . .	P Near	 00000000 FLAT	Length= 00000000 External STDCALL
GetCommandLineA  . . . . . . . .	P Near	 00000000 FLAT	Length= 00000000 External STDCALL
GetConsoleScreenBufferInfo . . .	P Near	 00000000 FLAT	Length= 00000000 External STDCALL
GetConsoleTitleA . . . . . . . .	P Near	 00000000 FLAT	Length= 00000000 External STDCALL
GetModuleHandleA . . . . . . . .	P Near	 00000000 FLAT	Length= 00000000 External STDCALL
GetStdHandle . . . . . . . . . .	P Near	 00000000 FLAT	Length= 00000000 External STDCALL
GetSystemMetrics . . . . . . . .	P Near	 00000000 FLAT	Length= 00000000 External STDCALL
GetSystemTime  . . . . . . . . .	P Near	 00000000 FLAT	Length= 00000000 External STDCALL
GetTickCount . . . . . . . . . .	P Near	 00000000 FLAT	Length= 00000000 External STDCALL
GlobalAlloc  . . . . . . . . . .	P Near	 00000000 FLAT	Length= 00000000 External STDCALL
GlobalFree . . . . . . . . . . .	P Near	 00000000 FLAT	Length= 00000000 External STDCALL
GlobalSize . . . . . . . . . . .	P Near	 00000000 FLAT	Length= 00000000 External STDCALL
InternetGetConnectedState  . . .	P Near	 00000000 FLAT	Length= 00000000 External STDCALL
MessageBoxA  . . . . . . . . . .	P Near	 00000000 FLAT	Length= 00000000 External STDCALL
MessageBoxIndirectA  . . . . . .	P Near	 00000000 FLAT	Length= 00000000 External STDCALL
SetConsoleCtrlHandler  . . . . .	P Near	 00000000 FLAT	Length= 00000000 External STDCALL
SetConsoleCursorPosition . . . .	P Near	 00000000 FLAT	Length= 00000000 External STDCALL
SetConsoleScreenBufferSize . . .	P Near	 00000000 FLAT	Length= 00000000 External STDCALL
SetConsoleTextAttribute  . . . .	P Near	 00000000 FLAT	Length= 00000000 External STDCALL
SetConsoleTitleA . . . . . . . .	P Near	 00000000 FLAT	Length= 00000000 External STDCALL
Sleep  . . . . . . . . . . . . .	P Near	 00000000 FLAT	Length= 00000000 External STDCALL
StdIn  . . . . . . . . . . . . .	P Near	 00000000 FLAT	Length= 00000000 External STDCALL
StdOut . . . . . . . . . . . . .	P Near	 00000000 FLAT	Length= 00000000 External STDCALL
URLDownloadToFileA . . . . . . .	P Near	 00000000 FLAT	Length= 00000000 External STDCALL
VirtualProtect . . . . . . . . .	P Near	 00000000 FLAT	Length= 00000000 External STDCALL
nrandom  . . . . . . . . . . . .	P Near	 00000000 FLAT	Length= 00000000 External STDCALL
nseed  . . . . . . . . . . . . .	P Near	 00000000 FLAT	Length= 00000000 External STDCALL
shell_ex . . . . . . . . . . . .	P Near	 00000000 FLAT	Length= 00000000 External STDCALL
shell  . . . . . . . . . . . . .	P Near	 00000000 FLAT	Length= 00000000 External STDCALL
wait_key . . . . . . . . . . . .	P Near	 00000000 FLAT	Length= 00000000 External STDCALL


Symbols:

                N a m e                 Type     Value    Attr

??0000 . . . . . . . . . . . . .	Byte	 00000076 _DATA	
??0001 . . . . . . . . . . . . .	Text   	 o
??0002 . . . . . . . . . . . . .	Byte	 00000075 _DATA	
??0003 . . . . . . . . . . . . .	L Near	 00000012 _TEXT	
??0004 . . . . . . . . . . . . .	L Near	 00000048 _TEXT	
??0005 . . . . . . . . . . . . .	Number	 -00000001h   
??0006 . . . . . . . . . . . . .	Number	 00000001h   
??0007 . . . . . . . . . . . . .	Number	 00000000h   
??0008 . . . . . . . . . . . . .	Byte	 000001B8 _DATA	
??0010 . . . . . . . . . . . . .	Number	 00000000h   
??0012 . . . . . . . . . . . . .	Byte	 000001B5 _DATA	
??0013 . . . . . . . . . . . . .	Byte	 000001A3 _DATA	
??0014 . . . . . . . . . . . . .	Text   	 "
??0015 . . . . . . . . . . . . .	Byte	 000001A2 _DATA	
??0017 . . . . . . . . . . . . .	L Near	 0000007D _TEXT	
??0018 . . . . . . . . . . . . .	Byte	 000001C3 _DATA	
??0019 . . . . . . . . . . . . .	Byte	 000001BC _DATA	
??001A . . . . . . . . . . . . .	Text   	 "
??001B . . . . . . . . . . . . .	Byte	 000001BB _DATA	
??001D . . . . . . . . . . . . .	L Near	 000000D7 _TEXT	
??001E . . . . . . . . . . . . .	Byte	 000001C6 _DATA	
??001F . . . . . . . . . . . . .	Number	 00000000h   
??0020 . . . . . . . . . . . . .	Byte	 000001C9 _DATA	
??0022 . . . . . . . . . . . . .	Byte	 000002F8 _DATA	
??0023 . . . . . . . . . . . . .	Byte	 000001CC _DATA	
??0024 . . . . . . . . . . . . .	Text   	 o
??0025 . . . . . . . . . . . . .	Byte	 000001CB _DATA	
??0026 . . . . . . . . . . . . .	L Near	 00000109 _TEXT	
??0027 . . . . . . . . . . . . .	L Near	 0000013F _TEXT	
??0028 . . . . . . . . . . . . .	Number	 -00000001h   
??0029 . . . . . . . . . . . . .	Number	 00000001h   
??002A . . . . . . . . . . . . .	Number	 00000000h   
??002B . . . . . . . . . . . . .	Byte	 00000314 _DATA	
??0033 . . . . . . . . . . . . .	Number	 00000000h   
??0035 . . . . . . . . . . . . .	Byte	 00000311 _DATA	
??0036 . . . . . . . . . . . . .	Byte	 000002FC _DATA	
??0037 . . . . . . . . . . . . .	Text   	 "
??0038 . . . . . . . . . . . . .	Byte	 000002FB _DATA	
??003A . . . . . . . . . . . . .	L Near	 00000181 _TEXT	
??003B . . . . . . . . . . . . .	Byte	 00000323 _DATA	
??003C . . . . . . . . . . . . .	Byte	 00000318 _DATA	
??003D . . . . . . . . . . . . .	Text   	 "
??003E . . . . . . . . . . . . .	Byte	 00000317 _DATA	
??0040 . . . . . . . . . . . . .	L Near	 000001DB _TEXT	
??0041 . . . . . . . . . . . . .	Byte	 00000326 _DATA	
??0042 . . . . . . . . . . . . .	Number	 00000000h   
??0043 . . . . . . . . . . . . .	Byte	 00000329 _DATA	
??0045 . . . . . . . . . . . . .	Byte	 00000458 _DATA	
??0046 . . . . . . . . . . . . .	Byte	 0000032C _DATA	
??0047 . . . . . . . . . . . . .	Text   	 o
??0048 . . . . . . . . . . . . .	Byte	 0000032B _DATA	
??0049 . . . . . . . . . . . . .	L Near	 0000020D _TEXT	
??004A . . . . . . . . . . . . .	L Near	 00000243 _TEXT	
??004B . . . . . . . . . . . . .	Byte	 0000048A _DATA	
??004C . . . . . . . . . . . . .	Byte	 0000045C _DATA	
??004D . . . . . . . . . . . . .	Text   	 "
??004E . . . . . . . . . . . . .	Byte	 0000045B _DATA	
??0050 . . . . . . . . . . . . .	L Near	 00000285 _TEXT	
??0051 . . . . . . . . . . . . .	Byte	 0000048D _DATA	
??0052 . . . . . . . . . . . . .	Number	 00000000h   
??0053 . . . . . . . . . . . . .	Byte	 00000490 _DATA	
??0055 . . . . . . . . . . . . .	Byte	 000005BF _DATA	
??0056 . . . . . . . . . . . . .	Byte	 00000493 _DATA	
??0057 . . . . . . . . . . . . .	Text   	 o
??0058 . . . . . . . . . . . . .	Byte	 00000492 _DATA	
??0059 . . . . . . . . . . . . .	L Near	 000002B7 _TEXT	
??005A . . . . . . . . . . . . .	L Near	 000002ED _TEXT	
??005B . . . . . . . . . . . . .	Byte	 000005C2 _DATA	
??005C . . . . . . . . . . . . .	Number	 00000000h   
??005D . . . . . . . . . . . . .	Byte	 000005C5 _DATA	
??005F . . . . . . . . . . . . .	Byte	 000006F4 _DATA	
??0060 . . . . . . . . . . . . .	Byte	 000005C8 _DATA	
??0061 . . . . . . . . . . . . .	Text   	 o
??0062 . . . . . . . . . . . . .	Byte	 000005C7 _DATA	
??0063 . . . . . . . . . . . . .	L Near	 00000339 _TEXT	
??0064 . . . . . . . . . . . . .	L Near	 0000036F _TEXT	
??0065 . . . . . . . . . . . . .	Byte	 00000728 _DATA	
??0066 . . . . . . . . . . . . .	Byte	 000006F8 _DATA	
??0067 . . . . . . . . . . . . .	Text   	 "
??0068 . . . . . . . . . . . . .	Byte	 000006F7 _DATA	
??006A . . . . . . . . . . . . .	L Near	 000003B1 _TEXT	
??006B . . . . . . . . . . . . .	Byte	 0000072B _DATA	
??006C . . . . . . . . . . . . .	Number	 00000000h   
??006D . . . . . . . . . . . . .	Byte	 0000072E _DATA	
??006F . . . . . . . . . . . . .	Byte	 0000085D _DATA	
??0070 . . . . . . . . . . . . .	Byte	 00000731 _DATA	
??0071 . . . . . . . . . . . . .	Text   	 o
??0072 . . . . . . . . . . . . .	Byte	 00000730 _DATA	
??0073 . . . . . . . . . . . . .	L Near	 000003E3 _TEXT	
??0074 . . . . . . . . . . . . .	L Near	 00000419 _TEXT	
??0075 . . . . . . . . . . . . .	Byte	 00000860 _DATA	
??0076 . . . . . . . . . . . . .	Number	 00000000h   
??0077 . . . . . . . . . . . . .	Byte	 00000863 _DATA	
??0079 . . . . . . . . . . . . .	Byte	 00000992 _DATA	
??007A . . . . . . . . . . . . .	Byte	 00000866 _DATA	
??007B . . . . . . . . . . . . .	Text   	 o
??007C . . . . . . . . . . . . .	Byte	 00000865 _DATA	
??007D . . . . . . . . . . . . .	L Near	 00000465 _TEXT	
??007E . . . . . . . . . . . . .	L Near	 0000049B _TEXT	
??007F . . . . . . . . . . . . .	Byte	 000009CE _DATA	
??0080 . . . . . . . . . . . . .	Byte	 00000996 _DATA	
??0081 . . . . . . . . . . . . .	Text   	 "
??0082 . . . . . . . . . . . . .	Byte	 00000995 _DATA	
??0084 . . . . . . . . . . . . .	L Near	 000004DD _TEXT	
??0085 . . . . . . . . . . . . .	Byte	 000009D1 _DATA	
??0086 . . . . . . . . . . . . .	Number	 00000000h   
??0087 . . . . . . . . . . . . .	Byte	 000009D4 _DATA	
??0089 . . . . . . . . . . . . .	Byte	 00000B03 _DATA	
??008A . . . . . . . . . . . . .	Byte	 000009D7 _DATA	
??008B . . . . . . . . . . . . .	Text   	 o
??008C . . . . . . . . . . . . .	Byte	 000009D6 _DATA	
??008D . . . . . . . . . . . . .	L Near	 0000050F _TEXT	
??008E . . . . . . . . . . . . .	L Near	 00000545 _TEXT	
??008F . . . . . . . . . . . . .	Byte	 00000B06 _DATA	
??0090 . . . . . . . . . . . . .	Number	 00000000h   
??0091 . . . . . . . . . . . . .	Byte	 00000B09 _DATA	
??0093 . . . . . . . . . . . . .	Byte	 00000C38 _DATA	
??0094 . . . . . . . . . . . . .	Byte	 00000B0C _DATA	
??0095 . . . . . . . . . . . . .	Text   	 o
??0096 . . . . . . . . . . . . .	Byte	 00000B0B _DATA	
??0097 . . . . . . . . . . . . .	L Near	 00000591 _TEXT	
??0098 . . . . . . . . . . . . .	L Near	 000005C7 _TEXT	
??0099 . . . . . . . . . . . . .	Byte	 00000C3B _DATA	
??009A . . . . . . . . . . . . .	Number	 00000000h   
??009B . . . . . . . . . . . . .	Byte	 00000C3E _DATA	
??009D . . . . . . . . . . . . .	Byte	 00000D6D _DATA	
??009E . . . . . . . . . . . . .	Byte	 00000C41 _DATA	
??009F . . . . . . . . . . . . .	Text   	 o
??00A0 . . . . . . . . . . . . .	Byte	 00000C40 _DATA	
??00A1 . . . . . . . . . . . . .	L Near	 0000060A _TEXT	
??00A2 . . . . . . . . . . . . .	L Near	 00000640 _TEXT	
??CommonHeapElemSize . . . . . .	DWord	 00000004 _DATA	
??ConsoleMode  . . . . . . . . .	Byte	 00000008 _DATA	
??TotalHeapAllocated . . . . . .	DWord	 00000000 _DATA	
??sTime  . . . . . . . . . . . .	SystemTime  00000009 _DATA	
@CodeSize  . . . . . . . . . . .	Number	 00000000h   
@DOS . . . . . . . . . . . . . .	Text   	 DOS
@DataSize  . . . . . . . . . . .	Number	 00000000h   
@INCHAR  . . . . . . . . . . . .	Text   	 @inchar
@ININTLN . . . . . . . . . . . .	Text   	 @inintln
@ININT . . . . . . . . . . . . .	Text   	 @inint
@InChar  . . . . . . . . . . . .	Text   	 @inchar
@InInt . . . . . . . . . . . . .	Text   	 @inint
@Inchar  . . . . . . . . . . . .	Text   	 @inchar
@InintLn . . . . . . . . . . . .	Text   	 @inintln
@Inintln . . . . . . . . . . . .	Text   	 @inintln
@Inint . . . . . . . . . . . . .	Text   	 @inint
@Interface . . . . . . . . . . .	Number	 00000003h   
@Model . . . . . . . . . . . . .	Number	 00000007h   
@READKEY . . . . . . . . . . . .	Text   	 @readkey
@ReadKey . . . . . . . . . . . .	Text   	 @readkey
@code  . . . . . . . . . . . . .	Text   	 _TEXT
@data  . . . . . . . . . . . . .	Text   	 FLAT
@dos . . . . . . . . . . . . . .	Text   	 DOS
@fardata?  . . . . . . . . . . .	Text   	 FLAT
@fardata . . . . . . . . . . . .	Text   	 FLAT
@random  . . . . . . . . . . . .	Text   	 @Random
@stack . . . . . . . . . . . . .	Text   	 FLAT
AllocConsole@0 . . . . . . . . .	L Near	 00000000 FLAT	External STDCALL
Arr_of_words . . . . . . . . . .	Byte	 00000056 _DATA	
Black  . . . . . . . . . . . . .	Number	 00000000h   
Blue . . . . . . . . . . . . . .	Number	 00000001h   
Bright . . . . . . . . . . . . .	Number	 00000008h   
Brown  . . . . . . . . . . . . .	Number	 00000006h   
CLRSCR . . . . . . . . . . . . .	Text   	 ClrScr
CREATE_ALWAYS  . . . . . . . . .	Number	 00000002h   
CREATE_NEW . . . . . . . . . . .	Number	 00000001h   
CharToOem  . . . . . . . . . . .	Text   	 CharToOemA
Cls  . . . . . . . . . . . . . .	Text   	 ClrScr
CreateFile . . . . . . . . . . .	Text   	 CreateFileA
Cyan . . . . . . . . . . . . . .	Number	 00000003h   
DISPOSE  . . . . . . . . . . . .	Text   	 dispose
DarkGray . . . . . . . . . . . .	Number	 00000008h   
Dispose  . . . . . . . . . . . .	Text   	 dispose
EXIT . . . . . . . . . . . . . .	Text   	 exit
Exit . . . . . . . . . . . . . .	Text   	 exit
FILE_ATTRIBUTE_ARCHIVE . . . . .	Number	 00000020h   
FILE_ATTRIBUTE_COMPRESSED  . . .	Number	 00000800h   
FILE_ATTRIBUTE_DIRECTORY . . . .	Number	 00000010h   
FILE_ATTRIBUTE_HIDDEN  . . . . .	Number	 00000002h   
FILE_ATTRIBUTE_NORMAL  . . . . .	Number	 00000080h   
FILE_ATTRIBUTE_READONLY  . . . .	Number	 00000001h   
FILE_ATTRIBUTE_SYSTEM  . . . . .	Number	 00000004h   
FILE_ATTRIBUTE_TEMPORARY . . . .	Number	 00000100h   
FLUSH  . . . . . . . . . . . . .	Text   	 flush
Find_min_word@0  . . . . . . . .	L Near	 00000000 FLAT	External STDCALL
Flush  . . . . . . . . . . . . .	Text   	 flush
FreeConsole@0  . . . . . . . . .	L Near	 00000000 FLAT	External STDCALL
GENERIC_ALL  . . . . . . . . . .	Number	 10000000h   
GENERIC_EXECUTE  . . . . . . . .	Number	 20000000h   
GENERIC_READ . . . . . . . . . .	Number	 -80000000h   
GENERIC_WRITE  . . . . . . . . .	Number	 40000000h   
GMEM_FIXED . . . . . . . . . . .	Number	 00000000h   
GMEM_ZEROINIT  . . . . . . . . .	Number	 00000040h   
GOTOXY . . . . . . . . . . . . .	Text   	 gotoXY
GetModuleHandle  . . . . . . . .	Text   	 GetModuleHandleA
GotoXY . . . . . . . . . . . . .	Text   	 gotoXY
Green  . . . . . . . . . . . . .	Number	 00000002h   
IDABORT  . . . . . . . . . . . .	Number	 00000003h   
IDCANCEL . . . . . . . . . . . .	Number	 00000002h   
IDIGNORE . . . . . . . . . . . .	Number	 00000005h   
IDNO . . . . . . . . . . . . . .	Number	 00000007h   
IDOK . . . . . . . . . . . . . .	Number	 00000001h   
IDRETRY  . . . . . . . . . . . .	Number	 00000004h   
IDYES  . . . . . . . . . . . . .	Number	 00000006h   
INCHAR . . . . . . . . . . . . .	Text   	 inchar
ININTLN  . . . . . . . . . . . .	Text   	 inintln
ININT  . . . . . . . . . . . . .	Text   	 inint
INPUTSTR . . . . . . . . . . . .	Text   	 InputStr
InChar . . . . . . . . . . . . .	Text   	 inchar
InInt  . . . . . . . . . . . . .	Text   	 inint
In_text@0  . . . . . . . . . . .	L Near	 00000000 FLAT	External STDCALL
Inchar . . . . . . . . . . . . .	Text   	 inchar
InintLn  . . . . . . . . . . . .	Text   	 inintln
Inintln  . . . . . . . . . . . .	Text   	 inintln
Inint  . . . . . . . . . . . . .	Text   	 inint
K  . . . . . . . . . . . . . . .	Number	 00000006h   
LANG_NEUTRAL . . . . . . . . . .	Number	 00000000h   
LightBlue  . . . . . . . . . . .	Number	 00000009h   
LightGray  . . . . . . . . . . .	Number	 00000007h   
LightGreen . . . . . . . . . . .	Number	 0000000Ah   
LightMagenta . . . . . . . . . .	Number	 0000000Dh   
LightRed . . . . . . . . . . . .	Number	 0000000Ch   
MB_ABORTRETRYIGNORE  . . . . . .	Number	 00000002h   
MB_CANCELTRYCONTINUE . . . . . .	Number	 00000006h   
MB_DEFBUTTON1  . . . . . . . . .	Number	 00000000h   
MB_DEFBUTTON2  . . . . . . . . .	Number	 00000100h   
MB_DEFBUTTON3  . . . . . . . . .	Number	 00000200h   
MB_DEFBUTTON4  . . . . . . . . .	Number	 00000300h   
MB_HELP  . . . . . . . . . . . .	Number	 00004000h   
MB_ICONASTERISK  . . . . . . . .	Number	 00000040h   
MB_ICONEXCLAMATION . . . . . . .	Number	 00000030h   
MB_ICONHAND  . . . . . . . . . .	Number	 00000008h   
MB_ICONQUESTION  . . . . . . . .	Number	 00000020h   
MB_ICONSTOP  . . . . . . . . . .	Number	 00000010h   
MB_OKCANCEL  . . . . . . . . . .	Number	 00000001h   
MB_OK  . . . . . . . . . . . . .	Number	 00000000h   
MB_RETRYCANCEL . . . . . . . . .	Number	 00000005h   
MB_RIGHT . . . . . . . . . . . .	Number	 00080000h   
MB_SYSTEMMODAL . . . . . . . . .	Number	 00001000h   
MB_USERICON  . . . . . . . . . .	Number	 00000080h   
MB_YESNOCANCEL . . . . . . . . .	Number	 00000003h   
MB_YESNO . . . . . . . . . . . .	Number	 00000004h   
MSGBOX . . . . . . . . . . . . .	Text   	 MsgBox
Magenta  . . . . . . . . . . . .	Number	 00000005h   
MessageBoxIndirect . . . . . . .	Text   	 MessageBoxIndirectA
MessageBox . . . . . . . . . . .	Text   	 MessageBoxA
NEWLINE  . . . . . . . . . . . .	Text   	 newline
NEW  . . . . . . . . . . . . . .	Text   	 new
NULL . . . . . . . . . . . . . .	Number	 00000000h   
NewLine  . . . . . . . . . . . .	Text   	 newline
Newline  . . . . . . . . . . . .	Text   	 newline
New  . . . . . . . . . . . . . .	Text   	 new
N  . . . . . . . . . . . . . . .	Number	 00000005h   
OPEN_ALWAYS  . . . . . . . . . .	Number	 00000004h   
OPEN_EXISTING  . . . . . . . . .	Number	 00000003h   
OUTCHARLN  . . . . . . . . . . .	Text   	 outcharln
OUTCHAR  . . . . . . . . . . . .	Text   	 outchar
OUTCH  . . . . . . . . . . . . .	Text   	 outchar
OUTCLN . . . . . . . . . . . . .	Text   	 outcharln
OUTDATELN  . . . . . . . . . . .	Text   	 outdateln
OUTDATE  . . . . . . . . . . . .	Text   	 outdate
OUTINTLN . . . . . . . . . . . .	Text   	 outintln
OUTINT . . . . . . . . . . . . .	Text   	 outint
OUTI . . . . . . . . . . . . . .	Text   	 outint
OUTSTRLN . . . . . . . . . . . .	Text   	 outstrln
OUTSTR . . . . . . . . . . . . .	Text   	 outstr
OUTTIMELN  . . . . . . . . . . .	Text   	 outtimeln
OUTTIME  . . . . . . . . . . . .	Text   	 outtime
OUTU . . . . . . . . . . . . . .	Text   	 outword
OUTWORDLN  . . . . . . . . . . .	Text   	 outwordln
OUTWORD  . . . . . . . . . . . .	Text   	 outword
OutCharLn  . . . . . . . . . . .	Text   	 outcharln
OutCharln  . . . . . . . . . . .	Text   	 outcharln
OutChar  . . . . . . . . . . . .	Text   	 outchar
OutDateLn  . . . . . . . . . . .	Text   	 outdateln
OutDateln  . . . . . . . . . . .	Text   	 outdateln
OutDate  . . . . . . . . . . . .	Text   	 outdate
OutILn . . . . . . . . . . . . .	Text   	 outintln
OutIln . . . . . . . . . . . . .	Text   	 outintln
OutIntLn . . . . . . . . . . . .	Text   	 outintln
OutInt . . . . . . . . . . . . .	Text   	 outint
OutI . . . . . . . . . . . . . .	Text   	 outint
OutNumLn . . . . . . . . . . . .	Text   	 outnumln
OutNumln . . . . . . . . . . . .	Text   	 outnumln
OutNum . . . . . . . . . . . . .	Text   	 outnum
OutStrLn . . . . . . . . . . . .	Text   	 outstrln
OutStr . . . . . . . . . . . . .	Text   	 outstr
OutTimeLn  . . . . . . . . . . .	Text   	 outtimeln
OutTimeln  . . . . . . . . . . .	Text   	 outtimeln
OutTime  . . . . . . . . . . . .	Text   	 outtime
OutULn . . . . . . . . . . . . .	Text   	 outwordln
OutUln . . . . . . . . . . . . .	Text   	 outwordln
OutUnsignedLn  . . . . . . . . .	Text   	 outwordln
OutUnsignedln  . . . . . . . . .	Text   	 outwordln
OutUnsigned  . . . . . . . . . .	Text   	 outword
OutU . . . . . . . . . . . . . .	Text   	 outword
OutWordLn  . . . . . . . . . . .	Text   	 outwordln
OutWord  . . . . . . . . . . . .	Text   	 outword
Out_text@0 . . . . . . . . . . .	L Near	 00000000 FLAT	External STDCALL
OutintLn . . . . . . . . . . . .	Text   	 outintln
Outintln . . . . . . . . . . . .	Text   	 outintln
Outint . . . . . . . . . . . . .	Text   	 outint
OutstrLn . . . . . . . . . . . .	Text   	 outstrln
OutwordLn  . . . . . . . . . . .	Text   	 outwordln
Outword  . . . . . . . . . . . .	Text   	 outword
PAGE_EXECUTE_READWRITE . . . . .	Number	 00000040h   
PAGE_EXECUTE_READ  . . . . . . .	Number	 00000020h   
PAGE_EXECUTE_WRITECOPY . . . . .	Number	 00000080h   
PAGE_EXECUTE . . . . . . . . . .	Number	 00000010h   
PAGE_NOACCESS  . . . . . . . . .	Number	 00000001h   
PAGE_READONLY  . . . . . . . . .	Number	 00000002h   
PAGE_READWRITE . . . . . . . . .	Number	 00000004h   
PAGE_WRITECOPY . . . . . . . . .	Number	 00000008h   
PAUSE  . . . . . . . . . . . . .	Text   	 pause
Pause  . . . . . . . . . . . . .	Text   	 pause
READKEY  . . . . . . . . . . . .	Text   	 readkey
ReadKey  . . . . . . . . . . . .	Text   	 readkey
Red  . . . . . . . . . . . . . .	Number	 00000004h   
STD_ERROR_HANDLE . . . . . . . .	Number	 -0000000Ch   
STD_INPUT_HANDLE . . . . . . . .	Number	 -0000000Ah   
STD_OUTPUT_HANDLE  . . . . . . .	Number	 -0000000Bh   
SetConsoleTitle  . . . . . . . .	Text   	 SetConsoleTitleA
Start  . . . . . . . . . . . . .	L Near	 00000000 _TEXT	Public STDCALL
TRUNCATE_EXISTING  . . . . . . .	Number	 00000005h   
T  . . . . . . . . . . . . . . .	Byte	 00000019 _DATA	
URLDownloadToFile  . . . . . . .	Text   	 URLDownloadToFileA
White  . . . . . . . . . . . . .	Number	 0000000Fh   
Yellow . . . . . . . . . . . . .	Number	 0000000Eh   
_imp___exit  . . . . . . . . . .	DWord	 00000000 FLAT	External STDCALL
_imp__printf . . . . . . . . . .	DWord	 00000000 FLAT	External STDCALL
_imp__sprintf  . . . . . . . . .	DWord	 00000000 FLAT	External STDCALL
black  . . . . . . . . . . . . .	Number	 00000000h   
blue . . . . . . . . . . . . . .	Number	 00000001h   
bright . . . . . . . . . . . . .	Number	 00000008h   
brown  . . . . . . . . . . . . .	Number	 00000006h   
clrscr . . . . . . . . . . . . .	Text   	 ClrScr
crt__exit  . . . . . . . . . . .	Text   	 _imp___exit
crt_printf . . . . . . . . . . .	Text   	 _imp__printf
crt_sprintf  . . . . . . . . . .	Text   	 _imp__sprintf
cyan . . . . . . . . . . . . . .	Number	 00000003h   
darkgray . . . . . . . . . . . .	Number	 00000008h   
dos  . . . . . . . . . . . . . .	Text   	 DOS
downloadfile . . . . . . . . . .	Text   	 DownloadFile
gotoxy . . . . . . . . . . . . .	Text   	 gotoXY
green  . . . . . . . . . . . . .	Number	 00000002h   
heapblocksize  . . . . . . . . .	Text   	 HeapBlockSize
inint_proc@0 . . . . . . . . . .	L Near	 00000000 FLAT	External STDCALL
inputstr . . . . . . . . . . . .	Text   	 InputStr
lightblue  . . . . . . . . . . .	Number	 00000009h   
lightgray  . . . . . . . . . . .	Number	 00000007h   
lightgreen . . . . . . . . . . .	Number	 0000000Ah   
lightmagenta . . . . . . . . . .	Number	 0000000Dh   
lightred . . . . . . . . . . . .	Number	 0000000Ch   
magenta  . . . . . . . . . . . .	Number	 00000005h   
msgbox . . . . . . . . . . . . .	Text   	 MsgBox
nil  . . . . . . . . . . . . . .	DWord 	 00000000h   
outch  . . . . . . . . . . . . .	Text   	 outchar
outintLn . . . . . . . . . . . .	Text   	 outintln
outi . . . . . . . . . . . . . .	Text   	 outint
outu . . . . . . . . . . . . . .	Text   	 outword
outwordLn  . . . . . . . . . . .	Text   	 outwordln
randomize  . . . . . . . . . . .	Text   	 Randomize
red  . . . . . . . . . . . . . .	Number	 00000004h   
settextattr  . . . . . . . . . .	Text   	 SetTextAttr
whereX . . . . . . . . . . . . .	Text   	 WhereX
whereY . . . . . . . . . . . . .	Text   	 WhereY
wherex . . . . . . . . . . . . .	Text   	 WhereX
wherey . . . . . . . . . . . . .	Text   	 WhereY
white  . . . . . . . . . . . . .	Number	 0000000Fh   
yellow . . . . . . . . . . . . .	Number	 0000000Eh   

	   0 Warnings
	   1 Errors
