Microsoft (R) Macro Assembler Version 6.14.8444		    04/28/20 12:12:16
task_Lazarev.asm					     Page 1 - 1


				include console.inc
			      C .NOLIST
			      C .LIST
			      C ; Исключение из списка служебных слов
			      C option NoKeyWord: <c name str>
			      C 
			      C 
			      C 
			      C ;include masm32.inc
			      C 
			      C    includelib masm32.lib
			      C    includelib user32.lib
			      C    includelib kernel32.lib
			      C    includelib msvcrt.lib
			      C    includelib io_proc.lib
			      C    
			      C 

				COMMENT ~

				САМОСТОЯТЕЛЬНАЯ РАБОТА 16
				СТУДЕНТ Лазарев     группа 111

				~

				COMMENT~ 
				----------------------------------------------------------------------------
				ВНИМАНИЕ: ВСЕ ИСПОЛЬЗУЕМЫЕ ОПИСАНИЯ ТИПОВ И ПЕРЕМЕННЫХ ДАЮТСЯ В СЕКЦИИ
				ДАННЫХ ЭТОЙ ПРОГРАММЫ !!!
				----------------------------------------------------------------------------
				ЗАДАЧИ ДЕЛАТЬ ТОЛЬКО В УКАЗАННОЙ ПОСЛЕДОВАТЕЛЬНОСТИ !!!
				---------------------------------------------------------------------------- 
				 ЗАДАЧА_1 (максимально 30 очков)
				 (СТАНДАРТНЫЕ СОГЛАШЕНИЯ О СВЯЗЯХ stdcall) 
				 ПЕРЕДАЧА ПАРАМЕТРА ПО ССЫЛКЕ
				 
				 Описать процедуру In_struc(Str), где Str - обозначение переменной-структуры
				 типа TS (описание типа дано ниже в секции данных). Процедура вводит (по inint) 
				 значения для полей min и sec этой  структуры. Считать, что эти значения будут
				 введены корректно и не выйдут из диапазона [0..59]. Обеспечить соблюдение 
				 стандартных соглашений о связях. Не надо выводить приглашения к вводу в процессе 
				 работы процедуры (и в основной программе тоже не надо выводить такие приглашения)!
				  
				 Применить эту процедуру к переменной-структуре S для ввода значений полей этой 
				 структуры (передав адрес этой переменной в качестве параметра). Вывести (из 
				 основной программы, т.е. извне процедуры) полученные значения полей структуры S,
				 чтобы убедиться в правильности работы написанной процедуры.
				----------------------------------------------------------------------------
				 ЗАДАЧА_2 (максимально 40 очков)
				 (СТАНДАРТНЫЕ СОГЛАШЕНИЯ О СВЯЗЯХ stdcall) 
				 ПЕРЕДАЧА ПАРАМЕТРОВ ПО ССЫЛКЕ
				 
				 Описать процедуру Struc_to_Record(Str,Rec), где Str - обозначение 
				 переменной-структуры типа TS, Rec - обозначение переменной-записи типа TR. 
				 Процедура заполняет поля min и sec записи Rec значениями полей min и sec
				 структуры Str. Считать, что значения полей структуры заданы корректно и не
				 выйдут из диапазона [0..59]. Выполнить стандартные соглашения о связях.
				  
				 Применить эту процедуру к переменной-структуре S и переменной-записи R
				 (передав адреса этих переменных в качестве параметров).
				 Вывести полученные значения полей записи Rec (из основной программы, т.е. 
				 извне процедуры), чтобы убедиться в правильности работы процедуры).
				----------------------------------------------------------------------------
				 ЗАДАЧА_3 (максимально 30 очков)
				 (СТАНДАРТНЫЕ СОГЛАШЕНИЯ О СВЯЗЯХ stdcall) 
				 ПЕРЕДАЧА ПАРАМЕТРА ПО-ЗНАЧЕНИЮ
				 
				 Описать функцию Seconds(Rec), где Rec - обозначение переменной-записи 
				 типа TR. Переменная Rec содержит некоторый момент времени в рамках текущего
				 часа - минуту (в поле min) и секунду (в поле sec). Функция вычисляет полное
				 количество секунд, прошедших с начала часа, и возвращает ответ через АХ.
				 Выполнить стандартные соглашения о связях.
				  
				 Применить эту функцию к переменной-записи R (параметр передать по-значению),
				 поля которой были заполнены  при решении ЗАДАЧИ_2. Вывести (из основной 
				 программы) полученный ответ, чтобы убедиться в правильности работы функции).
				----------------------------------------------------------------------------
				~

 00000019			.data
 00000019 20 D4 C0 CC C8	T   db " ФАМИЛИЯ Лазарев ИМЯ Артур   Задача_1 (с-р 16)",0	;	
	   CB C8 DF 20 CB
	   E0 E7 E0 F0 E5
	   E2 20 C8 CC DF
	   20 C0 F0 F2 F3
	   F0 20 20 20 C7
	   E0 E4 E0 F7 E0
	   5F 31 20 28 F1
	   2D F0 20 31 36
	   29 00

				; ------------ ОПИСАНИЕ ТИПОВ и ПЕРЕМЕННЫХ для ЗАДАЧ 1-3: ------------------
 00000002			TS  struc
 00000000  00			    min  db ?     ; [0..59]
 00000001  00			    sec  db ?     ; [0..59]
				TS ends

 00000048 00 00			S   TS  <>

				TR  record min:6, sec:6

 0000004A 0000			R  TR   <>

 00000000			.code
				; --------------------------------------------------------------------------
				;              ЗАГОТОВКИ ОПИСАНИЯ ПРОЦЕДУР для ЗАДАЧ 1-3: 
				; --------------------------------------------------------------------------
				; procedure In_struc(var S: TS)
 00000000			In_struc proc
				; stdcall, в стеке параметр:
				; адрес структуры типа TS
				; ДЕЙСТВИЕ:
				; Ввод полей min и sec структуры типа TS:
 00000000  55			    push EBP
 00000001  8B EC		    mov EBP, ESP
 00000003  50			    push EAX
 00000004  53			    push EBX
				    inint AL
 00000016  8B 5D 08		    mov EBX,[EBP + 8]
 00000019  88 03		    mov [EBX], AL
				    inint AL
 0000002C  88 43 01		    mov [EBX + 1], AL
 0000002F  5B			    pop EBX
 00000030  58			    pop EAX
 00000031  5D			    pop EBP
 00000032  C2 0004		    ret 4
 00000035			In_struc endp
				;--------------------------------------------------------------------------
				; procedure Struc_to_Record(var Str: TS; var Rec: TR)
 00000035			Struc_to_Record proc
				; stdcall, в стеке параметры (сверху вниз): 
				; адрес структуры типа TS   
				; адрес записи типа TR
				; ДЕЙСТВИЕ:
				; Заполнение полей min и sec записи Rec по полям min и sec структуры типа TS:
				; СОВЕТ по решению: сформировать значение искомой записи на регистре АХ, и 
				; только затем полученное значение записать в память
 00000035  55			    push EBP
 00000036  8B EC		    mov EBP, ESP
 00000038  50			    push EAX
 00000039  53			    push EBX
 0000003A  51			    push ECX
 0000003B  52			    push EDX
 0000003C  8B 5D 0C		    mov EBX,[EBP + 12]
 0000003F  8B 55 08		    mov EDX,[EBP + 8]
 00000042  B8 00000000		    mov EAX, 0
 00000047  8A 02		    mov AL, [EDX]
 00000049  66| C1 E0 06		    SHL AX, 6
 0000004D  66| 8B 4A 01		    mov CX, [EDX + 1]
 00000051  66| 03 C1		    add AX, CX
 00000054  66| 89 03		    mov [EBX], AX
 00000057  5A			    pop EDX
 00000058  59			    pop ECX
 00000059  5B			    pop EBX
 0000005A  58			    pop EAX
 0000005B  5D			    pop EBP
 0000005C  C2 0008		    ret 2*4
 0000005F			Struc_to_Record endp
				;---------------------------------------------------------------------------
				; function Seconds(Rec: TR):word
 0000005F			Seconds proc
				; stdcall, в стеке параметр: 
				; копия (значения) записи типа TR (в формате двойного слова, т.к. stdcall)
				; ДЕЙСТВИЕ:
				; Вычисление АХ := min*60+sec (где min и sec - содержимое полей записи)
 0000005F  55			    push EBP
 00000060  8B EC		    mov EBP, ESP
 00000062  53			    push EBX
 00000063  8B 5D 08		    mov EBX,[EBP + 8]
 00000066  66| 81 E3 0FC0	    and BX, mask min
 0000006B  66| C1 EB 06		    shr BX, 6
 0000006F  66| 8B C3		    mov AX, BX
 00000072  66| BB 003C		    mov BX, 60
 00000076  66| F7 E3		    mul BX
 00000079  8B 5D 08		    mov EBX,[EBP + 8]
 0000007C  66| 83 E3 3F		    and BX, mask sec
 00000080  66| 03 C3		    add AX, BX
 00000083  5B			    pop EBX
 00000084  5D			    pop EBP
 00000085  C2 0004		    ret 4
 00000088			Seconds endp
				;---------------------------------------------------------------------------

 00000088			Start:
				    ConsoleTitle offset T	
				    
				;-------------- ЗАДАЧА 1 -----------------------------------------------
				; применение процедуры In_struc к переменной S типа TS:
 000000DA  68 00000048 R	    push offset S
 000000DF  E8 FFFFFF1C		    call In_struc
				    newline

				; проверка правильности работы процедуры
				; (т.е. печать значений полей min и sec структуры S):
				    outintln S.min
				    outintln S.sec
				    newline 
				;-------------- ЗАДАЧА 2 -----------------------------------------------
				; применение процедуры Struc_to_Record к структуре S типа TS и записи R типа TR:
 000002D0  68 0000004A R	    push offset R
 000002D5  68 00000048 R	    push offset S
 000002DA  E8 FFFFFD56		    call Struc_to_Record
 000002DF  50			    push EAX
 000002E0  66| A1		    mov AX, R
	   0000004A R
 000002E6  66| 25 0FC0		    and AX, mask min
 000002EA  66| C1 E8 06		    shr AX, 6
				    outintln AX
 00000374  66| A1		    mov AX,R
	   0000004A R
 0000037A  66| 83 E0 3F		    and AX, mask sec
				    outintln AX
 00000404  58			    pop EAX
				; проверка правильности работы процедуры
				; (т.е. печать значений полей min и sec записи R): 
				     
				;-------------- ЗАДАЧА 3 -----------------------------------------------
				; применение функции Seconds к записи R типа TR:
 00000405  66| FF 35		push R
	   0000004A R
 0000040C  E8 FFFFFC4E		call Seconds
				newline
				; вывод найденного ответа:
				 outint AX
				;------------------------------------------------------------------------ 
				    
				    pause						; нужно при сдаче по e-mail
				    exit						
				    end Start
				    
				COMMENT~

				для тестирования:
				min=45, sec=55, total_seconds=2755
				min=0,  sec=54, total_seconds=54
				min=59, sec=59, total_seconds=3599

				~

Microsoft (R) Macro Assembler Version 6.14.8444		    04/28/20 12:12:16
task_Lazarev.asm					     Symbols 2 - 1




Macros:

                N a m e                 Type

??CheckStrToBuf  . . . . . . . .	Proc
??FindESP  . . . . . . . . . . .	Proc
??RestoreReg . . . . . . . . . .	Proc
??SaveReg  . . . . . . . . . . .	Proc
@GetCommandLine  . . . . . . . .	Func
@Random  . . . . . . . . . . . .	Func
@inchar  . . . . . . . . . . . .	Func
@inintln . . . . . . . . . . . .	Func
@inint . . . . . . . . . . . . .	Func
@readkey . . . . . . . . . . . .	Func
ChagePageAttr  . . . . . . . . .	Proc
ClrScr . . . . . . . . . . . . .	Proc
ConsoleMode  . . . . . . . . . .	Proc
ConsoleTitle . . . . . . . . . .	Proc
DOS  . . . . . . . . . . . . . .	Func
DownloadFile . . . . . . . . . .	Proc
GetConsoleTitle  . . . . . . . .	Proc
HeapBlockSize  . . . . . . . . .	Proc
InputStr . . . . . . . . . . . .	Proc
MsgBox . . . . . . . . . . . . .	Proc
NewConsole . . . . . . . . . . .	Proc
OpenFile . . . . . . . . . . . .	Proc
OutFlags . . . . . . . . . . . .	Proc
Randomize  . . . . . . . . . . .	Proc
RunExe . . . . . . . . . . . . .	Proc
SetScreenSize  . . . . . . . . .	Proc
SetTextAttr  . . . . . . . . . .	Proc
TotalHeapAllocated . . . . . . .	Proc
WhereX . . . . . . . . . . . . .	Proc
WhereY . . . . . . . . . . . . .	Proc
dispose  . . . . . . . . . . . .	Proc
exit . . . . . . . . . . . . . .	Proc
flush  . . . . . . . . . . . . .	Proc
gotoXY . . . . . . . . . . . . .	Proc
inchar . . . . . . . . . . . . .	Proc
inintln  . . . . . . . . . . . .	Proc
inint  . . . . . . . . . . . . .	Proc
newline  . . . . . . . . . . . .	Proc
new  . . . . . . . . . . . . . .	Proc
outcharln  . . . . . . . . . . .	Proc
outchar  . . . . . . . . . . . .	Proc
outdateln  . . . . . . . . . . .	Proc
outdate  . . . . . . . . . . . .	Proc
outintln . . . . . . . . . . . .	Proc
outint . . . . . . . . . . . . .	Proc
outnumln . . . . . . . . . . . .	Proc
outnum . . . . . . . . . . . . .	Proc
outstrln . . . . . . . . . . . .	Proc
outstr . . . . . . . . . . . . .	Proc
outtimeln  . . . . . . . . . . .	Proc
outtime  . . . . . . . . . . . .	Proc
outwordln  . . . . . . . . . . .	Proc
outword  . . . . . . . . . . . .	Proc
pause  . . . . . . . . . . . . .	Proc
readkey  . . . . . . . . . . . .	Proc


Structures and Unions:

                N a m e                  Size
                                         Offset      Type

CONSOLE_SCREEN_BUFFER_INFO . . .	 00000016
  dwSize . . . . . . . . . . . .	 00000000	 DWord
  dwCursorPosition . . . . . . .	 00000004	 DWord
  wAttributes  . . . . . . . . .	 00000008	 Word
  srWindow . . . . . . . . . . .	 0000000A	 QWord
  dwMaximumWindowSize  . . . . .	 00000012	 DWord
COORD  . . . . . . . . . . . . .	 00000004
  x  . . . . . . . . . . . . . .	 00000000	 Word
  y  . . . . . . . . . . . . . .	 00000002	 Word
SMALL_RECT . . . . . . . . . . .	 00000008
  Left . . . . . . . . . . . . .	 00000000	 Word
  Top  . . . . . . . . . . . . .	 00000002	 Word
  Right  . . . . . . . . . . . .	 00000004	 Word
  Bottom . . . . . . . . . . . .	 00000006	 Word
SystemTime . . . . . . . . . . .	 00000010
  wYear  . . . . . . . . . . . .	 00000000	 Word
  wMonth . . . . . . . . . . . .	 00000002	 Word
  wDayOfWeek . . . . . . . . . .	 00000004	 Word
  wDay . . . . . . . . . . . . .	 00000006	 Word
  wHour  . . . . . . . . . . . .	 00000008	 Word
  wMinute  . . . . . . . . . . .	 0000000A	 Word
  wSecond  . . . . . . . . . . .	 0000000C	 Word
  wMilliseconds  . . . . . . . .	 0000000E	 Word
TS . . . . . . . . . . . . . . .	 00000002
  min  . . . . . . . . . . . . .	 00000000	 Byte
  sec  . . . . . . . . . . . . .	 00000001	 Byte


Records:

                N a m e                  Width     # fields
                                         Shift     Width     Mask      Initial

TR . . . . . . . . . . . . . . .	 0000000C      00000002
  min  . . . . . . . . . . . . .	 00000006      00000006	     0FC0     ?
  sec  . . . . . . . . . . . . .	 00000000      00000006	     003F     ?


Types:

                N a m e                  Size     Attr

c_msvcrt . . . . . . . . . . . .	 00000004     CODE 


Segments and Groups:

                N a m e                 Size     Length   Align   Combine Class

FLAT . . . . . . . . . . . . . .	GROUP
STACK  . . . . . . . . . . . . .	32 Bit	 00001000 Para	  Stack	  'STACK'	 
_DATA  . . . . . . . . . . . . .	32 Bit	 00000B38 Para	  Public  'DATA'	
_TEXT  . . . . . . . . . . . . .	32 Bit	 0000051C Para	  Public  'CODE'	


Procedures,  parameters and locals:

                N a m e                 Type     Value    Attr

CharToOemA . . . . . . . . . . .	P Near	 00000000 FLAT	Length= 00000000 External STDCALL
ClearScreen  . . . . . . . . . .	P Near	 00000000 FLAT	Length= 00000000 External STDCALL
CloseHandle  . . . . . . . . . .	P Near	 00000000 FLAT	Length= 00000000 External STDCALL
CreateFileA  . . . . . . . . . .	P Near	 00000000 FLAT	Length= 00000000 External STDCALL
ExitProcess  . . . . . . . . . .	P Near	 00000000 FLAT	Length= 00000000 External STDCALL
GetCommandLineA  . . . . . . . .	P Near	 00000000 FLAT	Length= 00000000 External STDCALL
GetConsoleScreenBufferInfo . . .	P Near	 00000000 FLAT	Length= 00000000 External STDCALL
GetConsoleTitleA . . . . . . . .	P Near	 00000000 FLAT	Length= 00000000 External STDCALL
GetModuleHandleA . . . . . . . .	P Near	 00000000 FLAT	Length= 00000000 External STDCALL
GetStdHandle . . . . . . . . . .	P Near	 00000000 FLAT	Length= 00000000 External STDCALL
GetSystemMetrics . . . . . . . .	P Near	 00000000 FLAT	Length= 00000000 External STDCALL
GetSystemTime  . . . . . . . . .	P Near	 00000000 FLAT	Length= 00000000 External STDCALL
GetTickCount . . . . . . . . . .	P Near	 00000000 FLAT	Length= 00000000 External STDCALL
GlobalAlloc  . . . . . . . . . .	P Near	 00000000 FLAT	Length= 00000000 External STDCALL
GlobalFree . . . . . . . . . . .	P Near	 00000000 FLAT	Length= 00000000 External STDCALL
GlobalSize . . . . . . . . . . .	P Near	 00000000 FLAT	Length= 00000000 External STDCALL
In_struc . . . . . . . . . . . .	P Near	 00000000 _TEXT	Length= 00000035 Public STDCALL
InternetGetConnectedState  . . .	P Near	 00000000 FLAT	Length= 00000000 External STDCALL
MessageBoxA  . . . . . . . . . .	P Near	 00000000 FLAT	Length= 00000000 External STDCALL
MessageBoxIndirectA  . . . . . .	P Near	 00000000 FLAT	Length= 00000000 External STDCALL
Seconds  . . . . . . . . . . . .	P Near	 0000005F _TEXT	Length= 00000029 Public STDCALL
SetConsoleCtrlHandler  . . . . .	P Near	 00000000 FLAT	Length= 00000000 External STDCALL
SetConsoleCursorPosition . . . .	P Near	 00000000 FLAT	Length= 00000000 External STDCALL
SetConsoleScreenBufferSize . . .	P Near	 00000000 FLAT	Length= 00000000 External STDCALL
SetConsoleTextAttribute  . . . .	P Near	 00000000 FLAT	Length= 00000000 External STDCALL
SetConsoleTitleA . . . . . . . .	P Near	 00000000 FLAT	Length= 00000000 External STDCALL
Sleep  . . . . . . . . . . . . .	P Near	 00000000 FLAT	Length= 00000000 External STDCALL
StdIn  . . . . . . . . . . . . .	P Near	 00000000 FLAT	Length= 00000000 External STDCALL
StdOut . . . . . . . . . . . . .	P Near	 00000000 FLAT	Length= 00000000 External STDCALL
Struc_to_Record  . . . . . . . .	P Near	 00000035 _TEXT	Length= 0000002A Public STDCALL
URLDownloadToFileA . . . . . . .	P Near	 00000000 FLAT	Length= 00000000 External STDCALL
VirtualProtect . . . . . . . . .	P Near	 00000000 FLAT	Length= 00000000 External STDCALL
nrandom  . . . . . . . . . . . .	P Near	 00000000 FLAT	Length= 00000000 External STDCALL
nseed  . . . . . . . . . . . . .	P Near	 00000000 FLAT	Length= 00000000 External STDCALL
shell_ex . . . . . . . . . . . .	P Near	 00000000 FLAT	Length= 00000000 External STDCALL
shell  . . . . . . . . . . . . .	P Near	 00000000 FLAT	Length= 00000000 External STDCALL
wait_key . . . . . . . . . . . .	P Near	 00000000 FLAT	Length= 00000000 External STDCALL


Symbols:

                N a m e                 Type     Value    Attr

??0001 . . . . . . . . . . . . .	DWord	 0000004C _DATA	
??0003 . . . . . . . . . . . . .	DWord	 00000050 _DATA	
??0004 . . . . . . . . . . . . .	Byte	 00000055 _DATA	
??0005 . . . . . . . . . . . . .	Text   	 o
??0006 . . . . . . . . . . . . .	Byte	 00000054 _DATA	
??0007 . . . . . . . . . . . . .	L Near	 0000009A _TEXT	
??0008 . . . . . . . . . . . . .	L Near	 000000D0 _TEXT	
??0009 . . . . . . . . . . . . .	Byte	 00000181 _DATA	
??000A . . . . . . . . . . . . .	Number	 00000000h   
??000B . . . . . . . . . . . . .	Byte	 00000184 _DATA	
??000D . . . . . . . . . . . . .	Byte	 000002B3 _DATA	
??000E . . . . . . . . . . . . .	Byte	 00000187 _DATA	
??000F . . . . . . . . . . . . .	Text   	 o
??0010 . . . . . . . . . . . . .	Byte	 00000186 _DATA	
??0011 . . . . . . . . . . . . .	L Near	 00000103 _TEXT	
??0012 . . . . . . . . . . . . .	L Near	 00000139 _TEXT	
??0013 . . . . . . . . . . . . .	Number	 00000003h   
??0014 . . . . . . . . . . . . .	Number	 00000004h   
??0015 . . . . . . . . . . . . .	Number	 00000000h   
??0016 . . . . . . . . . . . . .	Byte	 000002B6 _DATA	
??001E . . . . . . . . . . . . .	Number	 00000001h   
??0020 . . . . . . . . . . . . .	Byte	 000002B9 _DATA	
??0021 . . . . . . . . . . . . .	Number	 00000000h   
??0022 . . . . . . . . . . . . .	Byte	 000002BC _DATA	
??0024 . . . . . . . . . . . . .	Byte	 000003EB _DATA	
??0025 . . . . . . . . . . . . .	Byte	 000002BF _DATA	
??0026 . . . . . . . . . . . . .	Text   	 o
??0027 . . . . . . . . . . . . .	Byte	 000002BE _DATA	
??0028 . . . . . . . . . . . . .	L Near	 0000018D _TEXT	
??0029 . . . . . . . . . . . . .	L Near	 000001C3 _TEXT	
??002A . . . . . . . . . . . . .	Number	 00000003h   
??002B . . . . . . . . . . . . .	Number	 00000004h   
??002C . . . . . . . . . . . . .	Number	 00000000h   
??002D . . . . . . . . . . . . .	Byte	 000003EE _DATA	
??0035 . . . . . . . . . . . . .	Number	 00000001h   
??0037 . . . . . . . . . . . . .	Byte	 000003F1 _DATA	
??0038 . . . . . . . . . . . . .	Number	 00000000h   
??0039 . . . . . . . . . . . . .	Byte	 000003F4 _DATA	
??003B . . . . . . . . . . . . .	Byte	 00000523 _DATA	
??003C . . . . . . . . . . . . .	Byte	 000003F7 _DATA	
??003D . . . . . . . . . . . . .	Text   	 o
??003E . . . . . . . . . . . . .	Byte	 000003F6 _DATA	
??003F . . . . . . . . . . . . .	L Near	 00000217 _TEXT	
??0040 . . . . . . . . . . . . .	L Near	 0000024D _TEXT	
??0041 . . . . . . . . . . . . .	Byte	 00000526 _DATA	
??0042 . . . . . . . . . . . . .	Number	 00000000h   
??0043 . . . . . . . . . . . . .	Byte	 00000529 _DATA	
??0045 . . . . . . . . . . . . .	Byte	 00000658 _DATA	
??0046 . . . . . . . . . . . . .	Byte	 0000052C _DATA	
??0047 . . . . . . . . . . . . .	Text   	 o
??0048 . . . . . . . . . . . . .	Byte	 0000052B _DATA	
??0049 . . . . . . . . . . . . .	L Near	 00000283 _TEXT	
??004A . . . . . . . . . . . . .	L Near	 000002B9 _TEXT	
??004B . . . . . . . . . . . . .	Number	 00000000h   
??004C . . . . . . . . . . . . .	Number	 00000001h   
??004D . . . . . . . . . . . . .	Number	 00000000h   
??004E . . . . . . . . . . . . .	Byte	 0000065B _DATA	
??0056 . . . . . . . . . . . . .	Number	 00000002h   
??0058 . . . . . . . . . . . . .	Byte	 0000065E _DATA	
??0059 . . . . . . . . . . . . .	Number	 00000000h   
??005A . . . . . . . . . . . . .	Byte	 00000661 _DATA	
??005C . . . . . . . . . . . . .	Byte	 00000790 _DATA	
??005D . . . . . . . . . . . . .	Byte	 00000664 _DATA	
??005E . . . . . . . . . . . . .	Text   	 o
??005F . . . . . . . . . . . . .	Byte	 00000663 _DATA	
??0060 . . . . . . . . . . . . .	L Near	 00000327 _TEXT	
??0061 . . . . . . . . . . . . .	L Near	 0000035D _TEXT	
??0062 . . . . . . . . . . . . .	Number	 00000000h   
??0063 . . . . . . . . . . . . .	Number	 00000001h   
??0064 . . . . . . . . . . . . .	Number	 00000000h   
??0065 . . . . . . . . . . . . .	Byte	 00000793 _DATA	
??006D . . . . . . . . . . . . .	Number	 00000002h   
??006F . . . . . . . . . . . . .	Byte	 00000796 _DATA	
??0070 . . . . . . . . . . . . .	Number	 00000000h   
??0071 . . . . . . . . . . . . .	Byte	 00000799 _DATA	
??0073 . . . . . . . . . . . . .	Byte	 000008C8 _DATA	
??0074 . . . . . . . . . . . . .	Byte	 0000079C _DATA	
??0075 . . . . . . . . . . . . .	Text   	 o
??0076 . . . . . . . . . . . . .	Byte	 0000079B _DATA	
??0077 . . . . . . . . . . . . .	L Near	 000003B7 _TEXT	
??0078 . . . . . . . . . . . . .	L Near	 000003ED _TEXT	
??0079 . . . . . . . . . . . . .	Byte	 000008CB _DATA	
??007A . . . . . . . . . . . . .	Number	 00000000h   
??007B . . . . . . . . . . . . .	Byte	 000008CE _DATA	
??007D . . . . . . . . . . . . .	Byte	 000009FD _DATA	
??007E . . . . . . . . . . . . .	Byte	 000008D1 _DATA	
??007F . . . . . . . . . . . . .	Text   	 o
??0080 . . . . . . . . . . . . .	Byte	 000008D0 _DATA	
??0081 . . . . . . . . . . . . .	L Near	 00000430 _TEXT	
??0082 . . . . . . . . . . . . .	L Near	 00000466 _TEXT	
??0083 . . . . . . . . . . . . .	Number	 00000000h   
??0084 . . . . . . . . . . . . .	Number	 00000001h   
??0085 . . . . . . . . . . . . .	Number	 00000000h   
??0086 . . . . . . . . . . . . .	Byte	 00000A00 _DATA	
??008E . . . . . . . . . . . . .	Number	 00000002h   
??0090 . . . . . . . . . . . . .	Byte	 00000A03 _DATA	
??0091 . . . . . . . . . . . . .	Number	 00000000h   
??0092 . . . . . . . . . . . . .	Byte	 00000A06 _DATA	
??0094 . . . . . . . . . . . . .	Byte	 00000B35 _DATA	
??0095 . . . . . . . . . . . . .	Byte	 00000A09 _DATA	
??0096 . . . . . . . . . . . . .	Text   	 o
??0097 . . . . . . . . . . . . .	Byte	 00000A08 _DATA	
??0098 . . . . . . . . . . . . .	L Near	 000004C3 _TEXT	
??0099 . . . . . . . . . . . . .	L Near	 000004F9 _TEXT	
??CommonHeapElemSize . . . . . .	DWord	 00000004 _DATA	
??ConsoleMode  . . . . . . . . .	Byte	 00000008 _DATA	
??TotalHeapAllocated . . . . . .	DWord	 00000000 _DATA	
??sTime  . . . . . . . . . . . .	SystemTime  00000009 _DATA	
@CodeSize  . . . . . . . . . . .	Number	 00000000h   
@DOS . . . . . . . . . . . . . .	Text   	 DOS
@DataSize  . . . . . . . . . . .	Number	 00000000h   
@INCHAR  . . . . . . . . . . . .	Text   	 @inchar
@ININTLN . . . . . . . . . . . .	Text   	 @inintln
@ININT . . . . . . . . . . . . .	Text   	 @inint
@InChar  . . . . . . . . . . . .	Text   	 @inchar
@InInt . . . . . . . . . . . . .	Text   	 @inint
@Inchar  . . . . . . . . . . . .	Text   	 @inchar
@InintLn . . . . . . . . . . . .	Text   	 @inintln
@Inintln . . . . . . . . . . . .	Text   	 @inintln
@Inint . . . . . . . . . . . . .	Text   	 @inint
@Interface . . . . . . . . . . .	Number	 00000003h   
@Model . . . . . . . . . . . . .	Number	 00000007h   
@READKEY . . . . . . . . . . . .	Text   	 @readkey
@ReadKey . . . . . . . . . . . .	Text   	 @readkey
@code  . . . . . . . . . . . . .	Text   	 _TEXT
@data  . . . . . . . . . . . . .	Text   	 FLAT
@dos . . . . . . . . . . . . . .	Text   	 DOS
@fardata?  . . . . . . . . . . .	Text   	 FLAT
@fardata . . . . . . . . . . . .	Text   	 FLAT
@random  . . . . . . . . . . . .	Text   	 @Random
@stack . . . . . . . . . . . . .	Text   	 FLAT
AllocConsole@0 . . . . . . . . .	L Near	 00000000 FLAT	External STDCALL
Black  . . . . . . . . . . . . .	Number	 00000000h   
Blue . . . . . . . . . . . . . .	Number	 00000001h   
Bright . . . . . . . . . . . . .	Number	 00000008h   
Brown  . . . . . . . . . . . . .	Number	 00000006h   
CLRSCR . . . . . . . . . . . . .	Text   	 ClrScr
CREATE_ALWAYS  . . . . . . . . .	Number	 00000002h   
CREATE_NEW . . . . . . . . . . .	Number	 00000001h   
CharToOem  . . . . . . . . . . .	Text   	 CharToOemA
Cls  . . . . . . . . . . . . . .	Text   	 ClrScr
CreateFile . . . . . . . . . . .	Text   	 CreateFileA
Cyan . . . . . . . . . . . . . .	Number	 00000003h   
DISPOSE  . . . . . . . . . . . .	Text   	 dispose
DarkGray . . . . . . . . . . . .	Number	 00000008h   
Dispose  . . . . . . . . . . . .	Text   	 dispose
EXIT . . . . . . . . . . . . . .	Text   	 exit
Exit . . . . . . . . . . . . . .	Text   	 exit
FILE_ATTRIBUTE_ARCHIVE . . . . .	Number	 00000020h   
FILE_ATTRIBUTE_COMPRESSED  . . .	Number	 00000800h   
FILE_ATTRIBUTE_DIRECTORY . . . .	Number	 00000010h   
FILE_ATTRIBUTE_HIDDEN  . . . . .	Number	 00000002h   
FILE_ATTRIBUTE_NORMAL  . . . . .	Number	 00000080h   
FILE_ATTRIBUTE_READONLY  . . . .	Number	 00000001h   
FILE_ATTRIBUTE_SYSTEM  . . . . .	Number	 00000004h   
FILE_ATTRIBUTE_TEMPORARY . . . .	Number	 00000100h   
FLUSH  . . . . . . . . . . . . .	Text   	 flush
Flush  . . . . . . . . . . . . .	Text   	 flush
FreeConsole@0  . . . . . . . . .	L Near	 00000000 FLAT	External STDCALL
GENERIC_ALL  . . . . . . . . . .	Number	 10000000h   
GENERIC_EXECUTE  . . . . . . . .	Number	 20000000h   
GENERIC_READ . . . . . . . . . .	Number	 -80000000h   
GENERIC_WRITE  . . . . . . . . .	Number	 40000000h   
GMEM_FIXED . . . . . . . . . . .	Number	 00000000h   
GMEM_ZEROINIT  . . . . . . . . .	Number	 00000040h   
GOTOXY . . . . . . . . . . . . .	Text   	 gotoXY
GetModuleHandle  . . . . . . . .	Text   	 GetModuleHandleA
GotoXY . . . . . . . . . . . . .	Text   	 gotoXY
Green  . . . . . . . . . . . . .	Number	 00000002h   
IDABORT  . . . . . . . . . . . .	Number	 00000003h   
IDCANCEL . . . . . . . . . . . .	Number	 00000002h   
IDIGNORE . . . . . . . . . . . .	Number	 00000005h   
IDNO . . . . . . . . . . . . . .	Number	 00000007h   
IDOK . . . . . . . . . . . . . .	Number	 00000001h   
IDRETRY  . . . . . . . . . . . .	Number	 00000004h   
IDYES  . . . . . . . . . . . . .	Number	 00000006h   
INCHAR . . . . . . . . . . . . .	Text   	 inchar
ININTLN  . . . . . . . . . . . .	Text   	 inintln
ININT  . . . . . . . . . . . . .	Text   	 inint
INPUTSTR . . . . . . . . . . . .	Text   	 InputStr
InChar . . . . . . . . . . . . .	Text   	 inchar
InInt  . . . . . . . . . . . . .	Text   	 inint
Inchar . . . . . . . . . . . . .	Text   	 inchar
InintLn  . . . . . . . . . . . .	Text   	 inintln
Inintln  . . . . . . . . . . . .	Text   	 inintln
Inint  . . . . . . . . . . . . .	Text   	 inint
LANG_NEUTRAL . . . . . . . . . .	Number	 00000000h   
LightBlue  . . . . . . . . . . .	Number	 00000009h   
LightGray  . . . . . . . . . . .	Number	 00000007h   
LightGreen . . . . . . . . . . .	Number	 0000000Ah   
LightMagenta . . . . . . . . . .	Number	 0000000Dh   
LightRed . . . . . . . . . . . .	Number	 0000000Ch   
MB_ABORTRETRYIGNORE  . . . . . .	Number	 00000002h   
MB_CANCELTRYCONTINUE . . . . . .	Number	 00000006h   
MB_DEFBUTTON1  . . . . . . . . .	Number	 00000000h   
MB_DEFBUTTON2  . . . . . . . . .	Number	 00000100h   
MB_DEFBUTTON3  . . . . . . . . .	Number	 00000200h   
MB_DEFBUTTON4  . . . . . . . . .	Number	 00000300h   
MB_HELP  . . . . . . . . . . . .	Number	 00004000h   
MB_ICONASTERISK  . . . . . . . .	Number	 00000040h   
MB_ICONEXCLAMATION . . . . . . .	Number	 00000030h   
MB_ICONHAND  . . . . . . . . . .	Number	 00000008h   
MB_ICONQUESTION  . . . . . . . .	Number	 00000020h   
MB_ICONSTOP  . . . . . . . . . .	Number	 00000010h   
MB_OKCANCEL  . . . . . . . . . .	Number	 00000001h   
MB_OK  . . . . . . . . . . . . .	Number	 00000000h   
MB_RETRYCANCEL . . . . . . . . .	Number	 00000005h   
MB_RIGHT . . . . . . . . . . . .	Number	 00080000h   
MB_SYSTEMMODAL . . . . . . . . .	Number	 00001000h   
MB_USERICON  . . . . . . . . . .	Number	 00000080h   
MB_YESNOCANCEL . . . . . . . . .	Number	 00000003h   
MB_YESNO . . . . . . . . . . . .	Number	 00000004h   
MSGBOX . . . . . . . . . . . . .	Text   	 MsgBox
Magenta  . . . . . . . . . . . .	Number	 00000005h   
MessageBoxIndirect . . . . . . .	Text   	 MessageBoxIndirectA
MessageBox . . . . . . . . . . .	Text   	 MessageBoxA
NEWLINE  . . . . . . . . . . . .	Text   	 newline
NEW  . . . . . . . . . . . . . .	Text   	 new
NULL . . . . . . . . . . . . . .	Number	 00000000h   
NewLine  . . . . . . . . . . . .	Text   	 newline
Newline  . . . . . . . . . . . .	Text   	 newline
New  . . . . . . . . . . . . . .	Text   	 new
OPEN_ALWAYS  . . . . . . . . . .	Number	 00000004h   
OPEN_EXISTING  . . . . . . . . .	Number	 00000003h   
OUTCHARLN  . . . . . . . . . . .	Text   	 outcharln
OUTCHAR  . . . . . . . . . . . .	Text   	 outchar
OUTCH  . . . . . . . . . . . . .	Text   	 outchar
OUTCLN . . . . . . . . . . . . .	Text   	 outcharln
OUTDATELN  . . . . . . . . . . .	Text   	 outdateln
OUTDATE  . . . . . . . . . . . .	Text   	 outdate
OUTINTLN . . . . . . . . . . . .	Text   	 outintln
OUTINT . . . . . . . . . . . . .	Text   	 outint
OUTI . . . . . . . . . . . . . .	Text   	 outint
OUTSTRLN . . . . . . . . . . . .	Text   	 outstrln
OUTSTR . . . . . . . . . . . . .	Text   	 outstr
OUTTIMELN  . . . . . . . . . . .	Text   	 outtimeln
OUTTIME  . . . . . . . . . . . .	Text   	 outtime
OUTU . . . . . . . . . . . . . .	Text   	 outword
OUTWORDLN  . . . . . . . . . . .	Text   	 outwordln
OUTWORD  . . . . . . . . . . . .	Text   	 outword
OutCharLn  . . . . . . . . . . .	Text   	 outcharln
OutCharln  . . . . . . . . . . .	Text   	 outcharln
OutChar  . . . . . . . . . . . .	Text   	 outchar
OutDateLn  . . . . . . . . . . .	Text   	 outdateln
OutDateln  . . . . . . . . . . .	Text   	 outdateln
OutDate  . . . . . . . . . . . .	Text   	 outdate
OutILn . . . . . . . . . . . . .	Text   	 outintln
OutIln . . . . . . . . . . . . .	Text   	 outintln
OutIntLn . . . . . . . . . . . .	Text   	 outintln
OutInt . . . . . . . . . . . . .	Text   	 outint
OutI . . . . . . . . . . . . . .	Text   	 outint
OutNumLn . . . . . . . . . . . .	Text   	 outnumln
OutNumln . . . . . . . . . . . .	Text   	 outnumln
OutNum . . . . . . . . . . . . .	Text   	 outnum
OutStrLn . . . . . . . . . . . .	Text   	 outstrln
OutStr . . . . . . . . . . . . .	Text   	 outstr
OutTimeLn  . . . . . . . . . . .	Text   	 outtimeln
OutTimeln  . . . . . . . . . . .	Text   	 outtimeln
OutTime  . . . . . . . . . . . .	Text   	 outtime
OutULn . . . . . . . . . . . . .	Text   	 outwordln
OutUln . . . . . . . . . . . . .	Text   	 outwordln
OutUnsignedLn  . . . . . . . . .	Text   	 outwordln
OutUnsignedln  . . . . . . . . .	Text   	 outwordln
OutUnsigned  . . . . . . . . . .	Text   	 outword
OutU . . . . . . . . . . . . . .	Text   	 outword
OutWordLn  . . . . . . . . . . .	Text   	 outwordln
OutWord  . . . . . . . . . . . .	Text   	 outword
OutintLn . . . . . . . . . . . .	Text   	 outintln
Outintln . . . . . . . . . . . .	Text   	 outintln
Outint . . . . . . . . . . . . .	Text   	 outint
OutstrLn . . . . . . . . . . . .	Text   	 outstrln
OutwordLn  . . . . . . . . . . .	Text   	 outwordln
Outword  . . . . . . . . . . . .	Text   	 outword
PAGE_EXECUTE_READWRITE . . . . .	Number	 00000040h   
PAGE_EXECUTE_READ  . . . . . . .	Number	 00000020h   
PAGE_EXECUTE_WRITECOPY . . . . .	Number	 00000080h   
PAGE_EXECUTE . . . . . . . . . .	Number	 00000010h   
PAGE_NOACCESS  . . . . . . . . .	Number	 00000001h   
PAGE_READONLY  . . . . . . . . .	Number	 00000002h   
PAGE_READWRITE . . . . . . . . .	Number	 00000004h   
PAGE_WRITECOPY . . . . . . . . .	Number	 00000008h   
PAUSE  . . . . . . . . . . . . .	Text   	 pause
Pause  . . . . . . . . . . . . .	Text   	 pause
READKEY  . . . . . . . . . . . .	Text   	 readkey
ReadKey  . . . . . . . . . . . .	Text   	 readkey
Red  . . . . . . . . . . . . . .	Number	 00000004h   
R  . . . . . . . . . . . . . . .	TR	 0000004A _DATA	
STD_ERROR_HANDLE . . . . . . . .	Number	 -0000000Ch   
STD_INPUT_HANDLE . . . . . . . .	Number	 -0000000Ah   
STD_OUTPUT_HANDLE  . . . . . . .	Number	 -0000000Bh   
SetConsoleTitle  . . . . . . . .	Text   	 SetConsoleTitleA
Start  . . . . . . . . . . . . .	L Near	 00000088 _TEXT	Public STDCALL
S  . . . . . . . . . . . . . . .	TS	 00000048 _DATA	
TRUNCATE_EXISTING  . . . . . . .	Number	 00000005h   
T  . . . . . . . . . . . . . . .	Byte	 00000019 _DATA	
URLDownloadToFile  . . . . . . .	Text   	 URLDownloadToFileA
White  . . . . . . . . . . . . .	Number	 0000000Fh   
Yellow . . . . . . . . . . . . .	Number	 0000000Eh   
_imp___exit  . . . . . . . . . .	DWord	 00000000 FLAT	External STDCALL
_imp__printf . . . . . . . . . .	DWord	 00000000 FLAT	External STDCALL
_imp__sprintf  . . . . . . . . .	DWord	 00000000 FLAT	External STDCALL
black  . . . . . . . . . . . . .	Number	 00000000h   
blue . . . . . . . . . . . . . .	Number	 00000001h   
bright . . . . . . . . . . . . .	Number	 00000008h   
brown  . . . . . . . . . . . . .	Number	 00000006h   
clrscr . . . . . . . . . . . . .	Text   	 ClrScr
crt__exit  . . . . . . . . . . .	Text   	 _imp___exit
crt_printf . . . . . . . . . . .	Text   	 _imp__printf
crt_sprintf  . . . . . . . . . .	Text   	 _imp__sprintf
cyan . . . . . . . . . . . . . .	Number	 00000003h   
darkgray . . . . . . . . . . . .	Number	 00000008h   
dos  . . . . . . . . . . . . . .	Text   	 DOS
downloadfile . . . . . . . . . .	Text   	 DownloadFile
gotoxy . . . . . . . . . . . . .	Text   	 gotoXY
green  . . . . . . . . . . . . .	Number	 00000002h   
heapblocksize  . . . . . . . . .	Text   	 HeapBlockSize
inint_proc@0 . . . . . . . . . .	L Near	 00000000 FLAT	External STDCALL
inputstr . . . . . . . . . . . .	Text   	 InputStr
lightblue  . . . . . . . . . . .	Number	 00000009h   
lightgray  . . . . . . . . . . .	Number	 00000007h   
lightgreen . . . . . . . . . . .	Number	 0000000Ah   
lightmagenta . . . . . . . . . .	Number	 0000000Dh   
lightred . . . . . . . . . . . .	Number	 0000000Ch   
magenta  . . . . . . . . . . . .	Number	 00000005h   
msgbox . . . . . . . . . . . . .	Text   	 MsgBox
nil  . . . . . . . . . . . . . .	DWord 	 00000000h   
outch  . . . . . . . . . . . . .	Text   	 outchar
outintLn . . . . . . . . . . . .	Text   	 outintln
outi . . . . . . . . . . . . . .	Text   	 outint
outu . . . . . . . . . . . . . .	Text   	 outword
outwordLn  . . . . . . . . . . .	Text   	 outwordln
randomize  . . . . . . . . . . .	Text   	 Randomize
red  . . . . . . . . . . . . . .	Number	 00000004h   
settextattr  . . . . . . . . . .	Text   	 SetTextAttr
whereX . . . . . . . . . . . . .	Text   	 WhereX
whereY . . . . . . . . . . . . .	Text   	 WhereY
wherex . . . . . . . . . . . . .	Text   	 WhereX
wherey . . . . . . . . . . . . .	Text   	 WhereY
white  . . . . . . . . . . . . .	Number	 0000000Fh   
yellow . . . . . . . . . . . . .	Number	 0000000Eh   

	   0 Warnings
	   0 Errors
